失败原因：error：详情页内容异常，url：https://www.chictr.org.cn/showproj.html?proj=189281，err：LimitError('详情页内容异常，url：https://www.chictr.org.cn/showproj.html?proj=189281')
2023-05-16 20:33:59 [menet.common_tools ERROR]: 详情页失败：https://www.chictr.org.cn/showproj.html?proj=187263 解析页面失败，代理无效，来源页面：https://www.chictr.org.cn/searchproj.html?page=441&title=&officialname=&subjectid=&regstatus=&regno=&secondaryid=&applier=&studyleader=&createyear=&sponsor=&secsponsor=&sourceofspends=&studyailment=&studyailmentcode=&studytype=&studystage=&studydesign=&recruitmentstatus=&gender=&agreetosign=&measure=&country=&province=&city=&institution=&institutionlevel=&intercode=&ethicalcommitteesanction=&whetherpublic=&minstudyexecutetime=&maxstudyexecutetime=&btngo=btn
失败原因：error：详情页内容异常，url：https://www.chictr.org.cn/showproj.html?proj=187263，err：LimitError('详情页内容异常，url：https://www.chictr.org.cn/showproj.html?proj=187263')
2023-05-16 20:36:28 [menet.common_tools INFO]: 20230516 11:40:30 批次 331 至 341 区间采集结束，共消耗 11534.97763911 秒
2023-05-16 20:36:28 [menet.common_tools INFO]: 开始采集 20230516 11:40:30 批次 451 至 461 区间数据
2023-05-16 20:39:22 [menet.common_tools INFO]: 20230516 11:40:30 批次 341 至 351 区间采集结束，共消耗 11591.06442658 秒
2023-05-16 20:39:22 [menet.common_tools INFO]: 开始采集 20230516 11:40:30 批次 461 至 471 区间数据
2023-05-16 20:46:17 [menet.common_tools ERROR]: 详情页失败：https://www.chictr.org.cn/showproj.html?proj=185042 解析页面失败，代理无效，来源页面：https://www.chictr.org.cn/searchproj.html?page=451&title=&officialname=&subjectid=&regstatus=&regno=&secondaryid=&applier=&studyleader=&createyear=&sponsor=&secsponsor=&sourceofspends=&studyailment=&studyailmentcode=&studytype=&studystage=&studydesign=&recruitmentstatus=&gender=&agreetosign=&measure=&country=&province=&city=&institution=&institutionlevel=&intercode=&ethicalcommitteesanction=&whetherpublic=&minstudyexecutetime=&maxstudyexecutetime=&btngo=btn
失败原因：error：详情页内容异常，url：https://www.chictr.org.cn/showproj.html?proj=185042，err：LimitError('详情页内容异常，url：https://www.chictr.org.cn/showproj.html?proj=185042')
2023-05-16 20:54:02 [menet.common_tools INFO]: 20230516 11:40:30 批次 381 至 391 区间采集结束，共消耗 9547.47571404 秒
2023-05-16 20:54:02 [menet.common_tools INFO]: 开始采集 20230516 11:40:30 批次 471 至 481 区间数据
2023-05-16 21:01:41 [menet.common_tools ERROR]: 详情页失败：https://www.chictr.org.cn/showproj.html?proj=186110 解析页面失败，代理无效，来源页面：https://www.chictr.org.cn/searchproj.html?page=433&title=&officialname=&subjectid=&regstatus=&regno=&secondaryid=&applier=&studyleader=&createyear=&sponsor=&secsponsor=&sourceofspends=&studyailment=&studyailmentcode=&studytype=&studystage=&studydesign=&recruitmentstatus=&gender=&agreetosign=&measure=&country=&province=&city=&institution=&institutionlevel=&intercode=&ethicalcommitteesanction=&whetherpublic=&minstudyexecutetime=&maxstudyexecutetime=&btngo=btn
失败原因：error：，err：TimeoutError()
2023-05-16 21:08:09 [menet.common_tools INFO]: 20230516 11:40:30 批次 371 至 381 区间采集结束，共消耗 10894.27630659 秒
2023-05-16 21:08:09 [menet.common_tools INFO]: 开始采集 20230516 11:40:30 批次 481 至 491 区间数据
2023-05-16 21:08:09 [menet.common_tools ERROR]: 详情页失败：https://www.chictr.org.cn/showproj.html?proj=179111 解析页面失败，代理无效，来源页面：https://www.chictr.org.cn/searchproj.html?page=398&title=&officialname=&subjectid=&regstatus=&regno=&secondaryid=&applier=&studyleader=&createyear=&sponsor=&secsponsor=&sourceofspends=&studyailment=&studyailmentcode=&studytype=&studystage=&studydesign=&recruitmentstatus=&gender=&agreetosign=&measure=&country=&province=&city=&institution=&institutionlevel=&intercode=&ethicalcommitteesanction=&whetherpublic=&minstudyexecutetime=&maxstudyexecutetime=&btngo=btn
失败原因：error：详情页内容异常，url：https://www.chictr.org.cn/showproj.html?proj=179111，err：LimitError('详情页内容异常，url：https://www.chictr.org.cn/showproj.html?proj=179111')
2023-05-16 21:14:18 [menet.common_tools ERROR]: 详情页失败：https://www.chictr.org.cn/showproj.html?proj=186376 解析页面失败，代理无效，来源页面：https://www.chictr.org.cn/searchproj.html?page=425&title=&officialname=&subjectid=&regstatus=&regno=&secondaryid=&applier=&studyleader=&createyear=&sponsor=&secsponsor=&sourceofspends=&studyailment=&studyailmentcode=&studytype=&studystage=&studydesign=&recruitmentstatus=&gender=&agreetosign=&measure=&country=&province=&city=&institution=&institutionlevel=&intercode=&ethicalcommitteesanction=&whetherpublic=&minstudyexecutetime=&maxstudyexecutetime=&btngo=btn
失败原因：error：，err：TimeoutError()
2023-05-16 21:42:35 [menet.common_tools ERROR]: 检索页失败：https://www.chictr.org.cn/searchproj.html?page=435&title=&officialname=&subjectid=&regstatus=&regno=&secondaryid=&applier=&studyleader=&createyear=&sponsor=&secsponsor=&sourceofspends=&studyailment=&studyailmentcode=&studytype=&studystage=&studydesign=&recruitmentstatus=&gender=&agreetosign=&measure=&country=&province=&city=&institution=&institutionlevel=&intercode=&ethicalcommitteesanction=&whetherpublic=&minstudyexecutetime=&maxstudyexecutetime=&btngo=btn 解析检索页失败，代理无效
失败原因：error：滑块解决失败，err：滑块验证后内容异常，err：CaptchaError('滑块解决失败，err：滑块验证后内容异常')
2023-05-16 21:42:35 [menet.common_tools ERROR]: 20230516 11:40:30 批次当前页： https://www.chictr.org.cn/searchproj.html?page=435&title=&officialname=&subjectid=&regstatus=&regno=&secondaryid=&applier=&studyleader=&createyear=&sponsor=&secsponsor=&sourceofspends=&studyailment=&studyailmentcode=&studytype=&studystage=&studydesign=&recruitmentstatus=&gender=&agreetosign=&measure=&country=&province=&city=&institution=&institutionlevel=&intercode=&ethicalcommitteesanction=&whetherpublic=&minstudyexecutetime=&maxstudyexecutetime=&btngo=btn 处理异常，写入失败队列
2023-05-16 21:45:54 [menet.common_tools ERROR]: 详情页失败：https://www.chictr.org.cn/showproj.html?proj=178577 解析页面失败，代理无效，来源页面：https://www.chictr.org.cn/searchproj.html?page=399&title=&officialname=&subjectid=&regstatus=&regno=&secondaryid=&applier=&studyleader=&createyear=&sponsor=&secsponsor=&sourceofspends=&studyailment=&studyailmentcode=&studytype=&studystage=&studydesign=&recruitmentstatus=&gender=&agreetosign=&measure=&country=&province=&city=&institution=&institutionlevel=&intercode=&ethicalcommitteesanction=&whetherpublic=&minstudyexecutetime=&maxstudyexecutetime=&btngo=btn
失败原因：error：，err：TimeoutError()
2023-05-16 21:59:29 [menet.common_tools ERROR]: 详情页失败：https://www.chictr.org.cn/showproj.html?proj=183438 解析页面失败，代理无效，来源页面：https://www.chictr.org.cn/searchproj.html?page=455&title=&officialname=&subjectid=&regstatus=&regno=&secondaryid=&applier=&studyleader=&createyear=&sponsor=&secsponsor=&sourceofspends=&studyailment=&studyailmentcode=&studytype=&studystage=&studydesign=&recruitmentstatus=&gender=&agreetosign=&measure=&country=&province=&city=&institution=&institutionlevel=&intercode=&ethicalcommitteesanction=&whetherpublic=&minstudyexecutetime=&maxstudyexecutetime=&btngo=btn
失败原因：error：Cannot connect to host 222.78.125.167:8888 ssl:default [Connect call failed ('222.78.125.167', 8888)]，err：ClientProxyConnectionError(ConnectionKey(host='222.78.125.167', port=8888, is_ssl=False, ssl=None, proxy=None, proxy_auth=None, proxy_headers_hash=None), ConnectionRefusedError(111, "Connect call failed ('222.78.125.167', 8888)"))
2023-05-16 22:16:15 [menet.common_tools ERROR]: 详情页失败：https://www.chictr.org.cn/showproj.html?proj=187649 解析页面失败，代理无效，来源页面：https://www.chictr.org.cn/searchproj.html?page=409&title=&officialname=&subjectid=&regstatus=&regno=&secondaryid=&applier=&studyleader=&createyear=&sponsor=&secsponsor=&sourceofspends=&studyailment=&studyailmentcode=&studytype=&studystage=&studydesign=&recruitmentstatus=&gender=&agreetosign=&measure=&country=&province=&city=&institution=&institutionlevel=&intercode=&ethicalcommitteesanction=&whetherpublic=&minstudyexecutetime=&maxstudyexecutetime=&btngo=btn
失败原因：error：详情页内容异常，url：https://www.chictr.org.cn/showproj.html?proj=187649，err：LimitError('详情页内容异常，url：https://www.chictr.org.cn/showproj.html?proj=187649')
2023-05-16 22:22:37 [menet.common_tools INFO]: 20230516 11:40:30 批次 391 至 401 区间采集结束，共消耗 12160.35312584 秒
2023-05-16 22:22:37 [menet.common_tools INFO]: 开始采集 20230516 11:40:30 批次 491 至 501 区间数据
2023-05-16 22:30:56 [menet.common_tools INFO]: 20230516 11:40:30 批次 401 至 411 区间采集结束，共消耗 11601.40553033 秒
2023-05-16 22:30:56 [menet.common_tools INFO]: 开始采集 20230516 11:40:30 批次 501 至 511 区间数据
2023-05-16 22:50:23 [menet.common_tools ERROR]: 详情页失败：https://www.chictr.org.cn/showproj.html?proj=186505 解析页面失败，代理无效，来源页面：https://www.chictr.org.cn/searchproj.html?page=492&title=&officialname=&subjectid=&regstatus=&regno=&secondaryid=&applier=&studyleader=&createyear=&sponsor=&secsponsor=&sourceofspends=&studyailment=&studyailmentcode=&studytype=&studystage=&studydesign=&recruitmentstatus=&gender=&agreetosign=&measure=&country=&province=&city=&institution=&institutionlevel=&intercode=&ethicalcommitteesanction=&whetherpublic=&minstudyexecutetime=&maxstudyexecutetime=&btngo=btn
失败原因：error：，err：TimeoutError()
2023-05-16 22:51:16 [menet.common_tools INFO]: 20230516 11:40:30 批次 431 至 441 区间采集结束，共消耗 8958.82291417 秒
2023-05-16 22:51:17 [menet.common_tools INFO]: 开始采集 20230516 11:40:30 批次 511 至 521 区间数据
2023-05-16 22:52:33 [menet.common_tools ERROR]: 详情页失败：https://www.chictr.org.cn/showproj.html?proj=167690 解析页面失败，代理无效，来源页面：https://www.chictr.org.cn/searchproj.html?page=501&title=&officialname=&subjectid=&regstatus=&regno=&secondaryid=&applier=&studyleader=&createyear=&sponsor=&secsponsor=&sourceofspends=&studyailment=&studyailmentcode=&studytype=&studystage=&studydesign=&recruitmentstatus=&gender=&agreetosign=&measure=&country=&province=&city=&institution=&institutionlevel=&intercode=&ethicalcommitteesanction=&whetherpublic=&minstudyexecutetime=&maxstudyexecutetime=&btngo=btn
失败原因：error：，err：TimeoutError()
2023-05-16 22:53:06 [menet.common_tools ERROR]: 详情页失败：https://www.chictr.org.cn/showproj.html?proj=181148 解析页面失败，代理无效，来源页面：https://www.chictr.org.cn/searchproj.html?page=466&title=&officialname=&subjectid=&regstatus=&regno=&secondaryid=&applier=&studyleader=&createyear=&sponsor=&secsponsor=&sourceofspends=&studyailment=&studyailmentcode=&studytype=&studystage=&studydesign=&recruitmentstatus=&gender=&agreetosign=&measure=&country=&province=&city=&institution=&institutionlevel=&intercode=&ethicalcommitteesanction=&whetherpublic=&minstudyexecutetime=&maxstudyexecutetime=&btngo=btn
失败原因：error：详情页内容异常，url：https://www.chictr.org.cn/showproj.html?proj=181148，err：LimitError('详情页内容异常，url：https://www.chictr.org.cn/showproj.html?proj=181148')
2023-05-16 23:01:27 [menet.common_tools ERROR]: 详情页失败：https://www.chictr.org.cn/showproj.html?proj=180898 解析页面失败，代理无效，来源页面：https://www.chictr.org.cn/searchproj.html?page=511&title=&officialname=&subjectid=&regstatus=&regno=&secondaryid=&applier=&studyleader=&createyear=&sponsor=&secsponsor=&sourceofspends=&studyailment=&studyailmentcode=&studytype=&studystage=&studydesign=&recruitmentstatus=&gender=&agreetosign=&measure=&country=&province=&city=&institution=&institutionlevel=&intercode=&ethicalcommitteesanction=&whetherpublic=&minstudyexecutetime=&maxstudyexecutetime=&btngo=btn
失败原因：error：Cannot connect to host www.chictr.org.cn:443 ssl:default [Connection reset by peer]，err：ClientConnectorError(ConnectionKey(host='www.chictr.org.cn', port=443, is_ssl=True, ssl=None, proxy=URL('http://125.112.39.192:8888'), proxy_auth=None, proxy_headers_hash=1866709883220284210), ConnectionResetError(104, 'Connection reset by peer'))
2023-05-16 23:26:36 [menet.common_tools INFO]: 20230516 11:40:30 批次 411 至 421 区间采集结束，共消耗 13875.18672156 秒
2023-05-16 23:26:36 [menet.common_tools INFO]: 开始采集 20230516 11:40:30 批次 521 至 531 区间数据
2023-05-16 23:31:50 [menet.common_tools ERROR]: 详情页失败：https://www.chictr.org.cn/showproj.html?proj=129595 解析页面失败，代理无效，来源页面：https://www.chictr.org.cn/searchproj.html?page=479&title=&officialname=&subjectid=&regstatus=&regno=&secondaryid=&applier=&studyleader=&createyear=&sponsor=&secsponsor=&sourceofspends=&studyailment=&studyailmentcode=&studytype=&studystage=&studydesign=&recruitmentstatus=&gender=&agreetosign=&measure=&country=&province=&city=&institution=&institutionlevel=&intercode=&ethicalcommitteesanction=&whetherpublic=&minstudyexecutetime=&maxstudyexecutetime=&btngo=btn
失败原因：error：详情页内容异常，url：https://www.chictr.org.cn/showproj.html?proj=129595，err：LimitError('详情页内容异常，url：https://www.chictr.org.cn/showproj.html?proj=129595')
2023-05-16 23:35:18 [menet.common_tools INFO]: 20230516 11:40:30 批次 481 至 491 区间采集结束，共消耗 8829.38815362 秒
2023-05-16 23:35:18 [menet.common_tools INFO]: 开始采集 20230516 11:40:30 批次 531 至 541 区间数据
2023-05-16 23:41:50 [menet.common_tools ERROR]: 详情页失败：https://www.chictr.org.cn/showproj.html?proj=126355 解析页面失败，代理无效，来源页面：https://www.chictr.org.cn/searchproj.html?page=459&title=&officialname=&subjectid=&regstatus=&regno=&secondaryid=&applier=&studyleader=&createyear=&sponsor=&secsponsor=&sourceofspends=&studyailment=&studyailmentcode=&studytype=&studystage=&studydesign=&recruitmentstatus=&gender=&agreetosign=&measure=&country=&province=&city=&institution=&institutionlevel=&intercode=&ethicalcommitteesanction=&whetherpublic=&minstudyexecutetime=&maxstudyexecutetime=&btngo=btn
失败原因：error：，err：TimeoutError()
2023-05-16 23:52:31 [menet.common_tools INFO]: 20230516 11:40:30 批次 471 至 481 区间采集结束，共消耗 10709.02119942 秒
2023-05-16 23:52:31 [menet.common_tools INFO]: 开始采集 20230516 11:40:30 批次 541 至 551 区间数据
2023-05-16 23:58:39 [menet.common_tools ERROR]: 详情页失败：https://www.chictr.org.cn/showproj.html?proj=176654 解析页面失败，代理无效，来源页面：https://www.chictr.org.cn/searchproj.html?page=470&title=&officialname=&subjectid=&regstatus=&regno=&secondaryid=&applier=&studyleader=&createyear=&sponsor=&secsponsor=&sourceofspends=&studyailment=&studyailmentcode=&studytype=&studystage=&studydesign=&recruitmentstatus=&gender=&agreetosign=&measure=&country=&province=&city=&institution=&institutionlevel=&intercode=&ethicalcommitteesanction=&whetherpublic=&minstudyexecutetime=&maxstudyexecutetime=&btngo=btn
失败原因：error：详情页内容异常，url：https://www.chictr.org.cn/showproj.html?proj=176654，err：LimitError('详情页内容异常，url：https://www.chictr.org.cn/showproj.html?proj=176654')
2023-05-17 00:03:47 [menet.common_tools INFO]: 20230516 11:40:30 批次 451 至 461 区间采集结束，共消耗 12438.59067366 秒
2023-05-17 00:03:47 [menet.common_tools INFO]: 开始采集 20230516 11:40:30 批次 551 至 561 区间数据
2023-05-17 00:09:26 [menet.common_tools ERROR]: 详情页失败：https://www.chictr.org.cn/showproj.html?proj=183142 解析页面失败，代理无效，来源页面：https://www.chictr.org.cn/searchproj.html?page=541&title=&officialname=&subjectid=&regstatus=&regno=&secondaryid=&applier=&studyleader=&createyear=&sponsor=&secsponsor=&sourceofspends=&studyailment=&studyailmentcode=&studytype=&studystage=&studydesign=&recruitmentstatus=&gender=&agreetosign=&measure=&country=&province=&city=&institution=&institutionlevel=&intercode=&ethicalcommitteesanction=&whetherpublic=&minstudyexecutetime=&maxstudyexecutetime=&btngo=btn
失败原因：error：，err：TimeoutError()
2023-05-17 00:10:29 [menet.common_tools ERROR]: 详情页失败：https://www.chictr.org.cn/showproj.html?proj=181099 解析页面失败，代理无效，来源页面：https://www.chictr.org.cn/searchproj.html?page=532&title=&officialname=&subjectid=&regstatus=&regno=&secondaryid=&applier=&studyleader=&createyear=&sponsor=&secsponsor=&sourceofspends=&studyailment=&studyailmentcode=&studytype=&studystage=&studydesign=&recruitmentstatus=&gender=&agreetosign=&measure=&country=&province=&city=&institution=&institutionlevel=&intercode=&ethicalcommitteesanction=&whetherpublic=&minstudyexecutetime=&maxstudyexecutetime=&btngo=btn
失败原因：error：滑块解决失败，err：Navigation Timeout Exceeded: 30000 ms exceeded.，err：CaptchaError('滑块解决失败，err：Navigation Timeout Exceeded: 30000 ms exceeded.')
2023-05-17 00:11:27 [menet.common_tools INFO]: 20230516 11:40:30 批次 461 至 471 区间采集结束，共消耗 12724.89002503 秒
2023-05-17 00:11:27 [menet.common_tools INFO]: 开始采集 20230516 11:40:30 批次 561 至 571 区间数据
2023-05-17 00:20:52 [menet.common_tools ERROR]: 详情页失败：https://www.chictr.org.cn/showproj.html?proj=171976 解析页面失败，代理无效，来源页面：https://www.chictr.org.cn/searchproj.html?page=505&title=&officialname=&subjectid=&regstatus=&regno=&secondaryid=&applier=&studyleader=&createyear=&sponsor=&secsponsor=&sourceofspends=&studyailment=&studyailmentcode=&studytype=&studystage=&studydesign=&recruitmentstatus=&gender=&agreetosign=&measure=&country=&province=&city=&institution=&institutionlevel=&intercode=&ethicalcommitteesanction=&whetherpublic=&minstudyexecutetime=&maxstudyexecutetime=&btngo=btn
失败原因：error：详情页内容异常，url：https://www.chictr.org.cn/showproj.html?proj=171976，err：LimitError('详情页内容异常，url：https://www.chictr.org.cn/showproj.html?proj=171976')
2023-05-17 00:38:05 [menet.common_tools ERROR]: 详情页失败：https://www.chictr.org.cn/showproj.html?proj=184897 解析页面失败，代理无效，来源页面：https://www.chictr.org.cn/searchproj.html?page=542&title=&officialname=&subjectid=&regstatus=&regno=&secondaryid=&applier=&studyleader=&createyear=&sponsor=&secsponsor=&sourceofspends=&studyailment=&studyailmentcode=&studytype=&studystage=&studydesign=&recruitmentstatus=&gender=&agreetosign=&measure=&country=&province=&city=&institution=&institutionlevel=&intercode=&ethicalcommitteesanction=&whetherpublic=&minstudyexecutetime=&maxstudyexecutetime=&btngo=btn
失败原因：error：滑块解决失败，err：Navigation Timeout Exceeded: 30000 ms exceeded.，err：CaptchaError('滑块解决失败，err：Navigation Timeout Exceeded: 30000 ms exceeded.')
connection unexpectedly closed
Task exception was never retrieved
future: <Task finished name='Task-2580334' coro=<Connection._async_send() done, defined at /usr/local/lib/python3.8/dist-packages/pyppeteer/connection.py:69> exception=InvalidStateError('invalid state')>
Traceback (most recent call last):
  File "/usr/local/lib/python3.8/dist-packages/pyppeteer/connection.py", line 73, in _async_send
    await self.connection.send(msg)
  File "/usr/local/lib/python3.8/dist-packages/websockets/legacy/protocol.py", line 635, in send
    await self.ensure_open()
  File "/usr/local/lib/python3.8/dist-packages/websockets/legacy/protocol.py", line 944, in ensure_open
    raise self.connection_closed_exc()
websockets.exceptions.ConnectionClosedError: no close frame received or sent

During handling of the above exception, another exception occurred:

Traceback (most recent call last):
  File "/usr/local/lib/python3.8/dist-packages/pyppeteer/connection.py", line 79, in _async_send
    await self.dispose()
  File "/usr/local/lib/python3.8/dist-packages/pyppeteer/connection.py", line 170, in dispose
    await self._on_close()
  File "/usr/local/lib/python3.8/dist-packages/pyppeteer/connection.py", line 151, in _on_close
    cb.set_exception(_rewriteError(
asyncio.exceptions.InvalidStateError: invalid state
2023-05-17 00:51:27 [menet.common_tools ERROR]: 详情页失败：https://www.chictr.org.cn/showproj.html?proj=184729 解析页面失败，代理无效，来源页面：https://www.chictr.org.cn/searchproj.html?page=543&title=&officialname=&subjectid=&regstatus=&regno=&secondaryid=&applier=&studyleader=&createyear=&sponsor=&secsponsor=&sourceofspends=&studyailment=&studyailmentcode=&studytype=&studystage=&studydesign=&recruitmentstatus=&gender=&agreetosign=&measure=&country=&province=&city=&institution=&institutionlevel=&intercode=&ethicalcommitteesanction=&whetherpublic=&minstudyexecutetime=&maxstudyexecutetime=&btngo=btn
失败原因：error：详情页内容异常，url：https://www.chictr.org.cn/showproj.html?proj=184729，err：LimitError('详情页内容异常，url：https://www.chictr.org.cn/showproj.html?proj=184729')
2023-05-17 00:53:21 [menet.common_tools ERROR]: 详情页失败：https://www.chictr.org.cn/showproj.html?proj=176302 解析页面失败，代理无效，来源页面：https://www.chictr.org.cn/searchproj.html?page=508&title=&officialname=&subjectid=&regstatus=&regno=&secondaryid=&applier=&studyleader=&createyear=&sponsor=&secsponsor=&sourceofspends=&studyailment=&studyailmentcode=&studytype=&studystage=&studydesign=&recruitmentstatus=&gender=&agreetosign=&measure=&country=&province=&city=&institution=&institutionlevel=&intercode=&ethicalcommitteesanction=&whetherpublic=&minstudyexecutetime=&maxstudyexecutetime=&btngo=btn
失败原因：error：详情页内容异常，url：https://www.chictr.org.cn/showproj.html?proj=176302，err：LimitError('详情页内容异常，url：https://www.chictr.org.cn/showproj.html?proj=176302')
2023-05-17 00:54:35 [menet.common_tools ERROR]: 详情页失败：https://www.chictr.org.cn/showproj.html?proj=186412 解析页面失败，代理无效，来源页面：https://www.chictr.org.cn/searchproj.html?page=526&title=&officialname=&subjectid=&regstatus=&regno=&secondaryid=&applier=&studyleader=&createyear=&sponsor=&secsponsor=&sourceofspends=&studyailment=&studyailmentcode=&studytype=&studystage=&studydesign=&recruitmentstatus=&gender=&agreetosign=&measure=&country=&province=&city=&institution=&institutionlevel=&intercode=&ethicalcommitteesanction=&whetherpublic=&minstudyexecutetime=&maxstudyexecutetime=&btngo=btn
失败原因：error：，err：TimeoutError()
2023-05-17 01:03:35 [menet.common_tools ERROR]: 详情页失败：https://www.chictr.org.cn/showproj.html?proj=183027 解析页面失败，代理无效，来源页面：https://www.chictr.org.cn/searchproj.html?page=526&title=&officialname=&subjectid=&regstatus=&regno=&secondaryid=&applier=&studyleader=&createyear=&sponsor=&secsponsor=&sourceofspends=&studyailment=&studyailmentcode=&studytype=&studystage=&studydesign=&recruitmentstatus=&gender=&agreetosign=&measure=&country=&province=&city=&institution=&institutionlevel=&intercode=&ethicalcommitteesanction=&whetherpublic=&minstudyexecutetime=&maxstudyexecutetime=&btngo=btn
失败原因：error：打开滑块页面报错，err：net::ERR_TIMED_OUT at https://www.chictr.org.cn/showproj.html?proj=183027，err：CaptchaError('打开滑块页面报错，err：net::ERR_TIMED_OUT at https://www.chictr.org.cn/showproj.html?proj=183027')
2023-05-17 01:14:38 [menet.common_tools ERROR]: 详情页失败：https://www.chictr.org.cn/showproj.html?proj=185652 解析页面失败，代理无效，来源页面：https://www.chictr.org.cn/searchproj.html?page=509&title=&officialname=&subjectid=&regstatus=&regno=&secondaryid=&applier=&studyleader=&createyear=&sponsor=&secsponsor=&sourceofspends=&studyailment=&studyailmentcode=&studytype=&studystage=&studydesign=&recruitmentstatus=&gender=&agreetosign=&measure=&country=&province=&city=&institution=&institutionlevel=&intercode=&ethicalcommitteesanction=&whetherpublic=&minstudyexecutetime=&maxstudyexecutetime=&btngo=btn
失败原因：error：，err：TimeoutError()
2023-05-17 01:15:58 [menet.common_tools INFO]: 20230516 11:40:30 批次 491 至 501 区间采集结束，共消耗 10400.36924828 秒
2023-05-17 01:15:58 [menet.common_tools INFO]: 开始采集 20230516 11:40:30 批次 571 至 581 区间数据
2023-05-17 01:26:58 [menet.common_tools ERROR]: 详情页失败：https://www.chictr.org.cn/showproj.html?proj=184069 解析页面失败，代理无效，来源页面：https://www.chictr.org.cn/searchproj.html?page=545&title=&officialname=&subjectid=&regstatus=&regno=&secondaryid=&applier=&studyleader=&createyear=&sponsor=&secsponsor=&sourceofspends=&studyailment=&studyailmentcode=&studytype=&studystage=&studydesign=&recruitmentstatus=&gender=&agreetosign=&measure=&country=&province=&city=&institution=&institutionlevel=&intercode=&ethicalcommitteesanction=&whetherpublic=&minstudyexecutetime=&maxstudyexecutetime=&btngo=btn
失败原因：error：详情页内容异常，url：https://www.chictr.org.cn/showproj.html?proj=184069，err：LimitError('详情页内容异常，url：https://www.chictr.org.cn/showproj.html?proj=184069')
2023-05-17 01:27:51 [menet.common_tools ERROR]: 详情页失败：https://www.chictr.org.cn/showproj.html?proj=180905 解析页面失败，代理无效，来源页面：https://www.chictr.org.cn/searchproj.html?page=510&title=&officialname=&subjectid=&regstatus=&regno=&secondaryid=&applier=&studyleader=&createyear=&sponsor=&secsponsor=&sourceofspends=&studyailment=&studyailmentcode=&studytype=&studystage=&studydesign=&recruitmentstatus=&gender=&agreetosign=&measure=&country=&province=&city=&institution=&institutionlevel=&intercode=&ethicalcommitteesanction=&whetherpublic=&minstudyexecutetime=&maxstudyexecutetime=&btngo=btn
失败原因：error：打开滑块页面报错，err：net::ERR_TIMED_OUT at https://www.chictr.org.cn/showproj.html?proj=180905，err：CaptchaError('打开滑块页面报错，err：net::ERR_TIMED_OUT at https://www.chictr.org.cn/showproj.html?proj=180905')
2023-05-17 01:28:56 [menet.common_tools ERROR]: 详情页失败：https://www.chictr.org.cn/showproj.html?proj=174021 解析页面失败，代理无效，来源页面：https://www.chictr.org.cn/searchproj.html?page=565&title=&officialname=&subjectid=&regstatus=&regno=&secondaryid=&applier=&studyleader=&createyear=&sponsor=&secsponsor=&sourceofspends=&studyailment=&studyailmentcode=&studytype=&studystage=&studydesign=&recruitmentstatus=&gender=&agreetosign=&measure=&country=&province=&city=&institution=&institutionlevel=&intercode=&ethicalcommitteesanction=&whetherpublic=&minstudyexecutetime=&maxstudyexecutetime=&btngo=btn
失败原因：error：详情页内容异常，url：https://www.chictr.org.cn/showproj.html?proj=174021，err：LimitError('详情页内容异常，url：https://www.chictr.org.cn/showproj.html?proj=174021')
2023-05-17 01:42:56 [menet.common_tools INFO]: 20230516 11:40:30 批次 511 至 521 区间采集结束，共消耗 10299.88103367 秒
2023-05-17 01:42:56 [menet.common_tools INFO]: 开始采集 20230516 11:40:30 批次 581 至 591 区间数据
2023-05-17 01:51:54 [menet.common_tools ERROR]: 详情页失败：https://www.chictr.org.cn/showproj.html?proj=185017 解析页面失败，代理无效，来源页面：https://www.chictr.org.cn/searchproj.html?page=539&title=&officialname=&subjectid=&regstatus=&regno=&secondaryid=&applier=&studyleader=&createyear=&sponsor=&secsponsor=&sourceofspends=&studyailment=&studyailmentcode=&studytype=&studystage=&studydesign=&recruitmentstatus=&gender=&agreetosign=&measure=&country=&province=&city=&institution=&institutionlevel=&intercode=&ethicalcommitteesanction=&whetherpublic=&minstudyexecutetime=&maxstudyexecutetime=&btngo=btn
失败原因：error：滑块解决失败，err：滑块验证后内容异常，err：CaptchaError('滑块解决失败，err：滑块验证后内容异常')
2023-05-17 01:52:23 [menet.common_tools INFO]: 20230516 11:40:30 批次 501 至 511 区间采集结束，共消耗 12087.06587052 秒
2023-05-17 01:52:23 [menet.common_tools INFO]: 开始采集 20230516 11:40:30 批次 591 至 601 区间数据
2023-05-17 02:03:23 [menet.common_tools ERROR]: 详情页失败：https://www.chictr.org.cn/showproj.html?proj=183094 解析页面失败，代理无效，来源页面：https://www.chictr.org.cn/searchproj.html?page=568&title=&officialname=&subjectid=&regstatus=&regno=&secondaryid=&applier=&studyleader=&createyear=&sponsor=&secsponsor=&sourceofspends=&studyailment=&studyailmentcode=&studytype=&studystage=&studydesign=&recruitmentstatus=&gender=&agreetosign=&measure=&country=&province=&city=&institution=&institutionlevel=&intercode=&ethicalcommitteesanction=&whetherpublic=&minstudyexecutetime=&maxstudyexecutetime=&btngo=btn
失败原因：error：，err：TimeoutError()
2023-05-17 02:04:33 [menet.common_tools ERROR]: 详情页失败：https://www.chictr.org.cn/showproj.html?proj=185406 解析页面失败，代理无效，来源页面：https://www.chictr.org.cn/searchproj.html?page=581&title=&officialname=&subjectid=&regstatus=&regno=&secondaryid=&applier=&studyleader=&createyear=&sponsor=&secsponsor=&sourceofspends=&studyailment=&studyailmentcode=&studytype=&studystage=&studydesign=&recruitmentstatus=&gender=&agreetosign=&measure=&country=&province=&city=&institution=&institutionlevel=&intercode=&ethicalcommitteesanction=&whetherpublic=&minstudyexecutetime=&maxstudyexecutetime=&btngo=btn
失败原因：error：，err：TimeoutError()
2023-05-17 02:04:45 [menet.common_tools ERROR]: 详情页失败：https://www.chictr.org.cn/showproj.html?proj=176735 解析页面失败，代理无效，来源页面：https://www.chictr.org.cn/searchproj.html?page=591&title=&officialname=&subjectid=&regstatus=&regno=&secondaryid=&applier=&studyleader=&createyear=&sponsor=&secsponsor=&sourceofspends=&studyailment=&studyailmentcode=&studytype=&studystage=&studydesign=&recruitmentstatus=&gender=&agreetosign=&measure=&country=&province=&city=&institution=&institutionlevel=&intercode=&ethicalcommitteesanction=&whetherpublic=&minstudyexecutetime=&maxstudyexecutetime=&btngo=btn
失败原因：error：，err：TimeoutError()
2023-05-17 02:05:21 [menet.common_tools ERROR]: 详情页失败：https://www.chictr.org.cn/showproj.html?proj=186197 解析页面失败，代理无效，来源页面：https://www.chictr.org.cn/searchproj.html?page=529&title=&officialname=&subjectid=&regstatus=&regno=&secondaryid=&applier=&studyleader=&createyear=&sponsor=&secsponsor=&sourceofspends=&studyailment=&studyailmentcode=&studytype=&studystage=&studydesign=&recruitmentstatus=&gender=&agreetosign=&measure=&country=&province=&city=&institution=&institutionlevel=&intercode=&ethicalcommitteesanction=&whetherpublic=&minstudyexecutetime=&maxstudyexecutetime=&btngo=btn
失败原因：error：详情页内容异常，url：https://www.chictr.org.cn/showproj.html?proj=186197，err：LimitError('详情页内容异常，url：https://www.chictr.org.cn/showproj.html?proj=186197')
2023-05-17 02:05:39 [menet.common_tools ERROR]: 详情页失败：https://www.chictr.org.cn/showproj.html?proj=185075 解析页面失败，代理无效，来源页面：https://www.chictr.org.cn/searchproj.html?page=574&title=&officialname=&subjectid=&regstatus=&regno=&secondaryid=&applier=&studyleader=&createyear=&sponsor=&secsponsor=&sourceofspends=&studyailment=&studyailmentcode=&studytype=&studystage=&studydesign=&recruitmentstatus=&gender=&agreetosign=&measure=&country=&province=&city=&institution=&institutionlevel=&intercode=&ethicalcommitteesanction=&whetherpublic=&minstudyexecutetime=&maxstudyexecutetime=&btngo=btn
失败原因：error：，err：TimeoutError()
2023-05-17 02:05:39 [menet.common_tools ERROR]: 检索页失败：https://www.chictr.org.cn/searchproj.html?page=540&title=&officialname=&subjectid=&regstatus=&regno=&secondaryid=&applier=&studyleader=&createyear=&sponsor=&secsponsor=&sourceofspends=&studyailment=&studyailmentcode=&studytype=&studystage=&studydesign=&recruitmentstatus=&gender=&agreetosign=&measure=&country=&province=&city=&institution=&institutionlevel=&intercode=&ethicalcommitteesanction=&whetherpublic=&minstudyexecutetime=&maxstudyexecutetime=&btngo=btn 解析检索页失败，代理无效
失败原因：error：Cannot connect to host 49.81.234.206:8888 ssl:default [Connect call failed ('49.81.234.206', 8888)]，err：ClientProxyConnectionError(ConnectionKey(host='49.81.234.206', port=8888, is_ssl=False, ssl=None, proxy=None, proxy_auth=None, proxy_headers_hash=None), ConnectionRefusedError(111, "Connect call failed ('49.81.234.206', 8888)"))
2023-05-17 02:05:39 [menet.common_tools ERROR]: 20230516 11:40:30 批次当前页： https://www.chictr.org.cn/searchproj.html?page=540&title=&officialname=&subjectid=&regstatus=&regno=&secondaryid=&applier=&studyleader=&createyear=&sponsor=&secsponsor=&sourceofspends=&studyailment=&studyailmentcode=&studytype=&studystage=&studydesign=&recruitmentstatus=&gender=&agreetosign=&measure=&country=&province=&city=&institution=&institutionlevel=&intercode=&ethicalcommitteesanction=&whetherpublic=&minstudyexecutetime=&maxstudyexecutetime=&btngo=btn 处理异常，写入失败队列
2023-05-17 02:05:39 [menet.common_tools INFO]: 20230516 11:40:30 批次 531 至 541 区间采集结束，共消耗 9020.33004327 秒
2023-05-17 02:05:39 [menet.common_tools INFO]: 开始采集 20230516 11:40:30 批次 601 至 611 区间数据
2023-05-17 02:13:09 [menet.common_tools ERROR]: 详情页失败：https://www.chictr.org.cn/showproj.html?proj=184636 解析页面失败，代理无效，来源页面：https://www.chictr.org.cn/searchproj.html?page=601&title=&officialname=&subjectid=&regstatus=&regno=&secondaryid=&applier=&studyleader=&createyear=&sponsor=&secsponsor=&sourceofspends=&studyailment=&studyailmentcode=&studytype=&studystage=&studydesign=&recruitmentstatus=&gender=&agreetosign=&measure=&country=&province=&city=&institution=&institutionlevel=&intercode=&ethicalcommitteesanction=&whetherpublic=&minstudyexecutetime=&maxstudyexecutetime=&btngo=btn
失败原因：error：详情页内容异常，url：https://www.chictr.org.cn/showproj.html?proj=184636，err：LimitError('详情页内容异常，url：https://www.chictr.org.cn/showproj.html?proj=184636')
2023-05-17 02:20:44 [menet.common_tools ERROR]: 检索页失败：https://www.chictr.org.cn/searchproj.html?page=548&title=&officialname=&subjectid=&regstatus=&regno=&secondaryid=&applier=&studyleader=&createyear=&sponsor=&secsponsor=&sourceofspends=&studyailment=&studyailmentcode=&studytype=&studystage=&studydesign=&recruitmentstatus=&gender=&agreetosign=&measure=&country=&province=&city=&institution=&institutionlevel=&intercode=&ethicalcommitteesanction=&whetherpublic=&minstudyexecutetime=&maxstudyexecutetime=&btngo=btn 解析检索页失败，代理无效
失败原因：error：Cannot connect to host 60.182.197.22:8888 ssl:default [Connect call failed ('60.182.197.22', 8888)]，err：ClientProxyConnectionError(ConnectionKey(host='60.182.197.22', port=8888, is_ssl=False, ssl=None, proxy=None, proxy_auth=None, proxy_headers_hash=None), ConnectionRefusedError(111, "Connect call failed ('60.182.197.22', 8888)"))
2023-05-17 02:20:44 [menet.common_tools ERROR]: 20230516 11:40:30 批次当前页： https://www.chictr.org.cn/searchproj.html?page=548&title=&officialname=&subjectid=&regstatus=&regno=&secondaryid=&applier=&studyleader=&createyear=&sponsor=&secsponsor=&sourceofspends=&studyailment=&studyailmentcode=&studytype=&studystage=&studydesign=&recruitmentstatus=&gender=&agreetosign=&measure=&country=&province=&city=&institution=&institutionlevel=&intercode=&ethicalcommitteesanction=&whetherpublic=&minstudyexecutetime=&maxstudyexecutetime=&btngo=btn 处理异常，写入失败队列
2023-05-17 02:22:33 [menet.common_tools ERROR]: 详情页失败：https://www.chictr.org.cn/showproj.html?proj=178860 解析页面失败，代理无效，来源页面：https://www.chictr.org.cn/searchproj.html?page=574&title=&officialname=&subjectid=&regstatus=&regno=&secondaryid=&applier=&studyleader=&createyear=&sponsor=&secsponsor=&sourceofspends=&studyailment=&studyailmentcode=&studytype=&studystage=&studydesign=&recruitmentstatus=&gender=&agreetosign=&measure=&country=&province=&city=&institution=&institutionlevel=&intercode=&ethicalcommitteesanction=&whetherpublic=&minstudyexecutetime=&maxstudyexecutetime=&btngo=btn
失败原因：error：详情页内容异常，url：https://www.chictr.org.cn/showproj.html?proj=178860，err：LimitError('详情页内容异常，url：https://www.chictr.org.cn/showproj.html?proj=178860')
2023-05-17 02:36:07 [menet.common_tools INFO]: 20230516 11:40:30 批次 521 至 531 区间采集结束，共消耗 11371.29282900 秒
2023-05-17 02:36:07 [menet.common_tools INFO]: 开始采集 20230516 11:40:30 批次 611 至 621 区间数据
2023-05-17 02:47:37 [menet.common_tools ERROR]: 详情页失败：https://www.chictr.org.cn/showproj.html?proj=176496 解析页面失败，代理无效，来源页面：https://www.chictr.org.cn/searchproj.html?page=560&title=&officialname=&subjectid=&regstatus=&regno=&secondaryid=&applier=&studyleader=&createyear=&sponsor=&secsponsor=&sourceofspends=&studyailment=&studyailmentcode=&studytype=&studystage=&studydesign=&recruitmentstatus=&gender=&agreetosign=&measure=&country=&province=&city=&institution=&institutionlevel=&intercode=&ethicalcommitteesanction=&whetherpublic=&minstudyexecutetime=&maxstudyexecutetime=&btngo=btn
失败原因：error：详情页内容异常，url：https://www.chictr.org.cn/showproj.html?proj=176496，err：LimitError('详情页内容异常，url：https://www.chictr.org.cn/showproj.html?proj=176496')
2023-05-17 02:48:31 [menet.common_tools INFO]: 20230516 11:40:30 批次 561 至 571 区间采集结束，共消耗 9424.34179159 秒
2023-05-17 02:48:31 [menet.common_tools INFO]: 开始采集 20230516 11:40:30 批次 621 至 631 区间数据
2023-05-17 02:49:05 [menet.common_tools INFO]: 20230516 11:40:30 批次 541 至 551 区间采集结束，共消耗 10594.31070764 秒
2023-05-17 02:49:05 [menet.common_tools INFO]: 开始采集 20230516 11:40:30 批次 631 至 641 区间数据
2023-05-17 02:58:00 [menet.common_tools INFO]: 20230516 11:40:30 批次 551 至 561 区间采集结束，共消耗 10453.01241615 秒
2023-05-17 02:58:00 [menet.common_tools INFO]: 开始采集 20230516 11:40:30 批次 641 至 651 区间数据
2023-05-17 03:03:54 [menet.common_tools ERROR]: 详情页失败：https://www.chictr.org.cn/showproj.html?proj=184136 解析页面失败，代理无效，来源页面：https://www.chictr.org.cn/searchproj.html?page=594&title=&officialname=&subjectid=&regstatus=&regno=&secondaryid=&applier=&studyleader=&createyear=&sponsor=&secsponsor=&sourceofspends=&studyailment=&studyailmentcode=&studytype=&studystage=&studydesign=&recruitmentstatus=&gender=&agreetosign=&measure=&country=&province=&city=&institution=&institutionlevel=&intercode=&ethicalcommitteesanction=&whetherpublic=&minstudyexecutetime=&maxstudyexecutetime=&btngo=btn
失败原因：error：详情页内容异常，url：https://www.chictr.org.cn/showproj.html?proj=184136，err：LimitError('详情页内容异常，url：https://www.chictr.org.cn/showproj.html?proj=184136')
2023-05-17 03:06:06 [menet.common_tools ERROR]: 详情页失败：https://www.chictr.org.cn/showproj.html?proj=184702 解析页面失败，代理无效，来源页面：https://www.chictr.org.cn/searchproj.html?page=603&title=&officialname=&subjectid=&regstatus=&regno=&secondaryid=&applier=&studyleader=&createyear=&sponsor=&secsponsor=&sourceofspends=&studyailment=&studyailmentcode=&studytype=&studystage=&studydesign=&recruitmentstatus=&gender=&agreetosign=&measure=&country=&province=&city=&institution=&institutionlevel=&intercode=&ethicalcommitteesanction=&whetherpublic=&minstudyexecutetime=&maxstudyexecutetime=&btngo=btn
失败原因：error：详情页内容异常，url：https://www.chictr.org.cn/showproj.html?proj=184702，err：LimitError('详情页内容异常，url：https://www.chictr.org.cn/showproj.html?proj=184702')
2023-05-17 03:08:11 [menet.common_tools ERROR]: 详情页失败：https://www.chictr.org.cn/showproj.html?proj=183743 解析页面失败，代理无效，来源页面：https://www.chictr.org.cn/searchproj.html?page=594&title=&officialname=&subjectid=&regstatus=&regno=&secondaryid=&applier=&studyleader=&createyear=&sponsor=&secsponsor=&sourceofspends=&studyailment=&studyailmentcode=&studytype=&studystage=&studydesign=&recruitmentstatus=&gender=&agreetosign=&measure=&country=&province=&city=&institution=&institutionlevel=&intercode=&ethicalcommitteesanction=&whetherpublic=&minstudyexecutetime=&maxstudyexecutetime=&btngo=btn
失败原因：error：详情页内容异常，url：https://www.chictr.org.cn/showproj.html?proj=183743，err：LimitError('详情页内容异常，url：https://www.chictr.org.cn/showproj.html?proj=183743')
2023-05-17 03:19:32 [menet.common_tools ERROR]: 详情页失败：https://www.chictr.org.cn/showproj.html?proj=173123 解析页面失败，代理无效，来源页面：https://www.chictr.org.cn/searchproj.html?page=585&title=&officialname=&subjectid=&regstatus=&regno=&secondaryid=&applier=&studyleader=&createyear=&sponsor=&secsponsor=&sourceofspends=&studyailment=&studyailmentcode=&studytype=&studystage=&studydesign=&recruitmentstatus=&gender=&agreetosign=&measure=&country=&province=&city=&institution=&institutionlevel=&intercode=&ethicalcommitteesanction=&whetherpublic=&minstudyexecutetime=&maxstudyexecutetime=&btngo=btn
失败原因：error：详情页内容异常，url：https://www.chictr.org.cn/showproj.html?proj=173123，err：LimitError('详情页内容异常，url：https://www.chictr.org.cn/showproj.html?proj=173123')
2023-05-17 03:25:22 [menet.common_tools ERROR]: 详情页失败：https://www.chictr.org.cn/showproj.html?proj=176455 解析页面失败，代理无效，来源页面：https://www.chictr.org.cn/searchproj.html?page=579&title=&officialname=&subjectid=&regstatus=&regno=&secondaryid=&applier=&studyleader=&createyear=&sponsor=&secsponsor=&sourceofspends=&studyailment=&studyailmentcode=&studytype=&studystage=&studydesign=&recruitmentstatus=&gender=&agreetosign=&measure=&country=&province=&city=&institution=&institutionlevel=&intercode=&ethicalcommitteesanction=&whetherpublic=&minstudyexecutetime=&maxstudyexecutetime=&btngo=btn
失败原因：error：详情页内容异常，url：https://www.chictr.org.cn/showproj.html?proj=176455，err：LimitError('详情页内容异常，url：https://www.chictr.org.cn/showproj.html?proj=176455')
2023-05-17 03:25:29 [menet.common_tools ERROR]: 详情页失败：https://www.chictr.org.cn/showproj.html?proj=176293 解析页面失败，代理无效，来源页面：https://www.chictr.org.cn/searchproj.html?page=642&title=&officialname=&subjectid=&regstatus=&regno=&secondaryid=&applier=&studyleader=&createyear=&sponsor=&secsponsor=&sourceofspends=&studyailment=&studyailmentcode=&studytype=&studystage=&studydesign=&recruitmentstatus=&gender=&agreetosign=&measure=&country=&province=&city=&institution=&institutionlevel=&intercode=&ethicalcommitteesanction=&whetherpublic=&minstudyexecutetime=&maxstudyexecutetime=&btngo=btn
失败原因：error：详情页内容异常，url：https://www.chictr.org.cn/showproj.html?proj=176293，err：LimitError('详情页内容异常，url：https://www.chictr.org.cn/showproj.html?proj=176293')
2023-05-17 03:35:53 [menet.common_tools ERROR]: 详情页失败：https://www.chictr.org.cn/showproj.html?proj=182718 解析页面失败，代理无效，来源页面：https://www.chictr.org.cn/searchproj.html?page=595&title=&officialname=&subjectid=&regstatus=&regno=&secondaryid=&applier=&studyleader=&createyear=&sponsor=&secsponsor=&sourceofspends=&studyailment=&studyailmentcode=&studytype=&studystage=&studydesign=&recruitmentstatus=&gender=&agreetosign=&measure=&country=&province=&city=&institution=&institutionlevel=&intercode=&ethicalcommitteesanction=&whetherpublic=&minstudyexecutetime=&maxstudyexecutetime=&btngo=btn
失败原因：error：，err：TimeoutError()
2023-05-17 03:37:39 [menet.common_tools ERROR]: 详情页失败：https://www.chictr.org.cn/showproj.html?proj=166337 解析页面失败，代理无效，来源页面：https://www.chictr.org.cn/searchproj.html?page=643&title=&officialname=&subjectid=&regstatus=&regno=&secondaryid=&applier=&studyleader=&createyear=&sponsor=&secsponsor=&sourceofspends=&studyailment=&studyailmentcode=&studytype=&studystage=&studydesign=&recruitmentstatus=&gender=&agreetosign=&measure=&country=&province=&city=&institution=&institutionlevel=&intercode=&ethicalcommitteesanction=&whetherpublic=&minstudyexecutetime=&maxstudyexecutetime=&btngo=btn
失败原因：error：详情页内容异常，url：https://www.chictr.org.cn/showproj.html?proj=166337，err：LimitError('详情页内容异常，url：https://www.chictr.org.cn/showproj.html?proj=166337')
2023-05-17 03:38:59 [menet.common_tools ERROR]: 详情页失败：https://www.chictr.org.cn/showproj.html?proj=184055 解析页面失败，代理无效，来源页面：https://www.chictr.org.cn/searchproj.html?page=613&title=&officialname=&subjectid=&regstatus=&regno=&secondaryid=&applier=&studyleader=&createyear=&sponsor=&secsponsor=&sourceofspends=&studyailment=&studyailmentcode=&studytype=&studystage=&studydesign=&recruitmentstatus=&gender=&agreetosign=&measure=&country=&province=&city=&institution=&institutionlevel=&intercode=&ethicalcommitteesanction=&whetherpublic=&minstudyexecutetime=&maxstudyexecutetime=&btngo=btn
失败原因：error：Cannot connect to host 180.103.59.53:8888 ssl:default [Connect call failed ('180.103.59.53', 8888)]，err：ClientProxyConnectionError(ConnectionKey(host='180.103.59.53', port=8888, is_ssl=False, ssl=None, proxy=None, proxy_auth=None, proxy_headers_hash=None), ConnectionRefusedError(111, "Connect call failed ('180.103.59.53', 8888)"))
2023-05-17 03:40:22 [menet.common_tools ERROR]: 详情页失败：https://www.chictr.org.cn/showproj.html?proj=183971 解析页面失败，代理无效，来源页面：https://www.chictr.org.cn/searchproj.html?page=586&title=&officialname=&subjectid=&regstatus=&regno=&secondaryid=&applier=&studyleader=&createyear=&sponsor=&secsponsor=&sourceofspends=&studyailment=&studyailmentcode=&studytype=&studystage=&studydesign=&recruitmentstatus=&gender=&agreetosign=&measure=&country=&province=&city=&institution=&institutionlevel=&intercode=&ethicalcommitteesanction=&whetherpublic=&minstudyexecutetime=&maxstudyexecutetime=&btngo=btn
失败原因：error：Cannot connect to host 49.86.176.181:8888 ssl:default [Connect call failed ('49.86.176.181', 8888)]，err：ClientProxyConnectionError(ConnectionKey(host='49.86.176.181', port=8888, is_ssl=False, ssl=None, proxy=None, proxy_auth=None, proxy_headers_hash=None), ConnectionRefusedError(111, "Connect call failed ('49.86.176.181', 8888)"))
2023-05-17 03:45:23 [menet.common_tools ERROR]: 详情页失败：https://www.chictr.org.cn/showproj.html?proj=182379 解析页面失败，代理无效，来源页面：https://www.chictr.org.cn/searchproj.html?page=605&title=&officialname=&subjectid=&regstatus=&regno=&secondaryid=&applier=&studyleader=&createyear=&sponsor=&secsponsor=&sourceofspends=&studyailment=&studyailmentcode=&studytype=&studystage=&studydesign=&recruitmentstatus=&gender=&agreetosign=&measure=&country=&province=&city=&institution=&institutionlevel=&intercode=&ethicalcommitteesanction=&whetherpublic=&minstudyexecutetime=&maxstudyexecutetime=&btngo=btn
失败原因：error：打开滑块页面报错，err：net::ERR_PROXY_CONNECTION_FAILED at https://www.chictr.org.cn/showproj.html?proj=182379，err：CaptchaError('打开滑块页面报错，err：net::ERR_PROXY_CONNECTION_FAILED at https://www.chictr.org.cn/showproj.html?proj=182379')
2023-05-17 03:45:49 [menet.common_tools ERROR]: 详情页失败：https://www.chictr.org.cn/showproj.html?proj=178059 解析页面失败，代理无效，来源页面：https://www.chictr.org.cn/searchproj.html?page=595&title=&officialname=&subjectid=&regstatus=&regno=&secondaryid=&applier=&studyleader=&createyear=&sponsor=&secsponsor=&sourceofspends=&studyailment=&studyailmentcode=&studytype=&studystage=&studydesign=&recruitmentstatus=&gender=&agreetosign=&measure=&country=&province=&city=&institution=&institutionlevel=&intercode=&ethicalcommitteesanction=&whetherpublic=&minstudyexecutetime=&maxstudyexecutetime=&btngo=btn
失败原因：error：详情页内容异常，url：https://www.chictr.org.cn/showproj.html?proj=178059，err：LimitError('详情页内容异常，url：https://www.chictr.org.cn/showproj.html?proj=178059')
2023-05-17 04:03:44 [menet.common_tools INFO]: 20230516 11:40:30 批次 571 至 581 区间采集结束，共消耗 10066.10915999 秒
2023-05-17 04:03:44 [menet.common_tools INFO]: 开始采集 20230516 11:40:30 批次 651 至 661 区间数据
2023-05-17 04:05:38 [menet.common_tools ERROR]: 详情页失败：https://www.chictr.org.cn/showproj.html?proj=178012 解析页面失败，代理无效，来源页面：https://www.chictr.org.cn/searchproj.html?page=607&title=&officialname=&subjectid=&regstatus=&regno=&secondaryid=&applier=&studyleader=&createyear=&sponsor=&secsponsor=&sourceofspends=&studyailment=&studyailmentcode=&studytype=&studystage=&studydesign=&recruitmentstatus=&gender=&agreetosign=&measure=&country=&province=&city=&institution=&institutionlevel=&intercode=&ethicalcommitteesanction=&whetherpublic=&minstudyexecutetime=&maxstudyexecutetime=&btngo=btn
失败原因：error：详情页内容异常，url：https://www.chictr.org.cn/showproj.html?proj=178012，err：LimitError('详情页内容异常，url：https://www.chictr.org.cn/showproj.html?proj=178012')
2023-05-17 04:05:39 [menet.common_tools ERROR]: 详情页失败：https://www.chictr.org.cn/showproj.html?proj=180589 解析页面失败，代理无效，来源页面：https://www.chictr.org.cn/searchproj.html?page=614&title=&officialname=&subjectid=&regstatus=&regno=&secondaryid=&applier=&studyleader=&createyear=&sponsor=&secsponsor=&sourceofspends=&studyailment=&studyailmentcode=&studytype=&studystage=&studydesign=&recruitmentstatus=&gender=&agreetosign=&measure=&country=&province=&city=&institution=&institutionlevel=&intercode=&ethicalcommitteesanction=&whetherpublic=&minstudyexecutetime=&maxstudyexecutetime=&btngo=btn
失败原因：error：详情页内容异常，url：https://www.chictr.org.cn/showproj.html?proj=180589，err：LimitError('详情页内容异常，url：https://www.chictr.org.cn/showproj.html?proj=180589')
2023-05-17 04:11:10 [menet.common_tools ERROR]: 详情页失败：https://www.chictr.org.cn/showproj.html?proj=180819 解析页面失败，代理无效，来源页面：https://www.chictr.org.cn/searchproj.html?page=614&title=&officialname=&subjectid=&regstatus=&regno=&secondaryid=&applier=&studyleader=&createyear=&sponsor=&secsponsor=&sourceofspends=&studyailment=&studyailmentcode=&studytype=&studystage=&studydesign=&recruitmentstatus=&gender=&agreetosign=&measure=&country=&province=&city=&institution=&institutionlevel=&intercode=&ethicalcommitteesanction=&whetherpublic=&minstudyexecutetime=&maxstudyexecutetime=&btngo=btn
失败原因：error：Cannot connect to host 49.86.176.181:8888 ssl:default [Connect call failed ('49.86.176.181', 8888)]，err：ClientProxyConnectionError(ConnectionKey(host='49.86.176.181', port=8888, is_ssl=False, ssl=None, proxy=None, proxy_auth=None, proxy_headers_hash=None), ConnectionRefusedError(111, "Connect call failed ('49.86.176.181', 8888)"))
2023-05-17 04:30:24 [menet.common_tools ERROR]: 详情页失败：https://www.chictr.org.cn/showproj.html?proj=176752 解析页面失败，代理无效，来源页面：https://www.chictr.org.cn/searchproj.html?page=636&title=&officialname=&subjectid=&regstatus=&regno=&secondaryid=&applier=&studyleader=&createyear=&sponsor=&secsponsor=&sourceofspends=&studyailment=&studyailmentcode=&studytype=&studystage=&studydesign=&recruitmentstatus=&gender=&agreetosign=&measure=&country=&province=&city=&institution=&institutionlevel=&intercode=&ethicalcommitteesanction=&whetherpublic=&minstudyexecutetime=&maxstudyexecutetime=&btngo=btn
失败原因：error：详情页内容异常，url：https://www.chictr.org.cn/showproj.html?proj=176752，err：LimitError('详情页内容异常，url：https://www.chictr.org.cn/showproj.html?proj=176752')
2023-05-17 04:30:50 [menet.common_tools ERROR]: 详情页失败：https://www.chictr.org.cn/showproj.html?proj=174280 解析页面失败，代理无效，来源页面：https://www.chictr.org.cn/searchproj.html?page=588&title=&officialname=&subjectid=&regstatus=&regno=&secondaryid=&applier=&studyleader=&createyear=&sponsor=&secsponsor=&sourceofspends=&studyailment=&studyailmentcode=&studytype=&studystage=&studydesign=&recruitmentstatus=&gender=&agreetosign=&measure=&country=&province=&city=&institution=&institutionlevel=&intercode=&ethicalcommitteesanction=&whetherpublic=&minstudyexecutetime=&maxstudyexecutetime=&btngo=btn
失败原因：error：，err：TimeoutError()
2023-05-17 04:33:49 [menet.common_tools ERROR]: 详情页失败：https://www.chictr.org.cn/showproj.html?proj=182681 解析页面失败，代理无效，来源页面：https://www.chictr.org.cn/searchproj.html?page=636&title=&officialname=&subjectid=&regstatus=&regno=&secondaryid=&applier=&studyleader=&createyear=&sponsor=&secsponsor=&sourceofspends=&studyailment=&studyailmentcode=&studytype=&studystage=&studydesign=&recruitmentstatus=&gender=&agreetosign=&measure=&country=&province=&city=&institution=&institutionlevel=&intercode=&ethicalcommitteesanction=&whetherpublic=&minstudyexecutetime=&maxstudyexecutetime=&btngo=btn
失败原因：error：详情页内容异常，url：https://www.chictr.org.cn/showproj.html?proj=182681，err：LimitError('详情页内容异常，url：https://www.chictr.org.cn/showproj.html?proj=182681')
2023-05-17 04:51:07 [menet.common_tools INFO]: 20230516 11:40:30 批次 591 至 601 区间采集结束，共消耗 10723.71550277 秒
2023-05-17 04:51:07 [menet.common_tools INFO]: 开始采集 20230516 11:40:30 批次 661 至 671 区间数据
2023-05-17 04:55:34 [menet.common_tools ERROR]: 详情页失败：https://www.chictr.org.cn/showproj.html?proj=180883 解析页面失败，代理无效，来源页面：https://www.chictr.org.cn/searchproj.html?page=637&title=&officialname=&subjectid=&regstatus=&regno=&secondaryid=&applier=&studyleader=&createyear=&sponsor=&secsponsor=&sourceofspends=&studyailment=&studyailmentcode=&studytype=&studystage=&studydesign=&recruitmentstatus=&gender=&agreetosign=&measure=&country=&province=&city=&institution=&institutionlevel=&intercode=&ethicalcommitteesanction=&whetherpublic=&minstudyexecutetime=&maxstudyexecutetime=&btngo=btn
失败原因：error：详情页内容异常，url：https://www.chictr.org.cn/showproj.html?proj=180883，err：LimitError('详情页内容异常，url：https://www.chictr.org.cn/showproj.html?proj=180883')
2023-05-17 05:00:55 [menet.common_tools ERROR]: 详情页失败：https://www.chictr.org.cn/showproj.html?proj=182187 解析页面失败，代理无效，来源页面：https://www.chictr.org.cn/searchproj.html?page=609&title=&officialname=&subjectid=&regstatus=&regno=&secondaryid=&applier=&studyleader=&createyear=&sponsor=&secsponsor=&sourceofspends=&studyailment=&studyailmentcode=&studytype=&studystage=&studydesign=&recruitmentstatus=&gender=&agreetosign=&measure=&country=&province=&city=&institution=&institutionlevel=&intercode=&ethicalcommitteesanction=&whetherpublic=&minstudyexecutetime=&maxstudyexecutetime=&btngo=btn
失败原因：error：详情页内容异常，url：https://www.chictr.org.cn/showproj.html?proj=182187，err：LimitError('详情页内容异常，url：https://www.chictr.org.cn/showproj.html?proj=182187')
2023-05-17 05:05:00 [menet.common_tools ERROR]: 详情页失败：https://www.chictr.org.cn/showproj.html?proj=182812 解析页面失败，代理无效，来源页面：https://www.chictr.org.cn/searchproj.html?page=654&title=&officialname=&subjectid=&regstatus=&regno=&secondaryid=&applier=&studyleader=&createyear=&sponsor=&secsponsor=&sourceofspends=&studyailment=&studyailmentcode=&studytype=&studystage=&studydesign=&recruitmentstatus=&gender=&agreetosign=&measure=&country=&province=&city=&institution=&institutionlevel=&intercode=&ethicalcommitteesanction=&whetherpublic=&minstudyexecutetime=&maxstudyexecutetime=&btngo=btn
失败原因：error：，err：TimeoutError()
2023-05-17 05:08:05 [menet.common_tools ERROR]: 详情页失败：https://www.chictr.org.cn/showproj.html?proj=184084 解析页面失败，代理无效，来源页面：https://www.chictr.org.cn/searchproj.html?page=610&title=&officialname=&subjectid=&regstatus=&regno=&secondaryid=&applier=&studyleader=&createyear=&sponsor=&secsponsor=&sourceofspends=&studyailment=&studyailmentcode=&studytype=&studystage=&studydesign=&recruitmentstatus=&gender=&agreetosign=&measure=&country=&province=&city=&institution=&institutionlevel=&intercode=&ethicalcommitteesanction=&whetherpublic=&minstudyexecutetime=&maxstudyexecutetime=&btngo=btn
失败原因：error：详情页内容异常，url：https://www.chictr.org.cn/showproj.html?proj=184084，err：LimitError('详情页内容异常，url：https://www.chictr.org.cn/showproj.html?proj=184084')
2023-05-17 05:13:53 [menet.common_tools INFO]: 20230516 11:40:30 批次 581 至 591 区间采集结束，共消耗 12656.84562304 秒
2023-05-17 05:13:53 [menet.common_tools INFO]: 开始采集 20230516 11:40:30 批次 671 至 681 区间数据
2023-05-17 05:17:19 [menet.common_tools INFO]: 20230516 11:40:30 批次 601 至 611 区间采集结束，共消耗 11500.46172473 秒
2023-05-17 05:17:19 [menet.common_tools INFO]: 开始采集 20230516 11:40:30 批次 681 至 691 区间数据
2023-05-17 05:17:23 [menet.common_tools ERROR]: 详情页失败：https://www.chictr.org.cn/showproj.html?proj=162323 解析页面失败，代理无效，来源页面：https://www.chictr.org.cn/searchproj.html?page=648&title=&officialname=&subjectid=&regstatus=&regno=&secondaryid=&applier=&studyleader=&createyear=&sponsor=&secsponsor=&sourceofspends=&studyailment=&studyailmentcode=&studytype=&studystage=&studydesign=&recruitmentstatus=&gender=&agreetosign=&measure=&country=&province=&city=&institution=&institutionlevel=&intercode=&ethicalcommitteesanction=&whetherpublic=&minstudyexecutetime=&maxstudyexecutetime=&btngo=btn
失败原因：error：滑块解决失败，err：滑块验证后内容异常，err：CaptchaError('滑块解决失败，err：滑块验证后内容异常')
2023-05-17 05:25:37 [menet.common_tools ERROR]: 详情页失败：https://www.chictr.org.cn/showproj.html?proj=180221 解析页面失败，代理无效，来源页面：https://www.chictr.org.cn/searchproj.html?page=671&title=&officialname=&subjectid=&regstatus=&regno=&secondaryid=&applier=&studyleader=&createyear=&sponsor=&secsponsor=&sourceofspends=&studyailment=&studyailmentcode=&studytype=&studystage=&studydesign=&recruitmentstatus=&gender=&agreetosign=&measure=&country=&province=&city=&institution=&institutionlevel=&intercode=&ethicalcommitteesanction=&whetherpublic=&minstudyexecutetime=&maxstudyexecutetime=&btngo=btn
失败原因：error：详情页内容异常，url：https://www.chictr.org.cn/showproj.html?proj=180221，err：LimitError('详情页内容异常，url：https://www.chictr.org.cn/showproj.html?proj=180221')
2023-05-17 05:26:17 [menet.common_tools ERROR]: 详情页失败：https://www.chictr.org.cn/showproj.html?proj=183419 解析页面失败，代理无效，来源页面：https://www.chictr.org.cn/searchproj.html?page=661&title=&officialname=&subjectid=&regstatus=&regno=&secondaryid=&applier=&studyleader=&createyear=&sponsor=&secsponsor=&sourceofspends=&studyailment=&studyailmentcode=&studytype=&studystage=&studydesign=&recruitmentstatus=&gender=&agreetosign=&measure=&country=&province=&city=&institution=&institutionlevel=&intercode=&ethicalcommitteesanction=&whetherpublic=&minstudyexecutetime=&maxstudyexecutetime=&btngo=btn
失败原因：error：，err：TimeoutError()
2023-05-17 05:36:54 [menet.common_tools ERROR]: 详情页失败：https://www.chictr.org.cn/showproj.html?proj=183748 解析页面失败，代理无效，来源页面：https://www.chictr.org.cn/searchproj.html?page=618&title=&officialname=&subjectid=&regstatus=&regno=&secondaryid=&applier=&studyleader=&createyear=&sponsor=&secsponsor=&sourceofspends=&studyailment=&studyailmentcode=&studytype=&studystage=&studydesign=&recruitmentstatus=&gender=&agreetosign=&measure=&country=&province=&city=&institution=&institutionlevel=&intercode=&ethicalcommitteesanction=&whetherpublic=&minstudyexecutetime=&maxstudyexecutetime=&btngo=btn
失败原因：error：详情页内容异常，url：https://www.chictr.org.cn/showproj.html?proj=183748，err：LimitError('详情页内容异常，url：https://www.chictr.org.cn/showproj.html?proj=183748')
2023-05-17 05:47:26 [menet.common_tools INFO]: 20230516 11:40:30 批次 631 至 641 区间采集结束，共消耗 10700.20876038 秒
2023-05-17 05:47:26 [menet.common_tools INFO]: 开始采集 20230516 11:40:30 批次 691 至 701 区间数据
2023-05-17 05:47:46 [menet.common_tools ERROR]: 详情页失败：https://www.chictr.org.cn/showproj.html?proj=178034 解析页面失败，代理无效，来源页面：https://www.chictr.org.cn/searchproj.html?page=628&title=&officialname=&subjectid=&regstatus=&regno=&secondaryid=&applier=&studyleader=&createyear=&sponsor=&secsponsor=&sourceofspends=&studyailment=&studyailmentcode=&studytype=&studystage=&studydesign=&recruitmentstatus=&gender=&agreetosign=&measure=&country=&province=&city=&institution=&institutionlevel=&intercode=&ethicalcommitteesanction=&whetherpublic=&minstudyexecutetime=&maxstudyexecutetime=&btngo=btn
失败原因：error：详情页内容异常，url：https://www.chictr.org.cn/showproj.html?proj=178034，err：LimitError('详情页内容异常，url：https://www.chictr.org.cn/showproj.html?proj=178034')
2023-05-17 05:56:02 [menet.common_tools ERROR]: 详情页失败：https://www.chictr.org.cn/showproj.html?proj=177724 解析页面失败，代理无效，来源页面：https://www.chictr.org.cn/searchproj.html?page=691&title=&officialname=&subjectid=&regstatus=&regno=&secondaryid=&applier=&studyleader=&createyear=&sponsor=&secsponsor=&sourceofspends=&studyailment=&studyailmentcode=&studytype=&studystage=&studydesign=&recruitmentstatus=&gender=&agreetosign=&measure=&country=&province=&city=&institution=&institutionlevel=&intercode=&ethicalcommitteesanction=&whetherpublic=&minstudyexecutetime=&maxstudyexecutetime=&btngo=btn
失败原因：error：，err：TimeoutError()
2023-05-17 06:03:24 [menet.common_tools ERROR]: 详情页失败：https://www.chictr.org.cn/showproj.html?proj=180214 解析页面失败，代理无效，来源页面：https://www.chictr.org.cn/searchproj.html?page=691&title=&officialname=&subjectid=&regstatus=&regno=&secondaryid=&applier=&studyleader=&createyear=&sponsor=&secsponsor=&sourceofspends=&studyailment=&studyailmentcode=&studytype=&studystage=&studydesign=&recruitmentstatus=&gender=&agreetosign=&measure=&country=&province=&city=&institution=&institutionlevel=&intercode=&ethicalcommitteesanction=&whetherpublic=&minstudyexecutetime=&maxstudyexecutetime=&btngo=btn
失败原因：error：，err：TimeoutError()
2023-05-17 06:03:41 [menet.common_tools ERROR]: 详情页失败：https://www.chictr.org.cn/showproj.html?proj=178036 解析页面失败，来源页面：https://www.chictr.org.cn/searchproj.html?page=619&title=&officialname=&subjectid=&regstatus=&regno=&secondaryid=&applier=&studyleader=&createyear=&sponsor=&secsponsor=&sourceofspends=&studyailment=&studyailmentcode=&studytype=&studystage=&studydesign=&recruitmentstatus=&gender=&agreetosign=&measure=&country=&province=&city=&institution=&institutionlevel=&intercode=&ethicalcommitteesanction=&whetherpublic=&minstudyexecutetime=&maxstudyexecutetime=&btngo=btn
失败原因：error：Server disconnected，err：ServerDisconnectedError('Server disconnected')
2023-05-17 06:03:58 [menet.common_tools INFO]: 20230516 11:40:30 批次 641 至 651 区间采集结束，共消耗 11157.72286234 秒
2023-05-17 06:03:58 [menet.common_tools INFO]: 开始采集 20230516 11:40:30 批次 701 至 711 区间数据
2023-05-17 06:04:48 [menet.common_tools ERROR]: 详情页失败：https://www.chictr.org.cn/showproj.html?proj=184244 解析页面失败，来源页面：https://www.chictr.org.cn/searchproj.html?page=619&title=&officialname=&subjectid=&regstatus=&regno=&secondaryid=&applier=&studyleader=&createyear=&sponsor=&secsponsor=&sourceofspends=&studyailment=&studyailmentcode=&studytype=&studystage=&studydesign=&recruitmentstatus=&gender=&agreetosign=&measure=&country=&province=&city=&institution=&institutionlevel=&intercode=&ethicalcommitteesanction=&whetherpublic=&minstudyexecutetime=&maxstudyexecutetime=&btngo=btn
失败原因：error：Server disconnected，err：ServerDisconnectedError('Server disconnected')
2023-05-17 06:05:35 [menet.common_tools ERROR]: 详情页失败：https://www.chictr.org.cn/showproj.html?proj=180445 解析页面失败，来源页面：https://www.chictr.org.cn/searchproj.html?page=619&title=&officialname=&subjectid=&regstatus=&regno=&secondaryid=&applier=&studyleader=&createyear=&sponsor=&secsponsor=&sourceofspends=&studyailment=&studyailmentcode=&studytype=&studystage=&studydesign=&recruitmentstatus=&gender=&agreetosign=&measure=&country=&province=&city=&institution=&institutionlevel=&intercode=&ethicalcommitteesanction=&whetherpublic=&minstudyexecutetime=&maxstudyexecutetime=&btngo=btn
失败原因：error：Server disconnected，err：ServerDisconnectedError('Server disconnected')
2023-05-17 06:06:03 [menet.common_tools ERROR]: 检索页失败：https://www.chictr.org.cn/searchproj.html?page=620&title=&officialname=&subjectid=&regstatus=&regno=&secondaryid=&applier=&studyleader=&createyear=&sponsor=&secsponsor=&sourceofspends=&studyailment=&studyailmentcode=&studytype=&studystage=&studydesign=&recruitmentstatus=&gender=&agreetosign=&measure=&country=&province=&city=&institution=&institutionlevel=&intercode=&ethicalcommitteesanction=&whetherpublic=&minstudyexecutetime=&maxstudyexecutetime=&btngo=btn 解析检索页失败
失败原因：error：Server disconnected，err：ServerDisconnectedError('Server disconnected')
2023-05-17 06:06:03 [menet.common_tools ERROR]: 20230516 11:40:30 批次当前页： https://www.chictr.org.cn/searchproj.html?page=620&title=&officialname=&subjectid=&regstatus=&regno=&secondaryid=&applier=&studyleader=&createyear=&sponsor=&secsponsor=&sourceofspends=&studyailment=&studyailmentcode=&studytype=&studystage=&studydesign=&recruitmentstatus=&gender=&agreetosign=&measure=&country=&province=&city=&institution=&institutionlevel=&intercode=&ethicalcommitteesanction=&whetherpublic=&minstudyexecutetime=&maxstudyexecutetime=&btngo=btn 处理异常，写入失败队列
2023-05-17 06:06:03 [menet.common_tools INFO]: 20230516 11:40:30 批次 611 至 621 区间采集结束，共消耗 12596.63684541 秒
2023-05-17 06:06:03 [menet.common_tools INFO]: 开始采集 20230516 11:40:30 批次 711 至 721 区间数据
connection unexpectedly closed
Task exception was never retrieved
future: <Task finished name='Task-3311167' coro=<Connection._async_send() done, defined at /usr/local/lib/python3.8/dist-packages/pyppeteer/connection.py:69> exception=InvalidStateError('invalid state')>
Traceback (most recent call last):
  File "/usr/local/lib/python3.8/dist-packages/pyppeteer/connection.py", line 73, in _async_send
    await self.connection.send(msg)
  File "/usr/local/lib/python3.8/dist-packages/websockets/legacy/protocol.py", line 635, in send
    await self.ensure_open()
  File "/usr/local/lib/python3.8/dist-packages/websockets/legacy/protocol.py", line 944, in ensure_open
    raise self.connection_closed_exc()
websockets.exceptions.ConnectionClosedError: no close frame received or sent

During handling of the above exception, another exception occurred:

Traceback (most recent call last):
  File "/usr/local/lib/python3.8/dist-packages/pyppeteer/connection.py", line 79, in _async_send
    await self.dispose()
  File "/usr/local/lib/python3.8/dist-packages/pyppeteer/connection.py", line 170, in dispose
    await self._on_close()
  File "/usr/local/lib/python3.8/dist-packages/pyppeteer/connection.py", line 151, in _on_close
    cb.set_exception(_rewriteError(
asyncio.exceptions.InvalidStateError: invalid state
2023-05-17 06:18:14 [menet.common_tools ERROR]: 详情页失败：https://www.chictr.org.cn/showproj.html?proj=181168 解析页面失败，代理无效，来源页面：https://www.chictr.org.cn/searchproj.html?page=674&title=&officialname=&subjectid=&regstatus=&regno=&secondaryid=&applier=&studyleader=&createyear=&sponsor=&secsponsor=&sourceofspends=&studyailment=&studyailmentcode=&studytype=&studystage=&studydesign=&recruitmentstatus=&gender=&agreetosign=&measure=&country=&province=&city=&institution=&institutionlevel=&intercode=&ethicalcommitteesanction=&whetherpublic=&minstudyexecutetime=&maxstudyexecutetime=&btngo=btn
失败原因：error：详情页内容异常，url：https://www.chictr.org.cn/showproj.html?proj=181168，err：LimitError('详情页内容异常，url：https://www.chictr.org.cn/showproj.html?proj=181168')
2023-05-17 06:19:06 [menet.common_tools ERROR]: 检索页失败：https://www.chictr.org.cn/searchproj.html?page=693&title=&officialname=&subjectid=&regstatus=&regno=&secondaryid=&applier=&studyleader=&createyear=&sponsor=&secsponsor=&sourceofspends=&studyailment=&studyailmentcode=&studytype=&studystage=&studydesign=&recruitmentstatus=&gender=&agreetosign=&measure=&country=&province=&city=&institution=&institutionlevel=&intercode=&ethicalcommitteesanction=&whetherpublic=&minstudyexecutetime=&maxstudyexecutetime=&btngo=btn 解析检索页失败，代理无效
失败原因：error：检索页数据异常，切换IP重新抓取，err：LimitError('检索页数据异常，切换IP重新抓取')
2023-05-17 06:19:06 [menet.common_tools ERROR]: 20230516 11:40:30 批次当前页： https://www.chictr.org.cn/searchproj.html?page=693&title=&officialname=&subjectid=&regstatus=&regno=&secondaryid=&applier=&studyleader=&createyear=&sponsor=&secsponsor=&sourceofspends=&studyailment=&studyailmentcode=&studytype=&studystage=&studydesign=&recruitmentstatus=&gender=&agreetosign=&measure=&country=&province=&city=&institution=&institutionlevel=&intercode=&ethicalcommitteesanction=&whetherpublic=&minstudyexecutetime=&maxstudyexecutetime=&btngo=btn 处理异常，写入失败队列
2023-05-17 06:19:56 [menet.common_tools ERROR]: 详情页失败：https://www.chictr.org.cn/showproj.html?proj=180678 解析页面失败，代理无效，来源页面：https://www.chictr.org.cn/searchproj.html?page=701&title=&officialname=&subjectid=&regstatus=&regno=&secondaryid=&applier=&studyleader=&createyear=&sponsor=&secsponsor=&sourceofspends=&studyailment=&studyailmentcode=&studytype=&studystage=&studydesign=&recruitmentstatus=&gender=&agreetosign=&measure=&country=&province=&city=&institution=&institutionlevel=&intercode=&ethicalcommitteesanction=&whetherpublic=&minstudyexecutetime=&maxstudyexecutetime=&btngo=btn
失败原因：error：详情页内容异常，url：https://www.chictr.org.cn/showproj.html?proj=180678，err：LimitError('详情页内容异常，url：https://www.chictr.org.cn/showproj.html?proj=180678')
2023-05-17 06:22:57 [menet.common_tools ERROR]: 详情页失败：https://www.chictr.org.cn/showproj.html?proj=182500 解析页面失败，代理无效，来源页面：https://www.chictr.org.cn/searchproj.html?page=674&title=&officialname=&subjectid=&regstatus=&regno=&secondaryid=&applier=&studyleader=&createyear=&sponsor=&secsponsor=&sourceofspends=&studyailment=&studyailmentcode=&studytype=&studystage=&studydesign=&recruitmentstatus=&gender=&agreetosign=&measure=&country=&province=&city=&institution=&institutionlevel=&intercode=&ethicalcommitteesanction=&whetherpublic=&minstudyexecutetime=&maxstudyexecutetime=&btngo=btn
失败原因：error：，err：TimeoutError()
2023-05-17 06:29:23 [menet.common_tools ERROR]: 详情页失败：https://www.chictr.org.cn/showproj.html?proj=179115 解析页面失败，代理无效，来源页面：https://www.chictr.org.cn/searchproj.html?page=684&title=&officialname=&subjectid=&regstatus=&regno=&secondaryid=&applier=&studyleader=&createyear=&sponsor=&secsponsor=&sourceofspends=&studyailment=&studyailmentcode=&studytype=&studystage=&studydesign=&recruitmentstatus=&gender=&agreetosign=&measure=&country=&province=&city=&institution=&institutionlevel=&intercode=&ethicalcommitteesanction=&whetherpublic=&minstudyexecutetime=&maxstudyexecutetime=&btngo=btn
失败原因：error：详情页内容异常，url：https://www.chictr.org.cn/showproj.html?proj=179115，err：LimitError('详情页内容异常，url：https://www.chictr.org.cn/showproj.html?proj=179115')
2023-05-17 06:34:30 [menet.common_tools INFO]: 20230516 11:40:30 批次 621 至 631 区间采集结束，共消耗 13558.25154152 秒
2023-05-17 06:34:30 [menet.common_tools INFO]: 开始采集 20230516 11:40:30 批次 721 至 731 区间数据
2023-05-17 06:39:31 [menet.common_tools ERROR]: 详情页失败：https://www.chictr.org.cn/showproj.html?proj=172817 解析页面失败，代理无效，来源页面：https://www.chictr.org.cn/searchproj.html?page=659&title=&officialname=&subjectid=&regstatus=&regno=&secondaryid=&applier=&studyleader=&createyear=&sponsor=&secsponsor=&sourceofspends=&studyailment=&studyailmentcode=&studytype=&studystage=&studydesign=&recruitmentstatus=&gender=&agreetosign=&measure=&country=&province=&city=&institution=&institutionlevel=&intercode=&ethicalcommitteesanction=&whetherpublic=&minstudyexecutetime=&maxstudyexecutetime=&btngo=btn
失败原因：error：详情页内容异常，url：https://www.chictr.org.cn/showproj.html?proj=172817，err：LimitError('详情页内容异常，url：https://www.chictr.org.cn/showproj.html?proj=172817')
2023-05-17 06:49:13 [menet.common_tools ERROR]: 详情页失败：https://www.chictr.org.cn/showproj.html?proj=175217 解析页面失败，代理无效，来源页面：https://www.chictr.org.cn/searchproj.html?page=676&title=&officialname=&subjectid=&regstatus=&regno=&secondaryid=&applier=&studyleader=&createyear=&sponsor=&secsponsor=&sourceofspends=&studyailment=&studyailmentcode=&studytype=&studystage=&studydesign=&recruitmentstatus=&gender=&agreetosign=&measure=&country=&province=&city=&institution=&institutionlevel=&intercode=&ethicalcommitteesanction=&whetherpublic=&minstudyexecutetime=&maxstudyexecutetime=&btngo=btn
失败原因：error：详情页内容异常，url：https://www.chictr.org.cn/showproj.html?proj=175217，err：LimitError('详情页内容异常，url：https://www.chictr.org.cn/showproj.html?proj=175217')
2023-05-17 06:53:12 [menet.common_tools ERROR]: 详情页失败：https://www.chictr.org.cn/showproj.html?proj=182823 解析页面失败，代理无效，来源页面：https://www.chictr.org.cn/searchproj.html?page=685&title=&officialname=&subjectid=&regstatus=&regno=&secondaryid=&applier=&studyleader=&createyear=&sponsor=&secsponsor=&sourceofspends=&studyailment=&studyailmentcode=&studytype=&studystage=&studydesign=&recruitmentstatus=&gender=&agreetosign=&measure=&country=&province=&city=&institution=&institutionlevel=&intercode=&ethicalcommitteesanction=&whetherpublic=&minstudyexecutetime=&maxstudyexecutetime=&btngo=btn
失败原因：error：详情页内容异常，url：https://www.chictr.org.cn/showproj.html?proj=182823，err：LimitError('详情页内容异常，url：https://www.chictr.org.cn/showproj.html?proj=182823')
2023-05-17 07:01:31 [menet.common_tools INFO]: 20230516 11:40:30 批次 651 至 661 区间采集结束，共消耗 10667.18296771 秒
2023-05-17 07:01:31 [menet.common_tools INFO]: 开始采集 20230516 11:40:30 批次 731 至 741 区间数据
2023-05-17 07:04:28 [menet.common_tools ERROR]: 详情页失败：https://www.chictr.org.cn/showproj.html?proj=180550 解析页面失败，代理无效，来源页面：https://www.chictr.org.cn/searchproj.html?page=666&title=&officialname=&subjectid=&regstatus=&regno=&secondaryid=&applier=&studyleader=&createyear=&sponsor=&secsponsor=&sourceofspends=&studyailment=&studyailmentcode=&studytype=&studystage=&studydesign=&recruitmentstatus=&gender=&agreetosign=&measure=&country=&province=&city=&institution=&institutionlevel=&intercode=&ethicalcommitteesanction=&whetherpublic=&minstudyexecutetime=&maxstudyexecutetime=&btngo=btn
失败原因：error：详情页内容异常，url：https://www.chictr.org.cn/showproj.html?proj=180550，err：LimitError('详情页内容异常，url：https://www.chictr.org.cn/showproj.html?proj=180550')
2023-05-17 07:05:12 [menet.common_tools ERROR]: 详情页失败：https://www.chictr.org.cn/showproj.html?proj=178502 解析页面失败，代理无效，来源页面：https://www.chictr.org.cn/searchproj.html?page=713&title=&officialname=&subjectid=&regstatus=&regno=&secondaryid=&applier=&studyleader=&createyear=&sponsor=&secsponsor=&sourceofspends=&studyailment=&studyailmentcode=&studytype=&studystage=&studydesign=&recruitmentstatus=&gender=&agreetosign=&measure=&country=&province=&city=&institution=&institutionlevel=&intercode=&ethicalcommitteesanction=&whetherpublic=&minstudyexecutetime=&maxstudyexecutetime=&btngo=btn
失败原因：error：详情页内容异常，url：https://www.chictr.org.cn/showproj.html?proj=178502，err：LimitError('详情页内容异常，url：https://www.chictr.org.cn/showproj.html?proj=178502')
2023-05-17 07:10:04 [menet.common_tools ERROR]: 详情页失败：https://www.chictr.org.cn/showproj.html?proj=182310 解析页面失败，代理无效，来源页面：https://www.chictr.org.cn/searchproj.html?page=685&title=&officialname=&subjectid=&regstatus=&regno=&secondaryid=&applier=&studyleader=&createyear=&sponsor=&secsponsor=&sourceofspends=&studyailment=&studyailmentcode=&studytype=&studystage=&studydesign=&recruitmentstatus=&gender=&agreetosign=&measure=&country=&province=&city=&institution=&institutionlevel=&intercode=&ethicalcommitteesanction=&whetherpublic=&minstudyexecutetime=&maxstudyexecutetime=&btngo=btn
失败原因：error：，err：TimeoutError()
2023-05-17 07:11:16 [menet.common_tools ERROR]: 详情页失败：https://www.chictr.org.cn/showproj.html?proj=180224 解析页面失败，代理无效，来源页面：https://www.chictr.org.cn/searchproj.html?page=723&title=&officialname=&subjectid=&regstatus=&regno=&secondaryid=&applier=&studyleader=&createyear=&sponsor=&secsponsor=&sourceofspends=&studyailment=&studyailmentcode=&studytype=&studystage=&studydesign=&recruitmentstatus=&gender=&agreetosign=&measure=&country=&province=&city=&institution=&institutionlevel=&intercode=&ethicalcommitteesanction=&whetherpublic=&minstudyexecutetime=&maxstudyexecutetime=&btngo=btn
失败原因：error：详情页内容异常，url：https://www.chictr.org.cn/showproj.html?proj=180224，err：LimitError('详情页内容异常，url：https://www.chictr.org.cn/showproj.html?proj=180224')
2023-05-17 07:16:39 [menet.common_tools ERROR]: 详情页失败：https://www.chictr.org.cn/showproj.html?proj=172196 解析页面失败，代理无效，来源页面：https://www.chictr.org.cn/searchproj.html?page=731&title=&officialname=&subjectid=&regstatus=&regno=&secondaryid=&applier=&studyleader=&createyear=&sponsor=&secsponsor=&sourceofspends=&studyailment=&studyailmentcode=&studytype=&studystage=&studydesign=&recruitmentstatus=&gender=&agreetosign=&measure=&country=&province=&city=&institution=&institutionlevel=&intercode=&ethicalcommitteesanction=&whetherpublic=&minstudyexecutetime=&maxstudyexecutetime=&btngo=btn
失败原因：error：详情页内容异常，url：https://www.chictr.org.cn/showproj.html?proj=172196，err：LimitError('详情页内容异常，url：https://www.chictr.org.cn/showproj.html?proj=172196')
2023-05-17 07:17:34 [menet.common_tools ERROR]: 详情页失败：https://www.chictr.org.cn/showproj.html?proj=174160 解析页面失败，代理无效，来源页面：https://www.chictr.org.cn/searchproj.html?page=686&title=&officialname=&subjectid=&regstatus=&regno=&secondaryid=&applier=&studyleader=&createyear=&sponsor=&secsponsor=&sourceofspends=&studyailment=&studyailmentcode=&studytype=&studystage=&studydesign=&recruitmentstatus=&gender=&agreetosign=&measure=&country=&province=&city=&institution=&institutionlevel=&intercode=&ethicalcommitteesanction=&whetherpublic=&minstudyexecutetime=&maxstudyexecutetime=&btngo=btn
失败原因：error：，err：TimeoutError()
2023-05-17 07:40:34 [menet.common_tools ERROR]: 详情页失败：https://www.chictr.org.cn/showproj.html?proj=178665 解析页面失败，代理无效，来源页面：https://www.chictr.org.cn/searchproj.html?page=724&title=&officialname=&subjectid=&regstatus=&regno=&secondaryid=&applier=&studyleader=&createyear=&sponsor=&secsponsor=&sourceofspends=&studyailment=&studyailmentcode=&studytype=&studystage=&studydesign=&recruitmentstatus=&gender=&agreetosign=&measure=&country=&province=&city=&institution=&institutionlevel=&intercode=&ethicalcommitteesanction=&whetherpublic=&minstudyexecutetime=&maxstudyexecutetime=&btngo=btn
失败原因：error：滑块解决失败，err：滑块验证后内容异常，err：CaptchaError('滑块解决失败，err：滑块验证后内容异常')
2023-05-17 07:41:21 [menet.common_tools ERROR]: 详情页失败：https://www.chictr.org.cn/showproj.html?proj=182333 解析页面失败，代理无效，来源页面：https://www.chictr.org.cn/searchproj.html?page=668&title=&officialname=&subjectid=&regstatus=&regno=&secondaryid=&applier=&studyleader=&createyear=&sponsor=&secsponsor=&sourceofspends=&studyailment=&studyailmentcode=&studytype=&studystage=&studydesign=&recruitmentstatus=&gender=&agreetosign=&measure=&country=&province=&city=&institution=&institutionlevel=&intercode=&ethicalcommitteesanction=&whetherpublic=&minstudyexecutetime=&maxstudyexecutetime=&btngo=btn
失败原因：error：详情页内容异常，url：https://www.chictr.org.cn/showproj.html?proj=182333，err：LimitError('详情页内容异常，url：https://www.chictr.org.cn/showproj.html?proj=182333')
2023-05-17 07:44:29 [menet.common_tools ERROR]: 详情页失败：https://www.chictr.org.cn/showproj.html?proj=180904 解析页面失败，代理无效，来源页面：https://www.chictr.org.cn/searchproj.html?page=668&title=&officialname=&subjectid=&regstatus=&regno=&secondaryid=&applier=&studyleader=&createyear=&sponsor=&secsponsor=&sourceofspends=&studyailment=&studyailmentcode=&studytype=&studystage=&studydesign=&recruitmentstatus=&gender=&agreetosign=&measure=&country=&province=&city=&institution=&institutionlevel=&intercode=&ethicalcommitteesanction=&whetherpublic=&minstudyexecutetime=&maxstudyexecutetime=&btngo=btn
失败原因：error：打开滑块页面报错，err：net::ERR_PROXY_CONNECTION_FAILED at https://www.chictr.org.cn/showproj.html?proj=180904，err：CaptchaError('打开滑块页面报错，err：net::ERR_PROXY_CONNECTION_FAILED at https://www.chictr.org.cn/showproj.html?proj=180904')
2023-05-17 08:08:49 [menet.common_tools INFO]: 20230516 11:40:30 批次 671 至 681 区间采集结束，共消耗 10495.79321871 秒
2023-05-17 08:08:49 [menet.common_tools INFO]: 开始采集 20230516 11:40:30 批次 741 至 751 区间数据
2023-05-17 08:29:29 [menet.common_tools ERROR]: 详情页失败：https://www.chictr.org.cn/showproj.html?proj=144929 解析页面失败，代理无效，来源页面：https://www.chictr.org.cn/searchproj.html?page=716&title=&officialname=&subjectid=&regstatus=&regno=&secondaryid=&applier=&studyleader=&createyear=&sponsor=&secsponsor=&sourceofspends=&studyailment=&studyailmentcode=&studytype=&studystage=&studydesign=&recruitmentstatus=&gender=&agreetosign=&measure=&country=&province=&city=&institution=&institutionlevel=&intercode=&ethicalcommitteesanction=&whetherpublic=&minstudyexecutetime=&maxstudyexecutetime=&btngo=btn
失败原因：error：详情页内容异常，url：https://www.chictr.org.cn/showproj.html?proj=144929，err：LimitError('详情页内容异常，url：https://www.chictr.org.cn/showproj.html?proj=144929')
2023-05-17 08:35:59 [menet.common_tools INFO]: 20230516 11:40:30 批次 661 至 671 区间采集结束，共消耗 13491.33026874 秒
2023-05-17 08:35:59 [menet.common_tools INFO]: 开始采集 20230516 11:40:30 批次 751 至 761 区间数据
2023-05-17 08:38:46 [menet.common_tools INFO]: 20230516 11:40:30 批次 681 至 691 区间采集结束，共消耗 12087.20162002 秒
2023-05-17 08:38:46 [menet.common_tools INFO]: 开始采集 20230516 11:40:30 批次 761 至 771 区间数据
2023-05-17 08:44:28 [menet.common_tools ERROR]: 详情页失败：https://www.chictr.org.cn/showproj.html?proj=178250 解析页面失败，代理无效，来源页面：https://www.chictr.org.cn/searchproj.html?page=751&title=&officialname=&subjectid=&regstatus=&regno=&secondaryid=&applier=&studyleader=&createyear=&sponsor=&secsponsor=&sourceofspends=&studyailment=&studyailmentcode=&studytype=&studystage=&studydesign=&recruitmentstatus=&gender=&agreetosign=&measure=&country=&province=&city=&institution=&institutionlevel=&intercode=&ethicalcommitteesanction=&whetherpublic=&minstudyexecutetime=&maxstudyexecutetime=&btngo=btn
失败原因：error：，err：TimeoutError()
2023-05-17 08:46:10 [menet.common_tools ERROR]: 详情页失败：https://www.chictr.org.cn/showproj.html?proj=170366 解析页面失败，代理无效，来源页面：https://www.chictr.org.cn/searchproj.html?page=761&title=&officialname=&subjectid=&regstatus=&regno=&secondaryid=&applier=&studyleader=&createyear=&sponsor=&secsponsor=&sourceofspends=&studyailment=&studyailmentcode=&studytype=&studystage=&studydesign=&recruitmentstatus=&gender=&agreetosign=&measure=&country=&province=&city=&institution=&institutionlevel=&intercode=&ethicalcommitteesanction=&whetherpublic=&minstudyexecutetime=&maxstudyexecutetime=&btngo=btn
失败原因：error：详情页内容异常，url：https://www.chictr.org.cn/showproj.html?proj=170366，err：LimitError('详情页内容异常，url：https://www.chictr.org.cn/showproj.html?proj=170366')
2023-05-17 08:47:19 [menet.common_tools ERROR]: 详情页失败：https://www.chictr.org.cn/showproj.html?proj=174214 解析页面失败，代理无效，来源页面：https://www.chictr.org.cn/searchproj.html?page=751&title=&officialname=&subjectid=&regstatus=&regno=&secondaryid=&applier=&studyleader=&createyear=&sponsor=&secsponsor=&sourceofspends=&studyailment=&studyailmentcode=&studytype=&studystage=&studydesign=&recruitmentstatus=&gender=&agreetosign=&measure=&country=&province=&city=&institution=&institutionlevel=&intercode=&ethicalcommitteesanction=&whetherpublic=&minstudyexecutetime=&maxstudyexecutetime=&btngo=btn
失败原因：error：详情页内容异常，url：https://www.chictr.org.cn/showproj.html?proj=174214，err：LimitError('详情页内容异常，url：https://www.chictr.org.cn/showproj.html?proj=174214')
2023-05-17 09:31:58 [menet.common_tools ERROR]: 详情页失败：https://www.chictr.org.cn/showproj.html?proj=175528 解析页面失败，代理无效，来源页面：https://www.chictr.org.cn/searchproj.html?page=718&title=&officialname=&subjectid=&regstatus=&regno=&secondaryid=&applier=&studyleader=&createyear=&sponsor=&secsponsor=&sourceofspends=&studyailment=&studyailmentcode=&studytype=&studystage=&studydesign=&recruitmentstatus=&gender=&agreetosign=&measure=&country=&province=&city=&institution=&institutionlevel=&intercode=&ethicalcommitteesanction=&whetherpublic=&minstudyexecutetime=&maxstudyexecutetime=&btngo=btn
失败原因：error：，err：TimeoutError()
2023-05-17 09:39:26 [menet.common_tools ERROR]: 详情页失败：https://www.chictr.org.cn/showproj.html?proj=178892 解析页面失败，代理无效，来源页面：https://www.chictr.org.cn/searchproj.html?page=753&title=&officialname=&subjectid=&regstatus=&regno=&secondaryid=&applier=&studyleader=&createyear=&sponsor=&secsponsor=&sourceofspends=&studyailment=&studyailmentcode=&studytype=&studystage=&studydesign=&recruitmentstatus=&gender=&agreetosign=&measure=&country=&province=&city=&institution=&institutionlevel=&intercode=&ethicalcommitteesanction=&whetherpublic=&minstudyexecutetime=&maxstudyexecutetime=&btngo=btn
失败原因：error：详情页内容异常，url：https://www.chictr.org.cn/showproj.html?proj=178892，err：LimitError('详情页内容异常，url：https://www.chictr.org.cn/showproj.html?proj=178892')
2023-05-17 09:40:32 [menet.common_tools ERROR]: 详情页失败：https://www.chictr.org.cn/showproj.html?proj=181027 解析页面失败，代理无效，来源页面：https://www.chictr.org.cn/searchproj.html?page=730&title=&officialname=&subjectid=&regstatus=&regno=&secondaryid=&applier=&studyleader=&createyear=&sponsor=&secsponsor=&sourceofspends=&studyailment=&studyailmentcode=&studytype=&studystage=&studydesign=&recruitmentstatus=&gender=&agreetosign=&measure=&country=&province=&city=&institution=&institutionlevel=&intercode=&ethicalcommitteesanction=&whetherpublic=&minstudyexecutetime=&maxstudyexecutetime=&btngo=btn
失败原因：error：Cannot connect to host 60.182.185.83:8888 ssl:default [Connect call failed ('60.182.185.83', 8888)]，err：ClientProxyConnectionError(ConnectionKey(host='60.182.185.83', port=8888, is_ssl=False, ssl=None, proxy=None, proxy_auth=None, proxy_headers_hash=None), ConnectionRefusedError(111, "Connect call failed ('60.182.185.83', 8888)"))
2023-05-17 09:42:16 [menet.common_tools INFO]: 20230516 11:40:30 批次 721 至 731 区间采集结束，共消耗 11266.31014532 秒
2023-05-17 09:42:16 [menet.common_tools INFO]: 开始采集 20230516 11:40:30 批次 771 至 781 区间数据
connection unexpectedly closed
Task exception was never retrieved
future: <Task finished name='Task-3684025' coro=<Connection._async_send() done, defined at /usr/local/lib/python3.8/dist-packages/pyppeteer/connection.py:69> exception=InvalidStateError('invalid state')>
Traceback (most recent call last):
  File "/usr/local/lib/python3.8/dist-packages/pyppeteer/connection.py", line 73, in _async_send
    await self.connection.send(msg)
  File "/usr/local/lib/python3.8/dist-packages/websockets/legacy/protocol.py", line 635, in send
    await self.ensure_open()
  File "/usr/local/lib/python3.8/dist-packages/websockets/legacy/protocol.py", line 944, in ensure_open
    raise self.connection_closed_exc()
websockets.exceptions.ConnectionClosedError: no close frame received or sent

During handling of the above exception, another exception occurred:

Traceback (most recent call last):
  File "/usr/local/lib/python3.8/dist-packages/pyppeteer/connection.py", line 79, in _async_send
    await self.dispose()
  File "/usr/local/lib/python3.8/dist-packages/pyppeteer/connection.py", line 170, in dispose
    await self._on_close()
  File "/usr/local/lib/python3.8/dist-packages/pyppeteer/connection.py", line 151, in _on_close
    cb.set_exception(_rewriteError(
asyncio.exceptions.InvalidStateError: invalid state
2023-05-17 10:22:30 [menet.common_tools INFO]: 20230516 11:40:30 批次 711 至 721 区间采集结束，共消耗 15386.09229212 秒
2023-05-17 10:22:30 [menet.common_tools INFO]: 开始采集 20230516 11:40:30 批次 781 至 791 区间数据
2023-05-17 10:24:52 [menet.common_tools ERROR]: 详情页失败：https://www.chictr.org.cn/showproj.html?proj=180302 解析页面失败，代理无效，来源页面：https://www.chictr.org.cn/searchproj.html?page=750&title=&officialname=&subjectid=&regstatus=&regno=&secondaryid=&applier=&studyleader=&createyear=&sponsor=&secsponsor=&sourceofspends=&studyailment=&studyailmentcode=&studytype=&studystage=&studydesign=&recruitmentstatus=&gender=&agreetosign=&measure=&country=&province=&city=&institution=&institutionlevel=&intercode=&ethicalcommitteesanction=&whetherpublic=&minstudyexecutetime=&maxstudyexecutetime=&btngo=btn
失败原因：error：详情页内容异常，url：https://www.chictr.org.cn/showproj.html?proj=180302，err：LimitError('详情页内容异常，url：https://www.chictr.org.cn/showproj.html?proj=180302')
2023-05-17 10:27:19 [menet.common_tools INFO]: 20230516 11:40:30 批次 741 至 751 区间采集结束，共消耗 8310.17145347 秒
2023-05-17 10:27:19 [menet.common_tools INFO]: 开始采集 20230516 11:40:30 批次 791 至 801 区间数据
2023-05-17 10:50:29 [menet.common_tools ERROR]: 详情页失败：https://www.chictr.org.cn/showproj.html?proj=174886 解析页面失败，代理无效，来源页面：https://www.chictr.org.cn/searchproj.html?page=757&title=&officialname=&subjectid=&regstatus=&regno=&secondaryid=&applier=&studyleader=&createyear=&sponsor=&secsponsor=&sourceofspends=&studyailment=&studyailmentcode=&studytype=&studystage=&studydesign=&recruitmentstatus=&gender=&agreetosign=&measure=&country=&province=&city=&institution=&institutionlevel=&intercode=&ethicalcommitteesanction=&whetherpublic=&minstudyexecutetime=&maxstudyexecutetime=&btngo=btn
失败原因：error：详情页内容异常，url：https://www.chictr.org.cn/showproj.html?proj=174886，err：LimitError('详情页内容异常，url：https://www.chictr.org.cn/showproj.html?proj=174886')
2023-05-17 11:20:46 [menet.common_tools ERROR]: 详情页失败：https://www.chictr.org.cn/showproj.html?proj=166575 解析页面失败，代理无效，来源页面：https://www.chictr.org.cn/searchproj.html?page=785&title=&officialname=&subjectid=&regstatus=&regno=&secondaryid=&applier=&studyleader=&createyear=&sponsor=&secsponsor=&sourceofspends=&studyailment=&studyailmentcode=&studytype=&studystage=&studydesign=&recruitmentstatus=&gender=&agreetosign=&measure=&country=&province=&city=&institution=&institutionlevel=&intercode=&ethicalcommitteesanction=&whetherpublic=&minstudyexecutetime=&maxstudyexecutetime=&btngo=btn
失败原因：error：详情页内容异常，url：https://www.chictr.org.cn/showproj.html?proj=166575，err：LimitError('详情页内容异常，url：https://www.chictr.org.cn/showproj.html?proj=166575')
2023-05-17 11:31:50 [menet.common_tools ERROR]: 详情页失败：https://www.chictr.org.cn/showproj.html?proj=171273 解析页面失败，代理无效，来源页面：https://www.chictr.org.cn/searchproj.html?page=794&title=&officialname=&subjectid=&regstatus=&regno=&secondaryid=&applier=&studyleader=&createyear=&sponsor=&secsponsor=&sourceofspends=&studyailment=&studyailmentcode=&studytype=&studystage=&studydesign=&recruitmentstatus=&gender=&agreetosign=&measure=&country=&province=&city=&institution=&institutionlevel=&intercode=&ethicalcommitteesanction=&whetherpublic=&minstudyexecutetime=&maxstudyexecutetime=&btngo=btn
失败原因：error：详情页内容异常，url：https://www.chictr.org.cn/showproj.html?proj=171273，err：LimitError('详情页内容异常，url：https://www.chictr.org.cn/showproj.html?proj=171273')
2023-05-17 11:32:53 [menet.common_tools ERROR]: 详情页失败：https://www.chictr.org.cn/showproj.html?proj=176906 解析页面失败，代理无效，来源页面：https://www.chictr.org.cn/searchproj.html?page=785&title=&officialname=&subjectid=&regstatus=&regno=&secondaryid=&applier=&studyleader=&createyear=&sponsor=&secsponsor=&sourceofspends=&studyailment=&studyailmentcode=&studytype=&studystage=&studydesign=&recruitmentstatus=&gender=&agreetosign=&measure=&country=&province=&city=&institution=&institutionlevel=&intercode=&ethicalcommitteesanction=&whetherpublic=&minstudyexecutetime=&maxstudyexecutetime=&btngo=btn
失败原因：error：滑块解决失败，err：滑块验证后内容异常，err：CaptchaError('滑块解决失败，err：滑块验证后内容异常')
2023-05-17 11:53:49 [menet.common_tools INFO]: 20230516 11:40:30 批次 751 至 761 区间采集结束，共消耗 11870.59061001 秒
2023-05-17 11:53:49 [menet.common_tools INFO]: 开始采集 20230516 11:40:30 批次 801 至 811 区间数据
2023-05-17 11:57:55 [menet.common_tools INFO]: 20230516 11:40:30 批次 761 至 771 区间采集结束，共消耗 11948.48717235 秒
2023-05-17 11:57:55 [menet.common_tools INFO]: 开始采集 20230516 11:40:30 批次 811 至 821 区间数据
2023-05-17 11:58:05 [menet.common_tools ERROR]: 详情页失败：https://www.chictr.org.cn/showproj.html?proj=174875 解析页面失败，代理无效，来源页面：https://www.chictr.org.cn/searchproj.html?page=779&title=&officialname=&subjectid=&regstatus=&regno=&secondaryid=&applier=&studyleader=&createyear=&sponsor=&secsponsor=&sourceofspends=&studyailment=&studyailmentcode=&studytype=&studystage=&studydesign=&recruitmentstatus=&gender=&agreetosign=&measure=&country=&province=&city=&institution=&institutionlevel=&intercode=&ethicalcommitteesanction=&whetherpublic=&minstudyexecutetime=&maxstudyexecutetime=&btngo=btn
失败原因：error：，err：TimeoutError()
2023-05-17 12:02:01 [menet.common_tools ERROR]: 详情页失败：https://www.chictr.org.cn/showproj.html?proj=178155 解析页面失败，代理无效，来源页面：https://www.chictr.org.cn/searchproj.html?page=811&title=&officialname=&subjectid=&regstatus=&regno=&secondaryid=&applier=&studyleader=&createyear=&sponsor=&secsponsor=&sourceofspends=&studyailment=&studyailmentcode=&studytype=&studystage=&studydesign=&recruitmentstatus=&gender=&agreetosign=&measure=&country=&province=&city=&institution=&institutionlevel=&intercode=&ethicalcommitteesanction=&whetherpublic=&minstudyexecutetime=&maxstudyexecutetime=&btngo=btn
失败原因：error：详情页内容异常，url：https://www.chictr.org.cn/showproj.html?proj=178155，err：LimitError('详情页内容异常，url：https://www.chictr.org.cn/showproj.html?proj=178155')
2023-05-17 12:08:52 [menet.common_tools INFO]: 20230516 11:40:30 批次 771 至 781 区间采集结束，共消耗 8795.79031143 秒
2023-05-17 12:08:52 [menet.common_tools INFO]: 开始采集 20230516 11:40:30 批次 821 至 831 区间数据
2023-05-17 12:30:10 [menet.common_tools ERROR]: 详情页失败：https://www.chictr.org.cn/showproj.html?proj=177747 解析页面失败，代理无效，来源页面：https://www.chictr.org.cn/searchproj.html?page=813&title=&officialname=&subjectid=&regstatus=&regno=&secondaryid=&applier=&studyleader=&createyear=&sponsor=&secsponsor=&sourceofspends=&studyailment=&studyailmentcode=&studytype=&studystage=&studydesign=&recruitmentstatus=&gender=&agreetosign=&measure=&country=&province=&city=&institution=&institutionlevel=&intercode=&ethicalcommitteesanction=&whetherpublic=&minstudyexecutetime=&maxstudyexecutetime=&btngo=btn
失败原因：error：滑块解决失败，err：滑块验证后内容异常，err：CaptchaError('滑块解决失败，err：滑块验证后内容异常')
2023-05-17 12:51:49 [menet.common_tools ERROR]: 详情页失败：https://www.chictr.org.cn/showproj.html?proj=176616 解析页面失败，代理无效，来源页面：https://www.chictr.org.cn/searchproj.html?page=823&title=&officialname=&subjectid=&regstatus=&regno=&secondaryid=&applier=&studyleader=&createyear=&sponsor=&secsponsor=&sourceofspends=&studyailment=&studyailmentcode=&studytype=&studystage=&studydesign=&recruitmentstatus=&gender=&agreetosign=&measure=&country=&province=&city=&institution=&institutionlevel=&intercode=&ethicalcommitteesanction=&whetherpublic=&minstudyexecutetime=&maxstudyexecutetime=&btngo=btn
失败原因：error：滑块解决失败，err：滑块验证后内容异常，err：CaptchaError('滑块解决失败，err：滑块验证后内容异常')
2023-05-17 12:59:27 [menet.common_tools INFO]: 20230516 11:40:30 批次 781 至 791 区间采集结束，共消耗 9417.70056702 秒
2023-05-17 12:59:27 [menet.common_tools INFO]: 开始采集 20230516 11:40:30 批次 831 至 841 区间数据
2023-05-17 13:13:52 [menet.common_tools INFO]: 20230516 11:40:30 批次 791 至 801 区间采集结束，共消耗 9992.95368039 秒
2023-05-17 13:13:52 [menet.common_tools INFO]: 开始采集 20230516 11:40:30 批次 841 至 851 区间数据
connection unexpectedly closed
Task exception was never retrieved
future: <Task finished name='Task-4006221' coro=<Connection._async_send() done, defined at /usr/local/lib/python3.8/dist-packages/pyppeteer/connection.py:69> exception=InvalidStateError('invalid state')>
Traceback (most recent call last):
  File "/usr/local/lib/python3.8/dist-packages/websockets/legacy/protocol.py", line 968, in transfer_data
    message = await self.read_message()
  File "/usr/local/lib/python3.8/dist-packages/websockets/legacy/protocol.py", line 1038, in read_message
    frame = await self.read_data_frame(max_size=self.max_size)
  File "/usr/local/lib/python3.8/dist-packages/websockets/legacy/protocol.py", line 1113, in read_data_frame
    frame = await self.read_frame(max_size)
  File "/usr/local/lib/python3.8/dist-packages/websockets/legacy/protocol.py", line 1170, in read_frame
    frame = await Frame.read(
  File "/usr/local/lib/python3.8/dist-packages/websockets/legacy/framing.py", line 69, in read
    data = await reader(2)
  File "/usr/lib/python3.8/asyncio/streams.py", line 721, in readexactly
    raise exceptions.IncompleteReadError(incomplete, n)
asyncio.exceptions.IncompleteReadError: 0 bytes read on a total of 2 expected bytes

The above exception was the direct cause of the following exception:

Traceback (most recent call last):
  File "/usr/local/lib/python3.8/dist-packages/pyppeteer/connection.py", line 73, in _async_send
    await self.connection.send(msg)
  File "/usr/local/lib/python3.8/dist-packages/websockets/legacy/protocol.py", line 635, in send
    await self.ensure_open()
  File "/usr/local/lib/python3.8/dist-packages/websockets/legacy/protocol.py", line 944, in ensure_open
    raise self.connection_closed_exc()
websockets.exceptions.ConnectionClosedError: no close frame received or sent

During handling of the above exception, another exception occurred:

Traceback (most recent call last):
  File "/usr/local/lib/python3.8/dist-packages/pyppeteer/connection.py", line 79, in _async_send
    await self.dispose()
  File "/usr/local/lib/python3.8/dist-packages/pyppeteer/connection.py", line 170, in dispose
    await self._on_close()
  File "/usr/local/lib/python3.8/dist-packages/pyppeteer/connection.py", line 151, in _on_close
    cb.set_exception(_rewriteError(
asyncio.exceptions.InvalidStateError: invalid state
2023-05-17 13:47:39 [menet.common_tools ERROR]: 详情页失败：https://www.chictr.org.cn/showproj.html?proj=166420 解析页面失败，代理无效，来源页面：https://www.chictr.org.cn/searchproj.html?page=818&title=&officialname=&subjectid=&regstatus=&regno=&secondaryid=&applier=&studyleader=&createyear=&sponsor=&secsponsor=&sourceofspends=&studyailment=&studyailmentcode=&studytype=&studystage=&studydesign=&recruitmentstatus=&gender=&agreetosign=&measure=&country=&province=&city=&institution=&institutionlevel=&intercode=&ethicalcommitteesanction=&whetherpublic=&minstudyexecutetime=&maxstudyexecutetime=&btngo=btn
失败原因：error：详情页内容异常，url：https://www.chictr.org.cn/showproj.html?proj=166420，err：LimitError('详情页内容异常，url：https://www.chictr.org.cn/showproj.html?proj=166420')
2023-05-17 14:28:01 [menet.common_tools ERROR]: 详情页失败：https://www.chictr.org.cn/showproj.html?proj=177085 解析页面失败，代理无效，来源页面：https://www.chictr.org.cn/searchproj.html?page=820&title=&officialname=&subjectid=&regstatus=&regno=&secondaryid=&applier=&studyleader=&createyear=&sponsor=&secsponsor=&sourceofspends=&studyailment=&studyailmentcode=&studytype=&studystage=&studydesign=&recruitmentstatus=&gender=&agreetosign=&measure=&country=&province=&city=&institution=&institutionlevel=&intercode=&ethicalcommitteesanction=&whetherpublic=&minstudyexecutetime=&maxstudyexecutetime=&btngo=btn
失败原因：error：滑块解决失败，err：滑块验证后内容异常，err：CaptchaError('滑块解决失败，err：滑块验证后内容异常')
2023-05-17 14:28:21 [menet.common_tools INFO]: 20230516 11:40:30 批次 821 至 831 区间采集结束，共消耗 8369.39814212 秒
2023-05-17 14:28:21 [menet.common_tools INFO]: 开始采集 20230516 11:40:30 批次 851 至 861 区间数据
2023-05-17 14:32:32 [menet.common_tools INFO]: 20230516 11:40:30 批次 811 至 821 区间采集结束，共消耗 9277.43034809 秒
2023-05-17 14:32:32 [menet.common_tools INFO]: 开始采集 20230516 11:40:30 批次 861 至 871 区间数据
2023-05-17 14:37:59 [menet.common_tools ERROR]: 详情页失败：https://www.chictr.org.cn/showproj.html?proj=176191 解析页面失败，代理无效，来源页面：https://www.chictr.org.cn/searchproj.html?page=861&title=&officialname=&subjectid=&regstatus=&regno=&secondaryid=&applier=&studyleader=&createyear=&sponsor=&secsponsor=&sourceofspends=&studyailment=&studyailmentcode=&studytype=&studystage=&studydesign=&recruitmentstatus=&gender=&agreetosign=&measure=&country=&province=&city=&institution=&institutionlevel=&intercode=&ethicalcommitteesanction=&whetherpublic=&minstudyexecutetime=&maxstudyexecutetime=&btngo=btn
失败原因：error：打开滑块页面报错，err：net::ERR_TIMED_OUT at https://www.chictr.org.cn/showproj.html?proj=176191，err：CaptchaError('打开滑块页面报错，err：net::ERR_TIMED_OUT at https://www.chictr.org.cn/showproj.html?proj=176191')
2023-05-17 14:38:31 [menet.common_tools ERROR]: 详情页失败：https://www.chictr.org.cn/showproj.html?proj=171436 解析页面失败，代理无效，来源页面：https://www.chictr.org.cn/searchproj.html?page=835&title=&officialname=&subjectid=&regstatus=&regno=&secondaryid=&applier=&studyleader=&createyear=&sponsor=&secsponsor=&sourceofspends=&studyailment=&studyailmentcode=&studytype=&studystage=&studydesign=&recruitmentstatus=&gender=&agreetosign=&measure=&country=&province=&city=&institution=&institutionlevel=&intercode=&ethicalcommitteesanction=&whetherpublic=&minstudyexecutetime=&maxstudyexecutetime=&btngo=btn
失败原因：error：详情页内容异常，url：https://www.chictr.org.cn/showproj.html?proj=171436，err：LimitError('详情页内容异常，url：https://www.chictr.org.cn/showproj.html?proj=171436')
2023-05-17 14:46:38 [menet.common_tools ERROR]: 详情页失败：https://www.chictr.org.cn/showproj.html?proj=176886 解析页面失败，代理无效，来源页面：https://www.chictr.org.cn/searchproj.html?page=852&title=&officialname=&subjectid=&regstatus=&regno=&secondaryid=&applier=&studyleader=&createyear=&sponsor=&secsponsor=&sourceofspends=&studyailment=&studyailmentcode=&studytype=&studystage=&studydesign=&recruitmentstatus=&gender=&agreetosign=&measure=&country=&province=&city=&institution=&institutionlevel=&intercode=&ethicalcommitteesanction=&whetherpublic=&minstudyexecutetime=&maxstudyexecutetime=&btngo=btn
失败原因：error：，err：TimeoutError()
2023-05-17 14:58:55 [menet.common_tools ERROR]: 详情页失败：https://www.chictr.org.cn/showproj.html?proj=171007 解析页面失败，代理无效，来源页面：https://www.chictr.org.cn/searchproj.html?page=836&title=&officialname=&subjectid=&regstatus=&regno=&secondaryid=&applier=&studyleader=&createyear=&sponsor=&secsponsor=&sourceofspends=&studyailment=&studyailmentcode=&studytype=&studystage=&studydesign=&recruitmentstatus=&gender=&agreetosign=&measure=&country=&province=&city=&institution=&institutionlevel=&intercode=&ethicalcommitteesanction=&whetherpublic=&minstudyexecutetime=&maxstudyexecutetime=&btngo=btn
失败原因：error：，err：TimeoutError()
2023-05-17 15:02:40 [menet.common_tools ERROR]: 详情页失败：https://www.chictr.org.cn/showproj.html?proj=169369 解析页面失败，代理无效，来源页面：https://www.chictr.org.cn/searchproj.html?page=836&title=&officialname=&subjectid=&regstatus=&regno=&secondaryid=&applier=&studyleader=&createyear=&sponsor=&secsponsor=&sourceofspends=&studyailment=&studyailmentcode=&studytype=&studystage=&studydesign=&recruitmentstatus=&gender=&agreetosign=&measure=&country=&province=&city=&institution=&institutionlevel=&intercode=&ethicalcommitteesanction=&whetherpublic=&minstudyexecutetime=&maxstudyexecutetime=&btngo=btn
失败原因：error：，err：TimeoutError()
2023-05-17 15:16:28 [menet.common_tools ERROR]: 详情页失败：https://www.chictr.org.cn/showproj.html?proj=175220 解析页面失败，代理无效，来源页面：https://www.chictr.org.cn/searchproj.html?page=853&title=&officialname=&subjectid=&regstatus=&regno=&secondaryid=&applier=&studyleader=&createyear=&sponsor=&secsponsor=&sourceofspends=&studyailment=&studyailmentcode=&studytype=&studystage=&studydesign=&recruitmentstatus=&gender=&agreetosign=&measure=&country=&province=&city=&institution=&institutionlevel=&intercode=&ethicalcommitteesanction=&whetherpublic=&minstudyexecutetime=&maxstudyexecutetime=&btngo=btn
失败原因：error：详情页内容异常，url：https://www.chictr.org.cn/showproj.html?proj=175220，err：LimitError('详情页内容异常，url：https://www.chictr.org.cn/showproj.html?proj=175220')
2023-05-17 15:23:40 [menet.common_tools ERROR]: 详情页失败：https://www.chictr.org.cn/showproj.html?proj=177036 解析页面失败，代理无效，来源页面：https://www.chictr.org.cn/searchproj.html?page=854&title=&officialname=&subjectid=&regstatus=&regno=&secondaryid=&applier=&studyleader=&createyear=&sponsor=&secsponsor=&sourceofspends=&studyailment=&studyailmentcode=&studytype=&studystage=&studydesign=&recruitmentstatus=&gender=&agreetosign=&measure=&country=&province=&city=&institution=&institutionlevel=&intercode=&ethicalcommitteesanction=&whetherpublic=&minstudyexecutetime=&maxstudyexecutetime=&btngo=btn
失败原因：error：，err：TimeoutError()
2023-05-17 15:31:05 [menet.common_tools ERROR]: 详情页失败：https://www.chictr.org.cn/showproj.html?proj=175226 解析页面失败，代理无效，来源页面：https://www.chictr.org.cn/searchproj.html?page=863&title=&officialname=&subjectid=&regstatus=&regno=&secondaryid=&applier=&studyleader=&createyear=&sponsor=&secsponsor=&sourceofspends=&studyailment=&studyailmentcode=&studytype=&studystage=&studydesign=&recruitmentstatus=&gender=&agreetosign=&measure=&country=&province=&city=&institution=&institutionlevel=&intercode=&ethicalcommitteesanction=&whetherpublic=&minstudyexecutetime=&maxstudyexecutetime=&btngo=btn
失败原因：error：详情页内容异常，url：https://www.chictr.org.cn/showproj.html?proj=175226，err：LimitError('详情页内容异常，url：https://www.chictr.org.cn/showproj.html?proj=175226')
2023-05-17 15:44:15 [menet.common_tools ERROR]: 详情页失败：https://www.chictr.org.cn/showproj.html?proj=136237 解析页面失败，代理无效，来源页面：https://www.chictr.org.cn/searchproj.html?page=865&title=&officialname=&subjectid=&regstatus=&regno=&secondaryid=&applier=&studyleader=&createyear=&sponsor=&secsponsor=&sourceofspends=&studyailment=&studyailmentcode=&studytype=&studystage=&studydesign=&recruitmentstatus=&gender=&agreetosign=&measure=&country=&province=&city=&institution=&institutionlevel=&intercode=&ethicalcommitteesanction=&whetherpublic=&minstudyexecutetime=&maxstudyexecutetime=&btngo=btn
失败原因：error：滑块解决失败，err：滑块验证后内容异常，err：CaptchaError('滑块解决失败，err：滑块验证后内容异常')
2023-05-17 15:44:34 [menet.common_tools ERROR]: 详情页失败：https://www.chictr.org.cn/showproj.html?proj=169827 解析页面失败，代理无效，来源页面：https://www.chictr.org.cn/searchproj.html?page=854&title=&officialname=&subjectid=&regstatus=&regno=&secondaryid=&applier=&studyleader=&createyear=&sponsor=&secsponsor=&sourceofspends=&studyailment=&studyailmentcode=&studytype=&studystage=&studydesign=&recruitmentstatus=&gender=&agreetosign=&measure=&country=&province=&city=&institution=&institutionlevel=&intercode=&ethicalcommitteesanction=&whetherpublic=&minstudyexecutetime=&maxstudyexecutetime=&btngo=btn
失败原因：error：详情页内容异常，url：https://www.chictr.org.cn/showproj.html?proj=169827，err：LimitError('详情页内容异常，url：https://www.chictr.org.cn/showproj.html?proj=169827')
2023-05-17 15:50:56 [menet.common_tools ERROR]: 详情页失败：https://www.chictr.org.cn/showproj.html?proj=171556 解析页面失败，代理无效，来源页面：https://www.chictr.org.cn/searchproj.html?page=855&title=&officialname=&subjectid=&regstatus=&regno=&secondaryid=&applier=&studyleader=&createyear=&sponsor=&secsponsor=&sourceofspends=&studyailment=&studyailmentcode=&studytype=&studystage=&studydesign=&recruitmentstatus=&gender=&agreetosign=&measure=&country=&province=&city=&institution=&institutionlevel=&intercode=&ethicalcommitteesanction=&whetherpublic=&minstudyexecutetime=&maxstudyexecutetime=&btngo=btn
失败原因：error：详情页内容异常，url：https://www.chictr.org.cn/showproj.html?proj=171556，err：LimitError('详情页内容异常，url：https://www.chictr.org.cn/showproj.html?proj=171556')
2023-05-17 15:58:51 [menet.common_tools ERROR]: 详情页失败：https://www.chictr.org.cn/showproj.html?proj=177808 解析页面失败，代理无效，来源页面：https://www.chictr.org.cn/searchproj.html?page=850&title=&officialname=&subjectid=&regstatus=&regno=&secondaryid=&applier=&studyleader=&createyear=&sponsor=&secsponsor=&sourceofspends=&studyailment=&studyailmentcode=&studytype=&studystage=&studydesign=&recruitmentstatus=&gender=&agreetosign=&measure=&country=&province=&city=&institution=&institutionlevel=&intercode=&ethicalcommitteesanction=&whetherpublic=&minstudyexecutetime=&maxstudyexecutetime=&btngo=btn
失败原因：error：详情页内容异常，url：https://www.chictr.org.cn/showproj.html?proj=177808，err：LimitError('详情页内容异常，url：https://www.chictr.org.cn/showproj.html?proj=177808')
2023-05-17 16:06:31 [menet.common_tools ERROR]: 详情页失败：https://www.chictr.org.cn/showproj.html?proj=177836 解析页面失败，代理无效，来源页面：https://www.chictr.org.cn/searchproj.html?page=850&title=&officialname=&subjectid=&regstatus=&regno=&secondaryid=&applier=&studyleader=&createyear=&sponsor=&secsponsor=&sourceofspends=&studyailment=&studyailmentcode=&studytype=&studystage=&studydesign=&recruitmentstatus=&gender=&agreetosign=&measure=&country=&province=&city=&institution=&institutionlevel=&intercode=&ethicalcommitteesanction=&whetherpublic=&minstudyexecutetime=&maxstudyexecutetime=&btngo=btn
失败原因：error：详情页内容异常，url：https://www.chictr.org.cn/showproj.html?proj=177836，err：LimitError('详情页内容异常，url：https://www.chictr.org.cn/showproj.html?proj=177836')
2023-05-17 16:06:57 [menet.common_tools INFO]: 20230516 11:40:30 批次 831 至 841 区间采集结束，共消耗 11249.94893965 秒
2023-05-17 16:06:57 [menet.common_tools INFO]: 开始采集 20230516 11:40:30 批次 871 至 881 区间数据
2023-05-17 16:11:37 [menet.common_tools INFO]: 20230516 11:40:30 批次 841 至 851 区间采集结束，共消耗 10665.17082500 秒
2023-05-17 16:11:37 [menet.common_tools INFO]: 开始采集 20230516 11:40:30 批次 881 至 891 区间数据
2023-05-17 16:41:13 [menet.common_tools ERROR]: 详情页失败：https://www.chictr.org.cn/showproj.html?proj=174894 解析页面失败，代理无效，来源页面：https://www.chictr.org.cn/searchproj.html?page=867&title=&officialname=&subjectid=&regstatus=&regno=&secondaryid=&applier=&studyleader=&createyear=&sponsor=&secsponsor=&sourceofspends=&studyailment=&studyailmentcode=&studytype=&studystage=&studydesign=&recruitmentstatus=&gender=&agreetosign=&measure=&country=&province=&city=&institution=&institutionlevel=&intercode=&ethicalcommitteesanction=&whetherpublic=&minstudyexecutetime=&maxstudyexecutetime=&btngo=btn
失败原因：error：详情页内容异常，url：https://www.chictr.org.cn/showproj.html?proj=174894，err：LimitError('详情页内容异常，url：https://www.chictr.org.cn/showproj.html?proj=174894')
2023-05-17 17:14:32 [menet.common_tools ERROR]: 详情页失败：https://www.chictr.org.cn/showproj.html?proj=176147 解析页面失败，代理无效，来源页面：https://www.chictr.org.cn/searchproj.html?page=869&title=&officialname=&subjectid=&regstatus=&regno=&secondaryid=&applier=&studyleader=&createyear=&sponsor=&secsponsor=&sourceofspends=&studyailment=&studyailmentcode=&studytype=&studystage=&studydesign=&recruitmentstatus=&gender=&agreetosign=&measure=&country=&province=&city=&institution=&institutionlevel=&intercode=&ethicalcommitteesanction=&whetherpublic=&minstudyexecutetime=&maxstudyexecutetime=&btngo=btn
失败原因：error：详情页内容异常，url：https://www.chictr.org.cn/showproj.html?proj=176147，err：LimitError('详情页内容异常，url：https://www.chictr.org.cn/showproj.html?proj=176147')
2023-05-17 17:33:36 [menet.common_tools INFO]: 20230516 11:40:30 批次 851 至 861 区间采集结束，共消耗 11114.78600965 秒
2023-05-17 17:33:36 [menet.common_tools INFO]: 开始采集 20230516 11:40:30 批次 891 至 901 区间数据
2023-05-17 17:38:18 [menet.common_tools ERROR]: 详情页失败：https://www.chictr.org.cn/showproj.html?proj=173200 解析页面失败，代理无效，来源页面：https://www.chictr.org.cn/searchproj.html?page=870&title=&officialname=&subjectid=&regstatus=&regno=&secondaryid=&applier=&studyleader=&createyear=&sponsor=&secsponsor=&sourceofspends=&studyailment=&studyailmentcode=&studytype=&studystage=&studydesign=&recruitmentstatus=&gender=&agreetosign=&measure=&country=&province=&city=&institution=&institutionlevel=&intercode=&ethicalcommitteesanction=&whetherpublic=&minstudyexecutetime=&maxstudyexecutetime=&btngo=btn
失败原因：error：，err：TimeoutError()
2023-05-17 17:38:18 [menet.common_tools INFO]: 20230516 11:40:30 批次 861 至 871 区间采集结束，共消耗 11145.82287385 秒
2023-05-17 17:38:18 [menet.common_tools INFO]: 开始采集 20230516 11:40:30 批次 901 至 911 区间数据
2023-05-17 17:49:39 [menet.common_tools ERROR]: 详情页失败：https://www.chictr.org.cn/showproj.html?proj=165907 解析页面失败，代理无效，来源页面：https://www.chictr.org.cn/searchproj.html?page=901&title=&officialname=&subjectid=&regstatus=&regno=&secondaryid=&applier=&studyleader=&createyear=&sponsor=&secsponsor=&sourceofspends=&studyailment=&studyailmentcode=&studytype=&studystage=&studydesign=&recruitmentstatus=&gender=&agreetosign=&measure=&country=&province=&city=&institution=&institutionlevel=&intercode=&ethicalcommitteesanction=&whetherpublic=&minstudyexecutetime=&maxstudyexecutetime=&btngo=btn
失败原因：error：，err：TimeoutError()
connection unexpectedly closed
Task exception was never retrieved
future: <Task finished name='Task-4293115' coro=<Connection._async_send() done, defined at /usr/local/lib/python3.8/dist-packages/pyppeteer/connection.py:69> exception=InvalidStateError('invalid state')>
Traceback (most recent call last):
  File "/usr/local/lib/python3.8/dist-packages/pyppeteer/connection.py", line 73, in _async_send
    await self.connection.send(msg)
  File "/usr/local/lib/python3.8/dist-packages/websockets/legacy/protocol.py", line 635, in send
    await self.ensure_open()
  File "/usr/local/lib/python3.8/dist-packages/websockets/legacy/protocol.py", line 944, in ensure_open
    raise self.connection_closed_exc()
websockets.exceptions.ConnectionClosedError: no close frame received or sent

During handling of the above exception, another exception occurred:

Traceback (most recent call last):
  File "/usr/local/lib/python3.8/dist-packages/pyppeteer/connection.py", line 79, in _async_send
    await self.dispose()
  File "/usr/local/lib/python3.8/dist-packages/pyppeteer/connection.py", line 170, in dispose
    await self._on_close()
  File "/usr/local/lib/python3.8/dist-packages/pyppeteer/connection.py", line 151, in _on_close
    cb.set_exception(_rewriteError(
asyncio.exceptions.InvalidStateError: invalid state
2023-05-17 18:02:30 [menet.common_tools ERROR]: 详情页失败：https://www.chictr.org.cn/showproj.html?proj=173872 解析页面失败，代理无效，来源页面：https://www.chictr.org.cn/searchproj.html?page=880&title=&officialname=&subjectid=&regstatus=&regno=&secondaryid=&applier=&studyleader=&createyear=&sponsor=&secsponsor=&sourceofspends=&studyailment=&studyailmentcode=&studytype=&studystage=&studydesign=&recruitmentstatus=&gender=&agreetosign=&measure=&country=&province=&city=&institution=&institutionlevel=&intercode=&ethicalcommitteesanction=&whetherpublic=&minstudyexecutetime=&maxstudyexecutetime=&btngo=btn
失败原因：error：详情页内容异常，url：https://www.chictr.org.cn/showproj.html?proj=173872，err：LimitError('详情页内容异常，url：https://www.chictr.org.cn/showproj.html?proj=173872')
2023-05-17 18:06:11 [menet.common_tools INFO]: 20230516 11:40:30 批次 871 至 881 区间采集结束，共消耗 7153.80210969 秒
2023-05-17 18:06:11 [menet.common_tools INFO]: 开始采集 20230516 11:40:30 批次 911 至 921 区间数据
2023-05-17 18:18:11 [menet.common_tools ERROR]: 详情页失败：https://www.chictr.org.cn/showproj.html?proj=167347 解析页面失败，代理无效，来源页面：https://www.chictr.org.cn/searchproj.html?page=893&title=&officialname=&subjectid=&regstatus=&regno=&secondaryid=&applier=&studyleader=&createyear=&sponsor=&secsponsor=&sourceofspends=&studyailment=&studyailmentcode=&studytype=&studystage=&studydesign=&recruitmentstatus=&gender=&agreetosign=&measure=&country=&province=&city=&institution=&institutionlevel=&intercode=&ethicalcommitteesanction=&whetherpublic=&minstudyexecutetime=&maxstudyexecutetime=&btngo=btn
失败原因：error：详情页内容异常，url：https://www.chictr.org.cn/showproj.html?proj=167347，err：LimitError('详情页内容异常，url：https://www.chictr.org.cn/showproj.html?proj=167347')
2023-05-17 18:32:54 [menet.common_tools ERROR]: 详情页失败：https://www.chictr.org.cn/showproj.html?proj=173469 解析页面失败，代理无效，来源页面：https://www.chictr.org.cn/searchproj.html?page=894&title=&officialname=&subjectid=&regstatus=&regno=&secondaryid=&applier=&studyleader=&createyear=&sponsor=&secsponsor=&sourceofspends=&studyailment=&studyailmentcode=&studytype=&studystage=&studydesign=&recruitmentstatus=&gender=&agreetosign=&measure=&country=&province=&city=&institution=&institutionlevel=&intercode=&ethicalcommitteesanction=&whetherpublic=&minstudyexecutetime=&maxstudyexecutetime=&btngo=btn
失败原因：error：详情页内容异常，url：https://www.chictr.org.cn/showproj.html?proj=173469，err：LimitError('详情页内容异常，url：https://www.chictr.org.cn/showproj.html?proj=173469')
2023-05-17 18:59:31 [menet.common_tools INFO]: 20230516 11:40:30 批次 881 至 891 区间采集结束，共消耗 10074.09515599 秒
2023-05-17 18:59:31 [menet.common_tools INFO]: 开始采集 20230516 11:40:30 批次 921 至 931 区间数据
2023-05-17 19:25:56 [menet.common_tools ERROR]: 详情页失败：https://www.chictr.org.cn/showproj.html?proj=175578 解析页面失败，代理无效，来源页面：https://www.chictr.org.cn/searchproj.html?page=905&title=&officialname=&subjectid=&regstatus=&regno=&secondaryid=&applier=&studyleader=&createyear=&sponsor=&secsponsor=&sourceofspends=&studyailment=&studyailmentcode=&studytype=&studystage=&studydesign=&recruitmentstatus=&gender=&agreetosign=&measure=&country=&province=&city=&institution=&institutionlevel=&intercode=&ethicalcommitteesanction=&whetherpublic=&minstudyexecutetime=&maxstudyexecutetime=&btngo=btn
失败原因：error：详情页内容异常，url：https://www.chictr.org.cn/showproj.html?proj=175578，err：LimitError('详情页内容异常，url：https://www.chictr.org.cn/showproj.html?proj=175578')
2023-05-17 19:44:29 [menet.common_tools ERROR]: 检索页失败：https://www.chictr.org.cn/searchproj.html?page=915&title=&officialname=&subjectid=&regstatus=&regno=&secondaryid=&applier=&studyleader=&createyear=&sponsor=&secsponsor=&sourceofspends=&studyailment=&studyailmentcode=&studytype=&studystage=&studydesign=&recruitmentstatus=&gender=&agreetosign=&measure=&country=&province=&city=&institution=&institutionlevel=&intercode=&ethicalcommitteesanction=&whetherpublic=&minstudyexecutetime=&maxstudyexecutetime=&btngo=btn 解析检索页失败，代理无效
失败原因：error：检索页数据异常，切换IP重新抓取，err：LimitError('检索页数据异常，切换IP重新抓取')
2023-05-17 19:44:29 [menet.common_tools ERROR]: 20230516 11:40:30 批次当前页： https://www.chictr.org.cn/searchproj.html?page=915&title=&officialname=&subjectid=&regstatus=&regno=&secondaryid=&applier=&studyleader=&createyear=&sponsor=&secsponsor=&sourceofspends=&studyailment=&studyailmentcode=&studytype=&studystage=&studydesign=&recruitmentstatus=&gender=&agreetosign=&measure=&country=&province=&city=&institution=&institutionlevel=&intercode=&ethicalcommitteesanction=&whetherpublic=&minstudyexecutetime=&maxstudyexecutetime=&btngo=btn 处理异常，写入失败队列
2023-05-17 19:58:32 [menet.common_tools ERROR]: 详情页失败：https://www.chictr.org.cn/showproj.html?proj=175965 解析页面失败，代理无效，来源页面：https://www.chictr.org.cn/searchproj.html?page=916&title=&officialname=&subjectid=&regstatus=&regno=&secondaryid=&applier=&studyleader=&createyear=&sponsor=&secsponsor=&sourceofspends=&studyailment=&studyailmentcode=&studytype=&studystage=&studydesign=&recruitmentstatus=&gender=&agreetosign=&measure=&country=&province=&city=&institution=&institutionlevel=&intercode=&ethicalcommitteesanction=&whetherpublic=&minstudyexecutetime=&maxstudyexecutetime=&btngo=btn
失败原因：error：详情页内容异常，url：https://www.chictr.org.cn/showproj.html?proj=175965，err：LimitError('详情页内容异常，url：https://www.chictr.org.cn/showproj.html?proj=175965')
2023-05-17 20:08:45 [menet.common_tools INFO]: 20230516 11:40:30 批次 891 至 901 区间采集结束，共消耗 9308.79359072 秒
2023-05-17 20:08:45 [menet.common_tools INFO]: 开始采集 20230516 11:40:30 批次 931 至 941 区间数据
2023-05-17 20:34:57 [menet.common_tools ERROR]: 详情页失败：https://www.chictr.org.cn/showproj.html?proj=173092 解析页面失败，代理无效，来源页面：https://www.chictr.org.cn/searchproj.html?page=909&title=&officialname=&subjectid=&regstatus=&regno=&secondaryid=&applier=&studyleader=&createyear=&sponsor=&secsponsor=&sourceofspends=&studyailment=&studyailmentcode=&studytype=&studystage=&studydesign=&recruitmentstatus=&gender=&agreetosign=&measure=&country=&province=&city=&institution=&institutionlevel=&intercode=&ethicalcommitteesanction=&whetherpublic=&minstudyexecutetime=&maxstudyexecutetime=&btngo=btn
失败原因：error：详情页内容异常，url：https://www.chictr.org.cn/showproj.html?proj=173092，err：LimitError('详情页内容异常，url：https://www.chictr.org.cn/showproj.html?proj=173092')
2023-05-17 20:40:17 [menet.common_tools ERROR]: 详情页失败：https://www.chictr.org.cn/showproj.html?proj=176159 解析页面失败，代理无效，来源页面：https://www.chictr.org.cn/searchproj.html?page=909&title=&officialname=&subjectid=&regstatus=&regno=&secondaryid=&applier=&studyleader=&createyear=&sponsor=&secsponsor=&sourceofspends=&studyailment=&studyailmentcode=&studytype=&studystage=&studydesign=&recruitmentstatus=&gender=&agreetosign=&measure=&country=&province=&city=&institution=&institutionlevel=&intercode=&ethicalcommitteesanction=&whetherpublic=&minstudyexecutetime=&maxstudyexecutetime=&btngo=btn
失败原因：error：详情页内容异常，url：https://www.chictr.org.cn/showproj.html?proj=176159，err：LimitError('详情页内容异常，url：https://www.chictr.org.cn/showproj.html?proj=176159')
2023-05-17 20:57:41 [menet.common_tools INFO]: 20230516 11:40:30 批次 901 至 911 区间采集结束，共消耗 11963.01978673 秒
2023-05-17 20:57:41 [menet.common_tools INFO]: 开始采集 20230516 11:40:30 批次 941 至 951 区间数据
2023-05-17 21:23:53 [menet.common_tools INFO]: 20230516 11:40:30 批次 911 至 921 区间采集结束，共消耗 11861.60349830 秒
2023-05-17 21:23:53 [menet.common_tools INFO]: 开始采集 20230516 11:40:30 批次 951 至 961 区间数据
2023-05-16 11:40:30 [menet.common_tools INFO]: 本次采集信息
redis_version_key: 20230516114030
page_batch: 20230516114030:all_pages
failed_detail_urls: 20230516114030:failed_detail_urls
failed_menu_urls: 20230516114030:failed_menu_urls
cur_page: 1, pre_end_page: 6939
2023-05-16 11:40:30 [menet.common_tools INFO]: 开始 20230516114030:all_pages 的数据采集，页数范围：1 ~ 6939
2023-05-16 11:40:30 [menet.common_tools INFO]: 开始采集 20230516 11:40:30 批次 1 至 11 区间数据
2023-05-16 11:40:30 [menet.common_tools INFO]: 开始采集 20230516 11:40:30 批次 11 至 21 区间数据
2023-05-16 11:40:30 [menet.common_tools INFO]: 开始采集 20230516 11:40:30 批次 21 至 31 区间数据
2023-05-16 11:40:30 [menet.common_tools INFO]: 开始采集 20230516 11:40:30 批次 31 至 41 区间数据
2023-05-16 11:40:31 [menet.common_tools INFO]: 开始采集 20230516 11:40:30 批次 41 至 51 区间数据
2023-05-16 11:40:31 [menet.common_tools INFO]: 开始采集 20230516 11:40:30 批次 51 至 61 区间数据
2023-05-16 11:40:31 [menet.common_tools INFO]: 开始采集 20230516 11:40:30 批次 61 至 71 区间数据
2023-05-16 11:40:31 [menet.common_tools INFO]: 开始采集 20230516 11:40:30 批次 71 至 81 区间数据
2023-05-16 11:40:31 [menet.common_tools INFO]: 开始采集 20230516 11:40:30 批次 81 至 91 区间数据
2023-05-16 11:40:31 [menet.common_tools INFO]: 开始采集 20230516 11:40:30 批次 91 至 101 区间数据
2023-05-16 12:33:34 [menet.common_tools ERROR]: 详情页失败：https://www.chictr.org.cn/showproj.html?proj=195903 解析页面失败，代理无效，来源页面：https://www.chictr.org.cn/searchproj.html?page=17&title=&officialname=&subjectid=&regstatus=&regno=&secondaryid=&applier=&studyleader=&createyear=&sponsor=&secsponsor=&sourceofspends=&studyailment=&studyailmentcode=&studytype=&studystage=&studydesign=&recruitmentstatus=&gender=&agreetosign=&measure=&country=&province=&city=&institution=&institutionlevel=&intercode=&ethicalcommitteesanction=&whetherpublic=&minstudyexecutetime=&maxstudyexecutetime=&btngo=btn
失败原因：error：[Errno 104] Connection reset by peer，err：ClientOSError(104, 'Connection reset by peer')
2023-05-16 12:49:34 [menet.common_tools ERROR]: 详情页失败：https://www.chictr.org.cn/showproj.html?proj=194190 解析页面失败，代理无效，来源页面：https://www.chictr.org.cn/searchproj.html?page=79&title=&officialname=&subjectid=&regstatus=&regno=&secondaryid=&applier=&studyleader=&createyear=&sponsor=&secsponsor=&sourceofspends=&studyailment=&studyailmentcode=&studytype=&studystage=&studydesign=&recruitmentstatus=&gender=&agreetosign=&measure=&country=&province=&city=&institution=&institutionlevel=&intercode=&ethicalcommitteesanction=&whetherpublic=&minstudyexecutetime=&maxstudyexecutetime=&btngo=btn
失败原因：error：详情页内容异常，url：https://www.chictr.org.cn/showproj.html?proj=194190，err：LimitError('详情页内容异常，url：https://www.chictr.org.cn/showproj.html?proj=194190')
2023-05-16 12:52:32 [menet.common_tools INFO]: 20230516 11:40:30 批次 61 至 71 区间采集结束，共消耗 4321.10430624 秒
2023-05-16 12:52:32 [menet.common_tools INFO]: 开始采集 20230516 11:40:30 批次 101 至 111 区间数据
2023-05-16 13:04:20 [menet.common_tools INFO]: 20230516 11:40:30 批次 41 至 51 区间采集结束，共消耗 5029.38558774 秒
2023-05-16 13:04:20 [menet.common_tools INFO]: 开始采集 20230516 11:40:30 批次 111 至 121 区间数据
2023-05-16 13:06:24 [menet.common_tools INFO]: 20230516 11:40:30 批次 1 至 11 区间采集结束，共消耗 5153.98236841 秒
2023-05-16 13:06:24 [menet.common_tools INFO]: 开始采集 20230516 11:40:30 批次 121 至 131 区间数据
2023-05-16 13:07:39 [menet.common_tools INFO]: 20230516 11:40:30 批次 11 至 21 区间采集结束，共消耗 5228.37156741 秒
2023-05-16 13:07:39 [menet.common_tools INFO]: 开始采集 20230516 11:40:30 批次 131 至 141 区间数据
2023-05-16 13:12:04 [menet.common_tools INFO]: 20230516 11:40:30 批次 31 至 41 区间采集结束，共消耗 5493.41173673 秒
2023-05-16 13:12:04 [menet.common_tools INFO]: 开始采集 20230516 11:40:30 批次 141 至 151 区间数据
2023-05-16 13:16:38 [menet.common_tools INFO]: 20230516 11:40:30 批次 71 至 81 区间采集结束，共消耗 5767.15355974 秒
2023-05-16 13:16:38 [menet.common_tools INFO]: 开始采集 20230516 11:40:30 批次 151 至 161 区间数据
2023-05-16 13:24:11 [menet.common_tools INFO]: 20230516 11:40:30 批次 21 至 31 区间采集结束，共消耗 6220.52626795 秒
2023-05-16 13:24:11 [menet.common_tools INFO]: 开始采集 20230516 11:40:30 批次 161 至 171 区间数据
2023-05-16 13:25:41 [menet.common_tools INFO]: 20230516 11:40:30 批次 91 至 101 区间采集结束，共消耗 6310.05782233 秒
2023-05-16 13:25:41 [menet.common_tools INFO]: 开始采集 20230516 11:40:30 批次 171 至 181 区间数据
2023-05-16 13:31:20 [menet.common_tools INFO]: 20230516 11:40:30 批次 81 至 91 区间采集结束，共消耗 6649.30291784 秒
2023-05-16 13:31:20 [menet.common_tools INFO]: 开始采集 20230516 11:40:30 批次 181 至 191 区间数据
2023-05-16 13:38:03 [menet.common_tools ERROR]: 详情页失败：https://www.chictr.org.cn/showproj.html?proj=191025 解析页面失败，代理无效，来源页面：https://www.chictr.org.cn/searchproj.html?page=181&title=&officialname=&subjectid=&regstatus=&regno=&secondaryid=&applier=&studyleader=&createyear=&sponsor=&secsponsor=&sourceofspends=&studyailment=&studyailmentcode=&studytype=&studystage=&studydesign=&recruitmentstatus=&gender=&agreetosign=&measure=&country=&province=&city=&institution=&institutionlevel=&intercode=&ethicalcommitteesanction=&whetherpublic=&minstudyexecutetime=&maxstudyexecutetime=&btngo=btn
失败原因：error：打开滑块页面报错，err：net::ERR_TIMED_OUT at https://www.chictr.org.cn/showproj.html?proj=191025，err：CaptchaError('打开滑块页面报错，err：net::ERR_TIMED_OUT at https://www.chictr.org.cn/showproj.html?proj=191025')
2023-05-16 13:44:03 [menet.common_tools ERROR]: 详情页失败：https://www.chictr.org.cn/showproj.html?proj=188923 解析页面失败，代理无效，来源页面：https://www.chictr.org.cn/searchproj.html?page=163&title=&officialname=&subjectid=&regstatus=&regno=&secondaryid=&applier=&studyleader=&createyear=&sponsor=&secsponsor=&sourceofspends=&studyailment=&studyailmentcode=&studytype=&studystage=&studydesign=&recruitmentstatus=&gender=&agreetosign=&measure=&country=&province=&city=&institution=&institutionlevel=&intercode=&ethicalcommitteesanction=&whetherpublic=&minstudyexecutetime=&maxstudyexecutetime=&btngo=btn
失败原因：error：详情页内容异常，url：https://www.chictr.org.cn/showproj.html?proj=188923，err：LimitError('详情页内容异常，url：https://www.chictr.org.cn/showproj.html?proj=188923')
connection unexpectedly closed
Task exception was never retrieved
future: <Task finished name='Task-603318' coro=<Connection._async_send() done, defined at /usr/local/lib/python3.8/dist-packages/pyppeteer/connection.py:69> exception=InvalidStateError('invalid state')>
Traceback (most recent call last):
  File "/usr/local/lib/python3.8/dist-packages/pyppeteer/connection.py", line 73, in _async_send
    await self.connection.send(msg)
  File "/usr/local/lib/python3.8/dist-packages/websockets/legacy/protocol.py", line 635, in send
    await self.ensure_open()
  File "/usr/local/lib/python3.8/dist-packages/websockets/legacy/protocol.py", line 944, in ensure_open
    raise self.connection_closed_exc()
websockets.exceptions.ConnectionClosedError: no close frame received or sent

During handling of the above exception, another exception occurred:

Traceback (most recent call last):
  File "/usr/local/lib/python3.8/dist-packages/pyppeteer/connection.py", line 79, in _async_send
    await self.dispose()
  File "/usr/local/lib/python3.8/dist-packages/pyppeteer/connection.py", line 170, in dispose
    await self._on_close()
  File "/usr/local/lib/python3.8/dist-packages/pyppeteer/connection.py", line 151, in _on_close
    cb.set_exception(_rewriteError(
asyncio.exceptions.InvalidStateError: invalid state
2023-05-16 13:59:08 [menet.common_tools INFO]: 20230516 11:40:30 批次 51 至 61 区间采集结束，共消耗 8317.78996942 秒
2023-05-16 13:59:08 [menet.common_tools INFO]: 开始采集 20230516 11:40:30 批次 191 至 201 区间数据
2023-05-16 14:26:49 [menet.common_tools ERROR]: 详情页失败：https://www.chictr.org.cn/showproj.html?proj=190136 解析页面失败，代理无效，来源页面：https://www.chictr.org.cn/searchproj.html?page=187&title=&officialname=&subjectid=&regstatus=&regno=&secondaryid=&applier=&studyleader=&createyear=&sponsor=&secsponsor=&sourceofspends=&studyailment=&studyailmentcode=&studytype=&studystage=&studydesign=&recruitmentstatus=&gender=&agreetosign=&measure=&country=&province=&city=&institution=&institutionlevel=&intercode=&ethicalcommitteesanction=&whetherpublic=&minstudyexecutetime=&maxstudyexecutetime=&btngo=btn
失败原因：error：详情页内容异常，url：https://www.chictr.org.cn/showproj.html?proj=190136，err：LimitError('详情页内容异常，url：https://www.chictr.org.cn/showproj.html?proj=190136')
connection unexpectedly closed
Task exception was never retrieved
future: <Task finished name='Task-814986' coro=<Connection._async_send() done, defined at /usr/local/lib/python3.8/dist-packages/pyppeteer/connection.py:69> exception=InvalidStateError('invalid state')>
Traceback (most recent call last):
  File "/usr/local/lib/python3.8/dist-packages/websockets/legacy/protocol.py", line 968, in transfer_data
    message = await self.read_message()
  File "/usr/local/lib/python3.8/dist-packages/websockets/legacy/protocol.py", line 1038, in read_message
    frame = await self.read_data_frame(max_size=self.max_size)
  File "/usr/local/lib/python3.8/dist-packages/websockets/legacy/protocol.py", line 1113, in read_data_frame
    frame = await self.read_frame(max_size)
  File "/usr/local/lib/python3.8/dist-packages/websockets/legacy/protocol.py", line 1170, in read_frame
    frame = await Frame.read(
  File "/usr/local/lib/python3.8/dist-packages/websockets/legacy/framing.py", line 69, in read
    data = await reader(2)
  File "/usr/lib/python3.8/asyncio/streams.py", line 721, in readexactly
    raise exceptions.IncompleteReadError(incomplete, n)
asyncio.exceptions.IncompleteReadError: 0 bytes read on a total of 2 expected bytes

The above exception was the direct cause of the following exception:

Traceback (most recent call last):
  File "/usr/local/lib/python3.8/dist-packages/pyppeteer/connection.py", line 73, in _async_send
    await self.connection.send(msg)
  File "/usr/local/lib/python3.8/dist-packages/websockets/legacy/protocol.py", line 635, in send
    await self.ensure_open()
  File "/usr/local/lib/python3.8/dist-packages/websockets/legacy/protocol.py", line 944, in ensure_open
    raise self.connection_closed_exc()
websockets.exceptions.ConnectionClosedError: no close frame received or sent

During handling of the above exception, another exception occurred:

Traceback (most recent call last):
  File "/usr/local/lib/python3.8/dist-packages/pyppeteer/connection.py", line 79, in _async_send
    await self.dispose()
  File "/usr/local/lib/python3.8/dist-packages/pyppeteer/connection.py", line 170, in dispose
    await self._on_close()
  File "/usr/local/lib/python3.8/dist-packages/pyppeteer/connection.py", line 151, in _on_close
    cb.set_exception(_rewriteError(
asyncio.exceptions.InvalidStateError: invalid state
2023-05-16 14:42:55 [menet.common_tools ERROR]: 详情页失败：https://www.chictr.org.cn/showproj.html?proj=192479 解析页面失败，代理无效，来源页面：https://www.chictr.org.cn/searchproj.html?page=108&title=&officialname=&subjectid=&regstatus=&regno=&secondaryid=&applier=&studyleader=&createyear=&sponsor=&secsponsor=&sourceofspends=&studyailment=&studyailmentcode=&studytype=&studystage=&studydesign=&recruitmentstatus=&gender=&agreetosign=&measure=&country=&province=&city=&institution=&institutionlevel=&intercode=&ethicalcommitteesanction=&whetherpublic=&minstudyexecutetime=&maxstudyexecutetime=&btngo=btn
失败原因：error：详情页内容异常，url：https://www.chictr.org.cn/showproj.html?proj=192479，err：LimitError('详情页内容异常，url：https://www.chictr.org.cn/showproj.html?proj=192479')
2023-05-16 14:49:38 [menet.common_tools ERROR]: 详情页失败：https://www.chictr.org.cn/showproj.html?proj=193656 解析页面失败，代理无效，来源页面：https://www.chictr.org.cn/searchproj.html?page=189&title=&officialname=&subjectid=&regstatus=&regno=&secondaryid=&applier=&studyleader=&createyear=&sponsor=&secsponsor=&sourceofspends=&studyailment=&studyailmentcode=&studytype=&studystage=&studydesign=&recruitmentstatus=&gender=&agreetosign=&measure=&country=&province=&city=&institution=&institutionlevel=&intercode=&ethicalcommitteesanction=&whetherpublic=&minstudyexecutetime=&maxstudyexecutetime=&btngo=btn
失败原因：error：详情页内容异常，url：https://www.chictr.org.cn/showproj.html?proj=193656，err：LimitError('详情页内容异常，url：https://www.chictr.org.cn/showproj.html?proj=193656')
2023-05-16 14:55:02 [menet.common_tools INFO]: 20230516 11:40:30 批次 121 至 131 区间采集结束，共消耗 6517.16099233 秒
2023-05-16 14:55:02 [menet.common_tools INFO]: 开始采集 20230516 11:40:30 批次 201 至 211 区间数据
2023-05-16 14:58:11 [menet.common_tools INFO]: 20230516 11:40:30 批次 151 至 161 区间采集结束，共消耗 6093.00954510 秒
2023-05-16 14:58:11 [menet.common_tools INFO]: 开始采集 20230516 11:40:30 批次 211 至 221 区间数据
2023-05-16 14:59:47 [menet.common_tools INFO]: 20230516 11:40:30 批次 141 至 151 区间采集结束，共消耗 6462.63791195 秒
2023-05-16 14:59:47 [menet.common_tools INFO]: 开始采集 20230516 11:40:30 批次 221 至 231 区间数据
2023-05-16 15:02:53 [menet.common_tools INFO]: 20230516 11:40:30 批次 111 至 121 区间采集结束，共消耗 7113.12449581 秒
2023-05-16 15:02:53 [menet.common_tools INFO]: 开始采集 20230516 11:40:30 批次 231 至 241 区间数据
2023-05-16 15:04:08 [menet.common_tools INFO]: 20230516 11:40:30 批次 161 至 171 区间采集结束，共消耗 5996.54996398 秒
2023-05-16 15:04:08 [menet.common_tools INFO]: 开始采集 20230516 11:40:30 批次 241 至 251 区间数据
2023-05-16 15:09:06 [menet.common_tools ERROR]: 详情页失败：https://www.chictr.org.cn/showproj.html?proj=194480 解析页面失败，代理无效，来源页面：https://www.chictr.org.cn/searchproj.html?page=138&title=&officialname=&subjectid=&regstatus=&regno=&secondaryid=&applier=&studyleader=&createyear=&sponsor=&secsponsor=&sourceofspends=&studyailment=&studyailmentcode=&studytype=&studystage=&studydesign=&recruitmentstatus=&gender=&agreetosign=&measure=&country=&province=&city=&institution=&institutionlevel=&intercode=&ethicalcommitteesanction=&whetherpublic=&minstudyexecutetime=&maxstudyexecutetime=&btngo=btn
失败原因：error：详情页内容异常，url：https://www.chictr.org.cn/showproj.html?proj=194480，err：LimitError('详情页内容异常，url：https://www.chictr.org.cn/showproj.html?proj=194480')
2023-05-16 15:12:10 [menet.common_tools ERROR]: 详情页失败：https://www.chictr.org.cn/showproj.html?proj=193627 解析页面失败，代理无效，来源页面：https://www.chictr.org.cn/searchproj.html?page=190&title=&officialname=&subjectid=&regstatus=&regno=&secondaryid=&applier=&studyleader=&createyear=&sponsor=&secsponsor=&sourceofspends=&studyailment=&studyailmentcode=&studytype=&studystage=&studydesign=&recruitmentstatus=&gender=&agreetosign=&measure=&country=&province=&city=&institution=&institutionlevel=&intercode=&ethicalcommitteesanction=&whetherpublic=&minstudyexecutetime=&maxstudyexecutetime=&btngo=btn
失败原因：error：详情页内容异常，url：https://www.chictr.org.cn/showproj.html?proj=193627，err：LimitError('详情页内容异常，url：https://www.chictr.org.cn/showproj.html?proj=193627')
2023-05-16 15:15:06 [menet.common_tools INFO]: 20230516 11:40:30 批次 181 至 191 区间采集结束，共消耗 6225.85795785 秒
2023-05-16 15:15:06 [menet.common_tools INFO]: 开始采集 20230516 11:40:30 批次 251 至 261 区间数据
2023-05-16 15:23:19 [menet.common_tools ERROR]: 详情页失败：https://www.chictr.org.cn/showproj.html?proj=186476 解析页面失败，代理无效，来源页面：https://www.chictr.org.cn/searchproj.html?page=232&title=&officialname=&subjectid=&regstatus=&regno=&secondaryid=&applier=&studyleader=&createyear=&sponsor=&secsponsor=&sourceofspends=&studyailment=&studyailmentcode=&studytype=&studystage=&studydesign=&recruitmentstatus=&gender=&agreetosign=&measure=&country=&province=&city=&institution=&institutionlevel=&intercode=&ethicalcommitteesanction=&whetherpublic=&minstudyexecutetime=&maxstudyexecutetime=&btngo=btn
失败原因：error：详情页内容异常，url：https://www.chictr.org.cn/showproj.html?proj=186476，err：LimitError('详情页内容异常，url：https://www.chictr.org.cn/showproj.html?proj=186476')
2023-05-16 15:28:18 [menet.common_tools INFO]: 20230516 11:40:30 批次 101 至 111 区间采集结束，共消耗 9346.84685158 秒
2023-05-16 15:28:18 [menet.common_tools INFO]: 开始采集 20230516 11:40:30 批次 261 至 271 区间数据
2023-05-16 15:36:22 [menet.common_tools INFO]: 20230516 11:40:30 批次 171 至 181 区间采集结束，共消耗 7841.38989828 秒
2023-05-16 15:36:22 [menet.common_tools INFO]: 开始采集 20230516 11:40:30 批次 271 至 281 区间数据
2023-05-16 15:37:02 [menet.common_tools INFO]: 20230516 11:40:30 批次 131 至 141 区间采集结束，共消耗 8962.77756263 秒
2023-05-16 15:37:02 [menet.common_tools INFO]: 开始采集 20230516 11:40:30 批次 281 至 291 区间数据
2023-05-16 15:41:15 [menet.common_tools ERROR]: 详情页失败：https://www.chictr.org.cn/showproj.html?proj=187309 解析页面失败，代理无效，来源页面：https://www.chictr.org.cn/searchproj.html?page=281&title=&officialname=&subjectid=&regstatus=&regno=&secondaryid=&applier=&studyleader=&createyear=&sponsor=&secsponsor=&sourceofspends=&studyailment=&studyailmentcode=&studytype=&studystage=&studydesign=&recruitmentstatus=&gender=&agreetosign=&measure=&country=&province=&city=&institution=&institutionlevel=&intercode=&ethicalcommitteesanction=&whetherpublic=&minstudyexecutetime=&maxstudyexecutetime=&btngo=btn
失败原因：error：详情页内容异常，url：https://www.chictr.org.cn/showproj.html?proj=187309，err：LimitError('详情页内容异常，url：https://www.chictr.org.cn/showproj.html?proj=187309')
2023-05-16 15:55:37 [menet.common_tools ERROR]: 详情页失败：https://www.chictr.org.cn/showproj.html?proj=188621 解析页面失败，代理无效，来源页面：https://www.chictr.org.cn/searchproj.html?page=235&title=&officialname=&subjectid=&regstatus=&regno=&secondaryid=&applier=&studyleader=&createyear=&sponsor=&secsponsor=&sourceofspends=&studyailment=&studyailmentcode=&studytype=&studystage=&studydesign=&recruitmentstatus=&gender=&agreetosign=&measure=&country=&province=&city=&institution=&institutionlevel=&intercode=&ethicalcommitteesanction=&whetherpublic=&minstudyexecutetime=&maxstudyexecutetime=&btngo=btn
失败原因：error：详情页内容异常，url：https://www.chictr.org.cn/showproj.html?proj=188621，err：LimitError('详情页内容异常，url：https://www.chictr.org.cn/showproj.html?proj=188621')
2023-05-16 15:57:04 [menet.common_tools ERROR]: 详情页失败：https://www.chictr.org.cn/showproj.html?proj=189159 解析页面失败，代理无效，来源页面：https://www.chictr.org.cn/searchproj.html?page=224&title=&officialname=&subjectid=&regstatus=&regno=&secondaryid=&applier=&studyleader=&createyear=&sponsor=&secsponsor=&sourceofspends=&studyailment=&studyailmentcode=&studytype=&studystage=&studydesign=&recruitmentstatus=&gender=&agreetosign=&measure=&country=&province=&city=&institution=&institutionlevel=&intercode=&ethicalcommitteesanction=&whetherpublic=&minstudyexecutetime=&maxstudyexecutetime=&btngo=btn
失败原因：error：Cannot connect to host www.chictr.org.cn:443 ssl:default [None]，err：ClientConnectorError(ConnectionKey(host='www.chictr.org.cn', port=443, is_ssl=True, ssl=None, proxy=URL('http://218.91.127.60:8888'), proxy_auth=None, proxy_headers_hash=1866709883220284210), ConnectionResetError())
2023-05-16 16:06:40 [menet.common_tools INFO]: 20230516 11:40:30 批次 191 至 201 区间采集结束，共消耗 7651.26616021 秒
2023-05-16 16:06:40 [menet.common_tools INFO]: 开始采集 20230516 11:40:30 批次 291 至 301 区间数据
2023-05-16 16:11:43 [menet.common_tools ERROR]: 详情页失败：https://www.chictr.org.cn/showproj.html?proj=189448 解析页面失败，代理无效，来源页面：https://www.chictr.org.cn/searchproj.html?page=273&title=&officialname=&subjectid=&regstatus=&regno=&secondaryid=&applier=&studyleader=&createyear=&sponsor=&secsponsor=&sourceofspends=&studyailment=&studyailmentcode=&studytype=&studystage=&studydesign=&recruitmentstatus=&gender=&agreetosign=&measure=&country=&province=&city=&institution=&institutionlevel=&intercode=&ethicalcommitteesanction=&whetherpublic=&minstudyexecutetime=&maxstudyexecutetime=&btngo=btn
失败原因：error：详情页内容异常，url：https://www.chictr.org.cn/showproj.html?proj=189448，err：LimitError('详情页内容异常，url：https://www.chictr.org.cn/showproj.html?proj=189448')
2023-05-16 16:13:00 [menet.common_tools ERROR]: 详情页失败：https://www.chictr.org.cn/showproj.html?proj=176453 解析页面失败，代理无效，来源页面：https://www.chictr.org.cn/searchproj.html?page=205&title=&officialname=&subjectid=&regstatus=&regno=&secondaryid=&applier=&studyleader=&createyear=&sponsor=&secsponsor=&sourceofspends=&studyailment=&studyailmentcode=&studytype=&studystage=&studydesign=&recruitmentstatus=&gender=&agreetosign=&measure=&country=&province=&city=&institution=&institutionlevel=&intercode=&ethicalcommitteesanction=&whetherpublic=&minstudyexecutetime=&maxstudyexecutetime=&btngo=btn
失败原因：error：滑块解决失败，err：滑块验证后内容异常，err：CaptchaError('滑块解决失败，err：滑块验证后内容异常')
2023-05-16 16:17:30 [menet.common_tools ERROR]: 检索页失败：https://www.chictr.org.cn/searchproj.html?page=247&title=&officialname=&subjectid=&regstatus=&regno=&secondaryid=&applier=&studyleader=&createyear=&sponsor=&secsponsor=&sourceofspends=&studyailment=&studyailmentcode=&studytype=&studystage=&studydesign=&recruitmentstatus=&gender=&agreetosign=&measure=&country=&province=&city=&institution=&institutionlevel=&intercode=&ethicalcommitteesanction=&whetherpublic=&minstudyexecutetime=&maxstudyexecutetime=&btngo=btn 解析检索页失败，代理无效
失败原因：error：检索页数据异常，切换IP重新抓取，err：LimitError('检索页数据异常，切换IP重新抓取')
2023-05-16 16:17:30 [menet.common_tools ERROR]: 20230516 11:40:30 批次当前页： https://www.chictr.org.cn/searchproj.html?page=247&title=&officialname=&subjectid=&regstatus=&regno=&secondaryid=&applier=&studyleader=&createyear=&sponsor=&secsponsor=&sourceofspends=&studyailment=&studyailmentcode=&studytype=&studystage=&studydesign=&recruitmentstatus=&gender=&agreetosign=&measure=&country=&province=&city=&institution=&institutionlevel=&intercode=&ethicalcommitteesanction=&whetherpublic=&minstudyexecutetime=&maxstudyexecutetime=&btngo=btn 处理异常，写入失败队列
2023-05-16 16:33:31 [menet.common_tools ERROR]: 详情页失败：https://www.chictr.org.cn/showproj.html?proj=190915 解析页面失败，代理无效，来源页面：https://www.chictr.org.cn/searchproj.html?page=267&title=&officialname=&subjectid=&regstatus=&regno=&secondaryid=&applier=&studyleader=&createyear=&sponsor=&secsponsor=&sourceofspends=&studyailment=&studyailmentcode=&studytype=&studystage=&studydesign=&recruitmentstatus=&gender=&agreetosign=&measure=&country=&province=&city=&institution=&institutionlevel=&intercode=&ethicalcommitteesanction=&whetherpublic=&minstudyexecutetime=&maxstudyexecutetime=&btngo=btn
失败原因：error：，err：TimeoutError()
2023-05-16 16:42:58 [menet.common_tools ERROR]: 检索页失败：https://www.chictr.org.cn/searchproj.html?page=227&title=&officialname=&subjectid=&regstatus=&regno=&secondaryid=&applier=&studyleader=&createyear=&sponsor=&secsponsor=&sourceofspends=&studyailment=&studyailmentcode=&studytype=&studystage=&studydesign=&recruitmentstatus=&gender=&agreetosign=&measure=&country=&province=&city=&institution=&institutionlevel=&intercode=&ethicalcommitteesanction=&whetherpublic=&minstudyexecutetime=&maxstudyexecutetime=&btngo=btn 解析检索页失败，代理无效
失败原因：error：检索页数据异常，切换IP重新抓取，err：LimitError('检索页数据异常，切换IP重新抓取')
2023-05-16 16:42:58 [menet.common_tools ERROR]: 20230516 11:40:30 批次当前页： https://www.chictr.org.cn/searchproj.html?page=227&title=&officialname=&subjectid=&regstatus=&regno=&secondaryid=&applier=&studyleader=&createyear=&sponsor=&secsponsor=&sourceofspends=&studyailment=&studyailmentcode=&studytype=&studystage=&studydesign=&recruitmentstatus=&gender=&agreetosign=&measure=&country=&province=&city=&institution=&institutionlevel=&intercode=&ethicalcommitteesanction=&whetherpublic=&minstudyexecutetime=&maxstudyexecutetime=&btngo=btn 处理异常，写入失败队列
2023-05-16 16:48:35 [menet.common_tools ERROR]: 详情页失败：https://www.chictr.org.cn/showproj.html?proj=191998 解析页面失败，代理无效，来源页面：https://www.chictr.org.cn/searchproj.html?page=228&title=&officialname=&subjectid=&regstatus=&regno=&secondaryid=&applier=&studyleader=&createyear=&sponsor=&secsponsor=&sourceofspends=&studyailment=&studyailmentcode=&studytype=&studystage=&studydesign=&recruitmentstatus=&gender=&agreetosign=&measure=&country=&province=&city=&institution=&institutionlevel=&intercode=&ethicalcommitteesanction=&whetherpublic=&minstudyexecutetime=&maxstudyexecutetime=&btngo=btn
失败原因：error：详情页内容异常，url：https://www.chictr.org.cn/showproj.html?proj=191998，err：LimitError('详情页内容异常，url：https://www.chictr.org.cn/showproj.html?proj=191998')
2023-05-16 16:50:34 [menet.common_tools INFO]: 20230516 11:40:30 批次 241 至 251 区间采集结束，共消耗 6386.58875116 秒
2023-05-16 16:50:34 [menet.common_tools INFO]: 开始采集 20230516 11:40:30 批次 301 至 311 区间数据
2023-05-16 16:52:04 [menet.common_tools ERROR]: 详情页失败：https://www.chictr.org.cn/showproj.html?proj=190477 解析页面失败，代理无效，来源页面：https://www.chictr.org.cn/searchproj.html?page=268&title=&officialname=&subjectid=&regstatus=&regno=&secondaryid=&applier=&studyleader=&createyear=&sponsor=&secsponsor=&sourceofspends=&studyailment=&studyailmentcode=&studytype=&studystage=&studydesign=&recruitmentstatus=&gender=&agreetosign=&measure=&country=&province=&city=&institution=&institutionlevel=&intercode=&ethicalcommitteesanction=&whetherpublic=&minstudyexecutetime=&maxstudyexecutetime=&btngo=btn
失败原因：error：，err：TimeoutError()
2023-05-16 16:53:48 [menet.common_tools ERROR]: 详情页失败：https://www.chictr.org.cn/showproj.html?proj=190314 解析页面失败，代理无效，来源页面：https://www.chictr.org.cn/searchproj.html?page=277&title=&officialname=&subjectid=&regstatus=&regno=&secondaryid=&applier=&studyleader=&createyear=&sponsor=&secsponsor=&sourceofspends=&studyailment=&studyailmentcode=&studytype=&studystage=&studydesign=&recruitmentstatus=&gender=&agreetosign=&measure=&country=&province=&city=&institution=&institutionlevel=&intercode=&ethicalcommitteesanction=&whetherpublic=&minstudyexecutetime=&maxstudyexecutetime=&btngo=btn
失败原因：error：详情页内容异常，url：https://www.chictr.org.cn/showproj.html?proj=190314，err：LimitError('详情页内容异常，url：https://www.chictr.org.cn/showproj.html?proj=190314')
Future exception was never retrieved
future: <Future finished exception=NetworkError('Protocol error Target.sendMessageToTarget: Target closed.')>
pyppeteer.errors.NetworkError: Protocol error Target.sendMessageToTarget: Target closed.
2023-05-16 17:03:41 [menet.common_tools INFO]: 20230516 11:40:30 批次 211 至 221 区间采集结束，共消耗 7530.43270584 秒
2023-05-16 17:03:41 [menet.common_tools INFO]: 开始采集 20230516 11:40:30 批次 311 至 321 区间数据
2023-05-16 17:07:18 [menet.common_tools ERROR]: 详情页失败：https://www.chictr.org.cn/showproj.html?proj=183341 解析页面失败，代理无效，来源页面：https://www.chictr.org.cn/searchproj.html?page=295&title=&officialname=&subjectid=&regstatus=&regno=&secondaryid=&applier=&studyleader=&createyear=&sponsor=&secsponsor=&sourceofspends=&studyailment=&studyailmentcode=&studytype=&studystage=&studydesign=&recruitmentstatus=&gender=&agreetosign=&measure=&country=&province=&city=&institution=&institutionlevel=&intercode=&ethicalcommitteesanction=&whetherpublic=&minstudyexecutetime=&maxstudyexecutetime=&btngo=btn
失败原因：error：详情页内容异常，url：https://www.chictr.org.cn/showproj.html?proj=183341，err：LimitError('详情页内容异常，url：https://www.chictr.org.cn/showproj.html?proj=183341')
2023-05-16 17:10:25 [menet.common_tools ERROR]: 详情页失败：https://www.chictr.org.cn/showproj.html?proj=190098 解析页面失败，代理无效，来源页面：https://www.chictr.org.cn/searchproj.html?page=240&title=&officialname=&subjectid=&regstatus=&regno=&secondaryid=&applier=&studyleader=&createyear=&sponsor=&secsponsor=&sourceofspends=&studyailment=&studyailmentcode=&studytype=&studystage=&studydesign=&recruitmentstatus=&gender=&agreetosign=&measure=&country=&province=&city=&institution=&institutionlevel=&intercode=&ethicalcommitteesanction=&whetherpublic=&minstudyexecutetime=&maxstudyexecutetime=&btngo=btn
失败原因：error：详情页内容异常，url：https://www.chictr.org.cn/showproj.html?proj=190098，err：LimitError('详情页内容异常，url：https://www.chictr.org.cn/showproj.html?proj=190098')
connection unexpectedly closed
Task exception was never retrieved
future: <Task finished name='Task-1377196' coro=<Connection._async_send() done, defined at /usr/local/lib/python3.8/dist-packages/pyppeteer/connection.py:69> exception=InvalidStateError('invalid state')>
Traceback (most recent call last):
  File "/usr/local/lib/python3.8/dist-packages/pyppeteer/connection.py", line 73, in _async_send
    await self.connection.send(msg)
  File "/usr/local/lib/python3.8/dist-packages/websockets/legacy/protocol.py", line 635, in send
    await self.ensure_open()
  File "/usr/local/lib/python3.8/dist-packages/websockets/legacy/protocol.py", line 944, in ensure_open
    raise self.connection_closed_exc()
websockets.exceptions.ConnectionClosedError: no close frame received or sent

During handling of the above exception, another exception occurred:

Traceback (most recent call last):
  File "/usr/local/lib/python3.8/dist-packages/pyppeteer/connection.py", line 79, in _async_send
    await self.dispose()
  File "/usr/local/lib/python3.8/dist-packages/pyppeteer/connection.py", line 170, in dispose
    await self._on_close()
  File "/usr/local/lib/python3.8/dist-packages/pyppeteer/connection.py", line 151, in _on_close
    cb.set_exception(_rewriteError(
asyncio.exceptions.InvalidStateError: invalid state
2023-05-16 17:13:31 [menet.common_tools ERROR]: 详情页失败：https://www.chictr.org.cn/showproj.html?proj=180987 解析页面失败，代理无效，来源页面：https://www.chictr.org.cn/searchproj.html?page=269&title=&officialname=&subjectid=&regstatus=&regno=&secondaryid=&applier=&studyleader=&createyear=&sponsor=&secsponsor=&sourceofspends=&studyailment=&studyailmentcode=&studytype=&studystage=&studydesign=&recruitmentstatus=&gender=&agreetosign=&measure=&country=&province=&city=&institution=&institutionlevel=&intercode=&ethicalcommitteesanction=&whetherpublic=&minstudyexecutetime=&maxstudyexecutetime=&btngo=btn
失败原因：error：详情页内容异常，url：https://www.chictr.org.cn/showproj.html?proj=180987，err：LimitError('详情页内容异常，url：https://www.chictr.org.cn/showproj.html?proj=180987')
2023-05-16 17:14:53 [menet.common_tools ERROR]: 详情页失败：https://www.chictr.org.cn/showproj.html?proj=176136 解析页面失败，代理无效，来源页面：https://www.chictr.org.cn/searchproj.html?page=295&title=&officialname=&subjectid=&regstatus=&regno=&secondaryid=&applier=&studyleader=&createyear=&sponsor=&secsponsor=&sourceofspends=&studyailment=&studyailmentcode=&studytype=&studystage=&studydesign=&recruitmentstatus=&gender=&agreetosign=&measure=&country=&province=&city=&institution=&institutionlevel=&intercode=&ethicalcommitteesanction=&whetherpublic=&minstudyexecutetime=&maxstudyexecutetime=&btngo=btn
失败原因：error：详情页内容异常，url：https://www.chictr.org.cn/showproj.html?proj=176136，err：LimitError('详情页内容异常，url：https://www.chictr.org.cn/showproj.html?proj=176136')
2023-05-16 17:18:41 [menet.common_tools INFO]: 20230516 11:40:30 批次 231 至 241 区间采集结束，共消耗 8148.26768933 秒
2023-05-16 17:18:41 [menet.common_tools INFO]: 开始采集 20230516 11:40:30 批次 321 至 331 区间数据
2023-05-16 17:22:42 [menet.common_tools ERROR]: 检索页失败：https://www.chictr.org.cn/searchproj.html?page=278&title=&officialname=&subjectid=&regstatus=&regno=&secondaryid=&applier=&studyleader=&createyear=&sponsor=&secsponsor=&sourceofspends=&studyailment=&studyailmentcode=&studytype=&studystage=&studydesign=&recruitmentstatus=&gender=&agreetosign=&measure=&country=&province=&city=&institution=&institutionlevel=&intercode=&ethicalcommitteesanction=&whetherpublic=&minstudyexecutetime=&maxstudyexecutetime=&btngo=btn 解析检索页失败，代理无效
失败原因：error：，err：TimeoutError()
2023-05-16 17:22:42 [menet.common_tools ERROR]: 20230516 11:40:30 批次当前页： https://www.chictr.org.cn/searchproj.html?page=278&title=&officialname=&subjectid=&regstatus=&regno=&secondaryid=&applier=&studyleader=&createyear=&sponsor=&secsponsor=&sourceofspends=&studyailment=&studyailmentcode=&studytype=&studystage=&studydesign=&recruitmentstatus=&gender=&agreetosign=&measure=&country=&province=&city=&institution=&institutionlevel=&intercode=&ethicalcommitteesanction=&whetherpublic=&minstudyexecutetime=&maxstudyexecutetime=&btngo=btn 处理异常，写入失败队列
2023-05-16 17:24:13 [menet.common_tools INFO]: 20230516 11:40:30 批次 261 至 271 区间采集结束，共消耗 6954.97418374 秒
2023-05-16 17:24:13 [menet.common_tools INFO]: 开始采集 20230516 11:40:30 批次 331 至 341 区间数据
2023-05-16 17:26:11 [menet.common_tools INFO]: 20230516 11:40:30 批次 201 至 211 区间采集结束，共消耗 9069.42106489 秒
2023-05-16 17:26:11 [menet.common_tools INFO]: 开始采集 20230516 11:40:30 批次 341 至 351 区间数据
2023-05-16 17:29:24 [menet.common_tools INFO]: 20230516 11:40:30 批次 221 至 231 区间采集结束，共消耗 8977.69606231 秒
2023-05-16 17:29:24 [menet.common_tools INFO]: 开始采集 20230516 11:40:30 批次 351 至 361 区间数据
2023-05-16 17:32:00 [menet.common_tools INFO]: 20230516 11:40:30 批次 251 至 261 区间采集结束，共消耗 8214.06037868 秒
2023-05-16 17:32:00 [menet.common_tools INFO]: 开始采集 20230516 11:40:30 批次 361 至 371 区间数据
2023-05-16 17:43:15 [menet.common_tools ERROR]: 详情页失败：https://www.chictr.org.cn/showproj.html?proj=188738 解析页面失败，代理无效，来源页面：https://www.chictr.org.cn/searchproj.html?page=351&title=&officialname=&subjectid=&regstatus=&regno=&secondaryid=&applier=&studyleader=&createyear=&sponsor=&secsponsor=&sourceofspends=&studyailment=&studyailmentcode=&studytype=&studystage=&studydesign=&recruitmentstatus=&gender=&agreetosign=&measure=&country=&province=&city=&institution=&institutionlevel=&intercode=&ethicalcommitteesanction=&whetherpublic=&minstudyexecutetime=&maxstudyexecutetime=&btngo=btn
失败原因：error：详情页内容异常，url：https://www.chictr.org.cn/showproj.html?proj=188738，err：LimitError('详情页内容异常，url：https://www.chictr.org.cn/showproj.html?proj=188738')
2023-05-16 18:05:04 [menet.common_tools ERROR]: 详情页失败：https://www.chictr.org.cn/showproj.html?proj=187744 解析页面失败，代理无效，来源页面：https://www.chictr.org.cn/searchproj.html?page=333&title=&officialname=&subjectid=&regstatus=&regno=&secondaryid=&applier=&studyleader=&createyear=&sponsor=&secsponsor=&sourceofspends=&studyailment=&studyailmentcode=&studytype=&studystage=&studydesign=&recruitmentstatus=&gender=&agreetosign=&measure=&country=&province=&city=&institution=&institutionlevel=&intercode=&ethicalcommitteesanction=&whetherpublic=&minstudyexecutetime=&maxstudyexecutetime=&btngo=btn
失败原因：error：滑块解决失败，err：Navigation Timeout Exceeded: 30000 ms exceeded.，err：CaptchaError('滑块解决失败，err：Navigation Timeout Exceeded: 30000 ms exceeded.')
2023-05-16 18:05:57 [menet.common_tools ERROR]: 详情页失败：https://www.chictr.org.cn/showproj.html?proj=190081 解析页面失败，代理无效，来源页面：https://www.chictr.org.cn/searchproj.html?page=280&title=&officialname=&subjectid=&regstatus=&regno=&secondaryid=&applier=&studyleader=&createyear=&sponsor=&secsponsor=&sourceofspends=&studyailment=&studyailmentcode=&studytype=&studystage=&studydesign=&recruitmentstatus=&gender=&agreetosign=&measure=&country=&province=&city=&institution=&institutionlevel=&intercode=&ethicalcommitteesanction=&whetherpublic=&minstudyexecutetime=&maxstudyexecutetime=&btngo=btn
失败原因：error：详情页内容异常，url：https://www.chictr.org.cn/showproj.html?proj=190081，err：LimitError('详情页内容异常，url：https://www.chictr.org.cn/showproj.html?proj=190081')
2023-05-16 18:06:35 [menet.common_tools INFO]: 20230516 11:40:30 批次 281 至 291 区间采集结束，共消耗 8973.10043496 秒
2023-05-16 18:06:35 [menet.common_tools INFO]: 开始采集 20230516 11:40:30 批次 371 至 381 区间数据
2023-05-16 18:14:55 [menet.common_tools INFO]: 20230516 11:40:30 批次 271 至 281 区间采集结束，共消耗 9512.67345939 秒
2023-05-16 18:14:55 [menet.common_tools INFO]: 开始采集 20230516 11:40:30 批次 381 至 391 区间数据
2023-05-16 18:52:07 [menet.common_tools ERROR]: 详情页失败：https://www.chictr.org.cn/showproj.html?proj=178227 解析页面失败，代理无效，来源页面：https://www.chictr.org.cn/searchproj.html?page=300&title=&officialname=&subjectid=&regstatus=&regno=&secondaryid=&applier=&studyleader=&createyear=&sponsor=&secsponsor=&sourceofspends=&studyailment=&studyailmentcode=&studytype=&studystage=&studydesign=&recruitmentstatus=&gender=&agreetosign=&measure=&country=&province=&city=&institution=&institutionlevel=&intercode=&ethicalcommitteesanction=&whetherpublic=&minstudyexecutetime=&maxstudyexecutetime=&btngo=btn
失败原因：error：详情页内容异常，url：https://www.chictr.org.cn/showproj.html?proj=178227，err：LimitError('详情页内容异常，url：https://www.chictr.org.cn/showproj.html?proj=178227')
2023-05-16 18:59:57 [menet.common_tools INFO]: 20230516 11:40:30 批次 291 至 301 区间采集结束，共消耗 10397.22884804 秒
2023-05-16 18:59:57 [menet.common_tools INFO]: 开始采集 20230516 11:40:30 批次 391 至 401 区间数据
2023-05-16 19:17:35 [menet.common_tools INFO]: 20230516 11:40:30 批次 321 至 331 区间采集结束，共消耗 7133.68444640 秒
2023-05-16 19:17:35 [menet.common_tools INFO]: 开始采集 20230516 11:40:30 批次 401 至 411 区间数据
2023-05-16 19:18:07 [menet.common_tools ERROR]: 检索页失败：https://www.chictr.org.cn/searchproj.html?page=319&title=&officialname=&subjectid=&regstatus=&regno=&secondaryid=&applier=&studyleader=&createyear=&sponsor=&secsponsor=&sourceofspends=&studyailment=&studyailmentcode=&studytype=&studystage=&studydesign=&recruitmentstatus=&gender=&agreetosign=&measure=&country=&province=&city=&institution=&institutionlevel=&intercode=&ethicalcommitteesanction=&whetherpublic=&minstudyexecutetime=&maxstudyexecutetime=&btngo=btn 解析检索页失败，代理无效
失败原因：error：，err：TimeoutError()
2023-05-16 19:18:07 [menet.common_tools ERROR]: 20230516 11:40:30 批次当前页： https://www.chictr.org.cn/searchproj.html?page=319&title=&officialname=&subjectid=&regstatus=&regno=&secondaryid=&applier=&studyleader=&createyear=&sponsor=&secsponsor=&sourceofspends=&studyailment=&studyailmentcode=&studytype=&studystage=&studydesign=&recruitmentstatus=&gender=&agreetosign=&measure=&country=&province=&city=&institution=&institutionlevel=&intercode=&ethicalcommitteesanction=&whetherpublic=&minstudyexecutetime=&maxstudyexecutetime=&btngo=btn 处理异常，写入失败队列
2023-05-16 19:27:52 [menet.common_tools ERROR]: 详情页失败：https://www.chictr.org.cn/showproj.html?proj=184079 解析页面失败，代理无效，来源页面：https://www.chictr.org.cn/searchproj.html?page=401&title=&officialname=&subjectid=&regstatus=&regno=&secondaryid=&applier=&studyleader=&createyear=&sponsor=&secsponsor=&sourceofspends=&studyailment=&studyailmentcode=&studytype=&studystage=&studydesign=&recruitmentstatus=&gender=&agreetosign=&measure=&country=&province=&city=&institution=&institutionlevel=&intercode=&ethicalcommitteesanction=&whetherpublic=&minstudyexecutetime=&maxstudyexecutetime=&btngo=btn
失败原因：error：打开滑块页面报错，err：net::ERR_TIMED_OUT at https://www.chictr.org.cn/showproj.html?proj=184079，err：CaptchaError('打开滑块页面报错，err：net::ERR_TIMED_OUT at https://www.chictr.org.cn/showproj.html?proj=184079')
2023-05-16 19:28:46 [menet.common_tools ERROR]: 详情页失败：https://www.chictr.org.cn/showproj.html?proj=187225 解析页面失败，代理无效，来源页面：https://www.chictr.org.cn/searchproj.html?page=392&title=&officialname=&subjectid=&regstatus=&regno=&secondaryid=&applier=&studyleader=&createyear=&sponsor=&secsponsor=&sourceofspends=&studyailment=&studyailmentcode=&studytype=&studystage=&studydesign=&recruitmentstatus=&gender=&agreetosign=&measure=&country=&province=&city=&institution=&institutionlevel=&intercode=&ethicalcommitteesanction=&whetherpublic=&minstudyexecutetime=&maxstudyexecutetime=&btngo=btn
失败原因：error：详情页内容异常，url：https://www.chictr.org.cn/showproj.html?proj=187225，err：LimitError('详情页内容异常，url：https://www.chictr.org.cn/showproj.html?proj=187225')
2023-05-16 19:34:13 [menet.common_tools ERROR]: 检索页失败：https://www.chictr.org.cn/searchproj.html?page=367&title=&officialname=&subjectid=&regstatus=&regno=&secondaryid=&applier=&studyleader=&createyear=&sponsor=&secsponsor=&sourceofspends=&studyailment=&studyailmentcode=&studytype=&studystage=&studydesign=&recruitmentstatus=&gender=&agreetosign=&measure=&country=&province=&city=&institution=&institutionlevel=&intercode=&ethicalcommitteesanction=&whetherpublic=&minstudyexecutetime=&maxstudyexecutetime=&btngo=btn 解析检索页失败，代理无效
失败原因：error：检索页数据异常，切换IP重新抓取，err：LimitError('检索页数据异常，切换IP重新抓取')
2023-05-16 19:34:13 [menet.common_tools ERROR]: 20230516 11:40:30 批次当前页： https://www.chictr.org.cn/searchproj.html?page=367&title=&officialname=&subjectid=&regstatus=&regno=&secondaryid=&applier=&studyleader=&createyear=&sponsor=&secsponsor=&sourceofspends=&studyailment=&studyailmentcode=&studytype=&studystage=&studydesign=&recruitmentstatus=&gender=&agreetosign=&measure=&country=&province=&city=&institution=&institutionlevel=&intercode=&ethicalcommitteesanction=&whetherpublic=&minstudyexecutetime=&maxstudyexecutetime=&btngo=btn 处理异常，写入失败队列
2023-05-16 19:35:20 [menet.common_tools INFO]: 20230516 11:40:30 批次 311 至 321 区间采集结束，共消耗 9099.24687653 秒
2023-05-16 19:35:20 [menet.common_tools INFO]: 开始采集 20230516 11:40:30 批次 411 至 421 区间数据
2023-05-16 19:39:26 [menet.common_tools ERROR]: 详情页失败：https://www.chictr.org.cn/showproj.html?proj=185767 解析页面失败，代理无效，来源页面：https://www.chictr.org.cn/searchproj.html?page=386&title=&officialname=&subjectid=&regstatus=&regno=&secondaryid=&applier=&studyleader=&createyear=&sponsor=&secsponsor=&sourceofspends=&studyailment=&studyailmentcode=&studytype=&studystage=&studydesign=&recruitmentstatus=&gender=&agreetosign=&measure=&country=&province=&city=&institution=&institutionlevel=&intercode=&ethicalcommitteesanction=&whetherpublic=&minstudyexecutetime=&maxstudyexecutetime=&btngo=btn
失败原因：error：详情页内容异常，url：https://www.chictr.org.cn/showproj.html?proj=185767，err：LimitError('详情页内容异常，url：https://www.chictr.org.cn/showproj.html?proj=185767')
2023-05-16 19:45:41 [menet.common_tools ERROR]: 详情页失败：https://www.chictr.org.cn/showproj.html?proj=172613 解析页面失败，代理无效，来源页面：https://www.chictr.org.cn/searchproj.html?page=310&title=&officialname=&subjectid=&regstatus=&regno=&secondaryid=&applier=&studyleader=&createyear=&sponsor=&secsponsor=&sourceofspends=&studyailment=&studyailmentcode=&studytype=&studystage=&studydesign=&recruitmentstatus=&gender=&agreetosign=&measure=&country=&province=&city=&institution=&institutionlevel=&intercode=&ethicalcommitteesanction=&whetherpublic=&minstudyexecutetime=&maxstudyexecutetime=&btngo=btn
失败原因：error：打开滑块页面报错，err：net::ERR_TIMED_OUT at https://www.chictr.org.cn/showproj.html?proj=172613，err：CaptchaError('打开滑块页面报错，err：net::ERR_TIMED_OUT at https://www.chictr.org.cn/showproj.html?proj=172613')
2023-05-16 19:51:25 [menet.common_tools INFO]: 20230516 11:40:30 批次 301 至 311 区间采集结束，共消耗 10850.71196885 秒
2023-05-16 19:51:25 [menet.common_tools INFO]: 开始采集 20230516 11:40:30 批次 421 至 431 区间数据
2023-05-16 19:52:40 [menet.common_tools ERROR]: 详情页失败：https://www.chictr.org.cn/showproj.html?proj=170303 解析页面失败，代理无效，来源页面：https://www.chictr.org.cn/searchproj.html?page=411&title=&officialname=&subjectid=&regstatus=&regno=&secondaryid=&applier=&studyleader=&createyear=&sponsor=&secsponsor=&sourceofspends=&studyailment=&studyailmentcode=&studytype=&studystage=&studydesign=&recruitmentstatus=&gender=&agreetosign=&measure=&country=&province=&city=&institution=&institutionlevel=&intercode=&ethicalcommitteesanction=&whetherpublic=&minstudyexecutetime=&maxstudyexecutetime=&btngo=btn
失败原因：error：，err：TimeoutError()
2023-05-16 20:07:39 [menet.common_tools ERROR]: 详情页失败：https://www.chictr.org.cn/showproj.html?proj=189086 解析页面失败，代理无效，来源页面：https://www.chictr.org.cn/searchproj.html?page=395&title=&officialname=&subjectid=&regstatus=&regno=&secondaryid=&applier=&studyleader=&createyear=&sponsor=&secsponsor=&sourceofspends=&studyailment=&studyailmentcode=&studytype=&studystage=&studydesign=&recruitmentstatus=&gender=&agreetosign=&measure=&country=&province=&city=&institution=&institutionlevel=&intercode=&ethicalcommitteesanction=&whetherpublic=&minstudyexecutetime=&maxstudyexecutetime=&btngo=btn
失败原因：error：详情页内容异常，url：https://www.chictr.org.cn/showproj.html?proj=189086，err：LimitError('详情页内容异常，url：https://www.chictr.org.cn/showproj.html?proj=189086')
2023-05-16 20:11:07 [menet.common_tools ERROR]: 详情页失败：https://www.chictr.org.cn/showproj.html?proj=189182 解析页面失败，代理无效，来源页面：https://www.chictr.org.cn/searchproj.html?page=360&title=&officialname=&subjectid=&regstatus=&regno=&secondaryid=&applier=&studyleader=&createyear=&sponsor=&secsponsor=&sourceofspends=&studyailment=&studyailmentcode=&studytype=&studystage=&studydesign=&recruitmentstatus=&gender=&agreetosign=&measure=&country=&province=&city=&institution=&institutionlevel=&intercode=&ethicalcommitteesanction=&whetherpublic=&minstudyexecutetime=&maxstudyexecutetime=&btngo=btn
失败原因：error：详情页内容异常，url：https://www.chictr.org.cn/showproj.html?proj=189182，err：LimitError('详情页内容异常，url：https://www.chictr.org.cn/showproj.html?proj=189182')
2023-05-16 20:19:31 [menet.common_tools ERROR]: 详情页失败：https://www.chictr.org.cn/showproj.html?proj=162367 解析页面失败，代理无效，来源页面：https://www.chictr.org.cn/searchproj.html?page=403&title=&officialname=&subjectid=&regstatus=&regno=&secondaryid=&applier=&studyleader=&createyear=&sponsor=&secsponsor=&sourceofspends=&studyailment=&studyailmentcode=&studytype=&studystage=&studydesign=&recruitmentstatus=&gender=&agreetosign=&measure=&country=&province=&city=&institution=&institutionlevel=&intercode=&ethicalcommitteesanction=&whetherpublic=&minstudyexecutetime=&maxstudyexecutetime=&btngo=btn
失败原因：error：，err：TimeoutError()
2023-05-16 20:19:59 [menet.common_tools ERROR]: 详情页失败：https://www.chictr.org.cn/showproj.html?proj=183521 解析页面失败，代理无效，来源页面：https://www.chictr.org.cn/searchproj.html?page=412&title=&officialname=&subjectid=&regstatus=&regno=&secondaryid=&applier=&studyleader=&createyear=&sponsor=&secsponsor=&sourceofspends=&studyailment=&studyailmentcode=&studytype=&studystage=&studydesign=&recruitmentstatus=&gender=&agreetosign=&measure=&country=&province=&city=&institution=&institutionlevel=&intercode=&ethicalcommitteesanction=&whetherpublic=&minstudyexecutetime=&maxstudyexecutetime=&btngo=btn
失败原因：error：滑块解决失败，err：滑块验证后内容异常，err：CaptchaError('滑块解决失败，err：滑块验证后内容异常')
2023-05-16 20:21:58 [menet.common_tools ERROR]: 详情页失败：https://www.chictr.org.cn/showproj.html?proj=187390 解析页面失败，代理无效，来源页面：https://www.chictr.org.cn/searchproj.html?page=360&title=&officialname=&subjectid=&regstatus=&regno=&secondaryid=&applier=&studyleader=&createyear=&sponsor=&secsponsor=&sourceofspends=&studyailment=&studyailmentcode=&studytype=&studystage=&studydesign=&recruitmentstatus=&gender=&agreetosign=&measure=&country=&province=&city=&institution=&institutionlevel=&intercode=&ethicalcommitteesanction=&whetherpublic=&minstudyexecutetime=&maxstudyexecutetime=&btngo=btn
失败原因：error：详情页内容异常，url：https://www.chictr.org.cn/showproj.html?proj=187390，err：LimitError('详情页内容异常，url：https://www.chictr.org.cn/showproj.html?proj=187390')
2023-05-16 20:21:58 [menet.common_tools INFO]: 20230516 11:40:30 批次 351 至 361 区间采集结束，共消耗 10353.42068393 秒
2023-05-16 20:21:58 [menet.common_tools INFO]: 开始采集 20230516 11:40:30 批次 431 至 441 区间数据
2023-05-16 20:28:27 [menet.common_tools INFO]: 20230516 11:40:30 批次 361 至 371 区间采集结束，共消耗 10587.51649552 秒
2023-05-16 20:28:27 [menet.common_tools INFO]: 开始采集 20230516 11:40:30 批次 441 至 451 区间数据
2023-05-16 20:31:41 [menet.common_tools ERROR]: 详情页失败：https://www.chictr.org.cn/showproj.html?proj=189281 解析页面失败，代理无效，来源页面：https://www.chictr.org.cn/searchproj.html?page=350&title=&officialname=&subjectid=&regstatus=&regno=&secondaryid=&applier=&studyleader=&createyear=&sponsor=&secsponsor=&sourceofspends=&studyailment=&studyailmentcode=&studytype=&studystage=&studydesign=&recruitmentstatus=&gender=&agreetosign=&measure=&country=&province=&city=&institution=&institutionlevel=&intercode=&ethicalcommitteesanction=&whetherpublic=&minstudyexecutetime=&maxstudyexecutetime=&btngo=btn
2023-05-17 21:36:14 [menet.common_tools ERROR]: 检索页失败：https://www.chictr.org.cn/searchproj.html?page=935&title=&officialname=&subjectid=&regstatus=&regno=&secondaryid=&applier=&studyleader=&createyear=&sponsor=&secsponsor=&sourceofspends=&studyailment=&studyailmentcode=&studytype=&studystage=&studydesign=&recruitmentstatus=&gender=&agreetosign=&measure=&country=&province=&city=&institution=&institutionlevel=&intercode=&ethicalcommitteesanction=&whetherpublic=&minstudyexecutetime=&maxstudyexecutetime=&btngo=btn 解析检索页失败，代理无效
失败原因：error：检索页数据异常，切换IP重新抓取，err：LimitError('检索页数据异常，切换IP重新抓取')
2023-05-17 21:36:14 [menet.common_tools ERROR]: 20230516 11:40:30 批次当前页： https://www.chictr.org.cn/searchproj.html?page=935&title=&officialname=&subjectid=&regstatus=&regno=&secondaryid=&applier=&studyleader=&createyear=&sponsor=&secsponsor=&sourceofspends=&studyailment=&studyailmentcode=&studytype=&studystage=&studydesign=&recruitmentstatus=&gender=&agreetosign=&measure=&country=&province=&city=&institution=&institutionlevel=&intercode=&ethicalcommitteesanction=&whetherpublic=&minstudyexecutetime=&maxstudyexecutetime=&btngo=btn 处理异常，写入失败队列
2023-05-17 21:44:05 [menet.common_tools ERROR]: 详情页失败：https://www.chictr.org.cn/showproj.html?proj=173257 解析页面失败，代理无效，来源页面：https://www.chictr.org.cn/searchproj.html?page=936&title=&officialname=&subjectid=&regstatus=&regno=&secondaryid=&applier=&studyleader=&createyear=&sponsor=&secsponsor=&sourceofspends=&studyailment=&studyailmentcode=&studytype=&studystage=&studydesign=&recruitmentstatus=&gender=&agreetosign=&measure=&country=&province=&city=&institution=&institutionlevel=&intercode=&ethicalcommitteesanction=&whetherpublic=&minstudyexecutetime=&maxstudyexecutetime=&btngo=btn
失败原因：error：详情页内容异常，url：https://www.chictr.org.cn/showproj.html?proj=173257，err：LimitError('详情页内容异常，url：https://www.chictr.org.cn/showproj.html?proj=173257')
2023-05-17 21:44:10 [menet.common_tools ERROR]: 详情页失败：https://www.chictr.org.cn/showproj.html?proj=169971 解析页面失败，代理无效，来源页面：https://www.chictr.org.cn/searchproj.html?page=951&title=&officialname=&subjectid=&regstatus=&regno=&secondaryid=&applier=&studyleader=&createyear=&sponsor=&secsponsor=&sourceofspends=&studyailment=&studyailmentcode=&studytype=&studystage=&studydesign=&recruitmentstatus=&gender=&agreetosign=&measure=&country=&province=&city=&institution=&institutionlevel=&intercode=&ethicalcommitteesanction=&whetherpublic=&minstudyexecutetime=&maxstudyexecutetime=&btngo=btn
失败原因：error：详情页内容异常，url：https://www.chictr.org.cn/showproj.html?proj=169971，err：LimitError('详情页内容异常，url：https://www.chictr.org.cn/showproj.html?proj=169971')
2023-05-17 21:55:58 [menet.common_tools ERROR]: 详情页失败：https://www.chictr.org.cn/showproj.html?proj=173122 解析页面失败，代理无效，来源页面：https://www.chictr.org.cn/searchproj.html?page=942&title=&officialname=&subjectid=&regstatus=&regno=&secondaryid=&applier=&studyleader=&createyear=&sponsor=&secsponsor=&sourceofspends=&studyailment=&studyailmentcode=&studytype=&studystage=&studydesign=&recruitmentstatus=&gender=&agreetosign=&measure=&country=&province=&city=&institution=&institutionlevel=&intercode=&ethicalcommitteesanction=&whetherpublic=&minstudyexecutetime=&maxstudyexecutetime=&btngo=btn
失败原因：error：详情页内容异常，url：https://www.chictr.org.cn/showproj.html?proj=173122，err：LimitError('详情页内容异常，url：https://www.chictr.org.cn/showproj.html?proj=173122')
2023-05-17 21:58:38 [menet.common_tools ERROR]: 详情页失败：https://www.chictr.org.cn/showproj.html?proj=136889 解析页面失败，代理无效，来源页面：https://www.chictr.org.cn/searchproj.html?page=952&title=&officialname=&subjectid=&regstatus=&regno=&secondaryid=&applier=&studyleader=&createyear=&sponsor=&secsponsor=&sourceofspends=&studyailment=&studyailmentcode=&studytype=&studystage=&studydesign=&recruitmentstatus=&gender=&agreetosign=&measure=&country=&province=&city=&institution=&institutionlevel=&intercode=&ethicalcommitteesanction=&whetherpublic=&minstudyexecutetime=&maxstudyexecutetime=&btngo=btn
失败原因：error：滑块解决失败，err：Navigation Timeout Exceeded: 30000 ms exceeded.，err：CaptchaError('滑块解决失败，err：Navigation Timeout Exceeded: 30000 ms exceeded.')
2023-05-17 22:05:04 [menet.common_tools ERROR]: 详情页失败：https://www.chictr.org.cn/showproj.html?proj=174202 解析页面失败，代理无效，来源页面：https://www.chictr.org.cn/searchproj.html?page=952&title=&officialname=&subjectid=&regstatus=&regno=&secondaryid=&applier=&studyleader=&createyear=&sponsor=&secsponsor=&sourceofspends=&studyailment=&studyailmentcode=&studytype=&studystage=&studydesign=&recruitmentstatus=&gender=&agreetosign=&measure=&country=&province=&city=&institution=&institutionlevel=&intercode=&ethicalcommitteesanction=&whetherpublic=&minstudyexecutetime=&maxstudyexecutetime=&btngo=btn
失败原因：error：，err：TimeoutError()
2023-05-17 22:19:13 [menet.common_tools ERROR]: 详情页失败：https://www.chictr.org.cn/showproj.html?proj=155626 解析页面失败，代理无效，来源页面：https://www.chictr.org.cn/searchproj.html?page=943&title=&officialname=&subjectid=&regstatus=&regno=&secondaryid=&applier=&studyleader=&createyear=&sponsor=&secsponsor=&sourceofspends=&studyailment=&studyailmentcode=&studytype=&studystage=&studydesign=&recruitmentstatus=&gender=&agreetosign=&measure=&country=&province=&city=&institution=&institutionlevel=&intercode=&ethicalcommitteesanction=&whetherpublic=&minstudyexecutetime=&maxstudyexecutetime=&btngo=btn
失败原因：error：详情页内容异常，url：https://www.chictr.org.cn/showproj.html?proj=155626，err：LimitError('详情页内容异常，url：https://www.chictr.org.cn/showproj.html?proj=155626')
2023-05-17 22:21:04 [menet.common_tools INFO]: 20230516 11:40:30 批次 921 至 931 区间采集结束，共消耗 12092.33000837 秒
2023-05-17 22:21:04 [menet.common_tools INFO]: 开始采集 20230516 11:40:30 批次 961 至 971 区间数据
2023-05-17 22:22:46 [menet.common_tools ERROR]: 详情页失败：https://www.chictr.org.cn/showproj.html?proj=170195 解析页面失败，代理无效，来源页面：https://www.chictr.org.cn/searchproj.html?page=953&title=&officialname=&subjectid=&regstatus=&regno=&secondaryid=&applier=&studyleader=&createyear=&sponsor=&secsponsor=&sourceofspends=&studyailment=&studyailmentcode=&studytype=&studystage=&studydesign=&recruitmentstatus=&gender=&agreetosign=&measure=&country=&province=&city=&institution=&institutionlevel=&intercode=&ethicalcommitteesanction=&whetherpublic=&minstudyexecutetime=&maxstudyexecutetime=&btngo=btn
失败原因：error：详情页内容异常，url：https://www.chictr.org.cn/showproj.html?proj=170195，err：LimitError('详情页内容异常，url：https://www.chictr.org.cn/showproj.html?proj=170195')
2023-05-17 22:26:17 [menet.common_tools ERROR]: 详情页失败：https://www.chictr.org.cn/showproj.html?proj=173834 解析页面失败，代理无效，来源页面：https://www.chictr.org.cn/searchproj.html?page=939&title=&officialname=&subjectid=&regstatus=&regno=&secondaryid=&applier=&studyleader=&createyear=&sponsor=&secsponsor=&sourceofspends=&studyailment=&studyailmentcode=&studytype=&studystage=&studydesign=&recruitmentstatus=&gender=&agreetosign=&measure=&country=&province=&city=&institution=&institutionlevel=&intercode=&ethicalcommitteesanction=&whetherpublic=&minstudyexecutetime=&maxstudyexecutetime=&btngo=btn
失败原因：error：，err：TimeoutError()
2023-05-17 22:31:08 [menet.common_tools ERROR]: 检索页失败：https://www.chictr.org.cn/searchproj.html?page=940&title=&officialname=&subjectid=&regstatus=&regno=&secondaryid=&applier=&studyleader=&createyear=&sponsor=&secsponsor=&sourceofspends=&studyailment=&studyailmentcode=&studytype=&studystage=&studydesign=&recruitmentstatus=&gender=&agreetosign=&measure=&country=&province=&city=&institution=&institutionlevel=&intercode=&ethicalcommitteesanction=&whetherpublic=&minstudyexecutetime=&maxstudyexecutetime=&btngo=btn 解析检索页失败，代理无效
失败原因：error：检索页数据异常，切换IP重新抓取，err：LimitError('检索页数据异常，切换IP重新抓取')
2023-05-17 22:31:08 [menet.common_tools ERROR]: 20230516 11:40:30 批次当前页： https://www.chictr.org.cn/searchproj.html?page=940&title=&officialname=&subjectid=&regstatus=&regno=&secondaryid=&applier=&studyleader=&createyear=&sponsor=&secsponsor=&sourceofspends=&studyailment=&studyailmentcode=&studytype=&studystage=&studydesign=&recruitmentstatus=&gender=&agreetosign=&measure=&country=&province=&city=&institution=&institutionlevel=&intercode=&ethicalcommitteesanction=&whetherpublic=&minstudyexecutetime=&maxstudyexecutetime=&btngo=btn 处理异常，写入失败队列
2023-05-17 22:31:08 [menet.common_tools INFO]: 20230516 11:40:30 批次 931 至 941 区间采集结束，共消耗 8543.38265340 秒
2023-05-17 22:31:08 [menet.common_tools INFO]: 开始采集 20230516 11:40:30 批次 971 至 981 区间数据
2023-05-17 22:38:28 [menet.common_tools ERROR]: 检索页失败：https://www.chictr.org.cn/searchproj.html?page=962&title=&officialname=&subjectid=&regstatus=&regno=&secondaryid=&applier=&studyleader=&createyear=&sponsor=&secsponsor=&sourceofspends=&studyailment=&studyailmentcode=&studytype=&studystage=&studydesign=&recruitmentstatus=&gender=&agreetosign=&measure=&country=&province=&city=&institution=&institutionlevel=&intercode=&ethicalcommitteesanction=&whetherpublic=&minstudyexecutetime=&maxstudyexecutetime=&btngo=btn 解析检索页失败，代理无效
失败原因：error：检索页数据异常，切换IP重新抓取，err：LimitError('检索页数据异常，切换IP重新抓取')
2023-05-17 22:38:28 [menet.common_tools ERROR]: 20230516 11:40:30 批次当前页： https://www.chictr.org.cn/searchproj.html?page=962&title=&officialname=&subjectid=&regstatus=&regno=&secondaryid=&applier=&studyleader=&createyear=&sponsor=&secsponsor=&sourceofspends=&studyailment=&studyailmentcode=&studytype=&studystage=&studydesign=&recruitmentstatus=&gender=&agreetosign=&measure=&country=&province=&city=&institution=&institutionlevel=&intercode=&ethicalcommitteesanction=&whetherpublic=&minstudyexecutetime=&maxstudyexecutetime=&btngo=btn 处理异常，写入失败队列
2023-05-17 23:03:35 [menet.common_tools ERROR]: 详情页失败：https://www.chictr.org.cn/showproj.html?proj=173917 解析页面失败，代理无效，来源页面：https://www.chictr.org.cn/searchproj.html?page=965&title=&officialname=&subjectid=&regstatus=&regno=&secondaryid=&applier=&studyleader=&createyear=&sponsor=&secsponsor=&sourceofspends=&studyailment=&studyailmentcode=&studytype=&studystage=&studydesign=&recruitmentstatus=&gender=&agreetosign=&measure=&country=&province=&city=&institution=&institutionlevel=&intercode=&ethicalcommitteesanction=&whetherpublic=&minstudyexecutetime=&maxstudyexecutetime=&btngo=btn
失败原因：error：详情页内容异常，url：https://www.chictr.org.cn/showproj.html?proj=173917，err：LimitError('详情页内容异常，url：https://www.chictr.org.cn/showproj.html?proj=173917')
2023-05-17 23:03:53 [menet.common_tools ERROR]: 详情页失败：https://www.chictr.org.cn/showproj.html?proj=171626 解析页面失败，代理无效，来源页面：https://www.chictr.org.cn/searchproj.html?page=955&title=&officialname=&subjectid=&regstatus=&regno=&secondaryid=&applier=&studyleader=&createyear=&sponsor=&secsponsor=&sourceofspends=&studyailment=&studyailmentcode=&studytype=&studystage=&studydesign=&recruitmentstatus=&gender=&agreetosign=&measure=&country=&province=&city=&institution=&institutionlevel=&intercode=&ethicalcommitteesanction=&whetherpublic=&minstudyexecutetime=&maxstudyexecutetime=&btngo=btn
失败原因：error：详情页内容异常，url：https://www.chictr.org.cn/showproj.html?proj=171626，err：LimitError('详情页内容异常，url：https://www.chictr.org.cn/showproj.html?proj=171626')
2023-05-17 23:24:05 [menet.common_tools ERROR]: 详情页失败：https://www.chictr.org.cn/showproj.html?proj=173354 解析页面失败，代理无效，来源页面：https://www.chictr.org.cn/searchproj.html?page=974&title=&officialname=&subjectid=&regstatus=&regno=&secondaryid=&applier=&studyleader=&createyear=&sponsor=&secsponsor=&sourceofspends=&studyailment=&studyailmentcode=&studytype=&studystage=&studydesign=&recruitmentstatus=&gender=&agreetosign=&measure=&country=&province=&city=&institution=&institutionlevel=&intercode=&ethicalcommitteesanction=&whetherpublic=&minstudyexecutetime=&maxstudyexecutetime=&btngo=btn
失败原因：error：详情页内容异常，url：https://www.chictr.org.cn/showproj.html?proj=173354，err：LimitError('详情页内容异常，url：https://www.chictr.org.cn/showproj.html?proj=173354')
connection unexpectedly closed
Task exception was never retrieved
future: <Task finished name='Task-4685007' coro=<Connection._async_send() done, defined at /usr/local/lib/python3.8/dist-packages/pyppeteer/connection.py:69> exception=InvalidStateError('invalid state')>
Traceback (most recent call last):
  File "/usr/local/lib/python3.8/dist-packages/pyppeteer/connection.py", line 73, in _async_send
    await self.connection.send(msg)
  File "/usr/local/lib/python3.8/dist-packages/websockets/legacy/protocol.py", line 635, in send
    await self.ensure_open()
  File "/usr/local/lib/python3.8/dist-packages/websockets/legacy/protocol.py", line 944, in ensure_open
    raise self.connection_closed_exc()
websockets.exceptions.ConnectionClosedError: no close frame received or sent

During handling of the above exception, another exception occurred:

Traceback (most recent call last):
  File "/usr/local/lib/python3.8/dist-packages/pyppeteer/connection.py", line 79, in _async_send
    await self.dispose()
  File "/usr/local/lib/python3.8/dist-packages/pyppeteer/connection.py", line 170, in dispose
    await self._on_close()
  File "/usr/local/lib/python3.8/dist-packages/pyppeteer/connection.py", line 151, in _on_close
    cb.set_exception(_rewriteError(
asyncio.exceptions.InvalidStateError: invalid state
2023-05-18 00:20:05 [menet.common_tools ERROR]: 详情页失败：https://www.chictr.org.cn/showproj.html?proj=173777 解析页面失败，代理无效，来源页面：https://www.chictr.org.cn/searchproj.html?page=958&title=&officialname=&subjectid=&regstatus=&regno=&secondaryid=&applier=&studyleader=&createyear=&sponsor=&secsponsor=&sourceofspends=&studyailment=&studyailmentcode=&studytype=&studystage=&studydesign=&recruitmentstatus=&gender=&agreetosign=&measure=&country=&province=&city=&institution=&institutionlevel=&intercode=&ethicalcommitteesanction=&whetherpublic=&minstudyexecutetime=&maxstudyexecutetime=&btngo=btn
失败原因：error：详情页内容异常，url：https://www.chictr.org.cn/showproj.html?proj=173777，err：LimitError('详情页内容异常，url：https://www.chictr.org.cn/showproj.html?proj=173777')
2023-05-18 00:30:21 [menet.common_tools INFO]: 20230516 11:40:30 批次 961 至 971 区间采集结束，共消耗 7757.67087210 秒
2023-05-18 00:30:21 [menet.common_tools INFO]: 开始采集 20230516 11:40:30 批次 981 至 991 区间数据
2023-05-18 00:37:56 [menet.common_tools INFO]: 20230516 11:40:30 批次 941 至 951 区间采集结束，共消耗 13214.77982481 秒
2023-05-18 00:37:56 [menet.common_tools INFO]: 开始采集 20230516 11:40:30 批次 991 至 1001 区间数据
2023-05-18 00:38:18 [menet.common_tools ERROR]: 详情页失败：https://www.chictr.org.cn/showproj.html?proj=172673 解析页面失败，代理无效，来源页面：https://www.chictr.org.cn/searchproj.html?page=981&title=&officialname=&subjectid=&regstatus=&regno=&secondaryid=&applier=&studyleader=&createyear=&sponsor=&secsponsor=&sourceofspends=&studyailment=&studyailmentcode=&studytype=&studystage=&studydesign=&recruitmentstatus=&gender=&agreetosign=&measure=&country=&province=&city=&institution=&institutionlevel=&intercode=&ethicalcommitteesanction=&whetherpublic=&minstudyexecutetime=&maxstudyexecutetime=&btngo=btn
失败原因：error：，err：TimeoutError()
2023-05-18 00:48:39 [menet.common_tools INFO]: 20230516 11:40:30 批次 951 至 961 区间采集结束，共消耗 12286.13339814 秒
2023-05-18 00:48:39 [menet.common_tools INFO]: 开始采集 20230516 11:40:30 批次 1001 至 1011 区间数据
2023-05-18 01:14:05 [menet.common_tools INFO]: 20230516 11:40:30 批次 971 至 981 区间采集结束，共消耗 9777.34970520 秒
2023-05-18 01:14:05 [menet.common_tools INFO]: 开始采集 20230516 11:40:30 批次 1011 至 1021 区间数据
2023-05-18 01:22:48 [menet.common_tools ERROR]: 详情页失败：https://www.chictr.org.cn/showproj.html?proj=171971 解析页面失败，代理无效，来源页面：https://www.chictr.org.cn/searchproj.html?page=1003&title=&officialname=&subjectid=&regstatus=&regno=&secondaryid=&applier=&studyleader=&createyear=&sponsor=&secsponsor=&sourceofspends=&studyailment=&studyailmentcode=&studytype=&studystage=&studydesign=&recruitmentstatus=&gender=&agreetosign=&measure=&country=&province=&city=&institution=&institutionlevel=&intercode=&ethicalcommitteesanction=&whetherpublic=&minstudyexecutetime=&maxstudyexecutetime=&btngo=btn
失败原因：error：详情页内容异常，url：https://www.chictr.org.cn/showproj.html?proj=171971，err：LimitError('详情页内容异常，url：https://www.chictr.org.cn/showproj.html?proj=171971')
2023-05-18 01:39:15 [menet.common_tools ERROR]: 详情页失败：https://www.chictr.org.cn/showproj.html?proj=139412 解析页面失败，代理无效，来源页面：https://www.chictr.org.cn/searchproj.html?page=1012&title=&officialname=&subjectid=&regstatus=&regno=&secondaryid=&applier=&studyleader=&createyear=&sponsor=&secsponsor=&sourceofspends=&studyailment=&studyailmentcode=&studytype=&studystage=&studydesign=&recruitmentstatus=&gender=&agreetosign=&measure=&country=&province=&city=&institution=&institutionlevel=&intercode=&ethicalcommitteesanction=&whetherpublic=&minstudyexecutetime=&maxstudyexecutetime=&btngo=btn
失败原因：error：，err：TimeoutError()
2023-05-18 01:42:56 [menet.common_tools ERROR]: 详情页失败：https://www.chictr.org.cn/showproj.html?proj=169247 解析页面失败，代理无效，来源页面：https://www.chictr.org.cn/searchproj.html?page=1004&title=&officialname=&subjectid=&regstatus=&regno=&secondaryid=&applier=&studyleader=&createyear=&sponsor=&secsponsor=&sourceofspends=&studyailment=&studyailmentcode=&studytype=&studystage=&studydesign=&recruitmentstatus=&gender=&agreetosign=&measure=&country=&province=&city=&institution=&institutionlevel=&intercode=&ethicalcommitteesanction=&whetherpublic=&minstudyexecutetime=&maxstudyexecutetime=&btngo=btn
失败原因：error：详情页内容异常，url：https://www.chictr.org.cn/showproj.html?proj=169247，err：LimitError('详情页内容异常，url：https://www.chictr.org.cn/showproj.html?proj=169247')
2023-05-18 02:11:17 [menet.common_tools ERROR]: 详情页失败：https://www.chictr.org.cn/showproj.html?proj=172428 解析页面失败，代理无效，来源页面：https://www.chictr.org.cn/searchproj.html?page=1013&title=&officialname=&subjectid=&regstatus=&regno=&secondaryid=&applier=&studyleader=&createyear=&sponsor=&secsponsor=&sourceofspends=&studyailment=&studyailmentcode=&studytype=&studystage=&studydesign=&recruitmentstatus=&gender=&agreetosign=&measure=&country=&province=&city=&institution=&institutionlevel=&intercode=&ethicalcommitteesanction=&whetherpublic=&minstudyexecutetime=&maxstudyexecutetime=&btngo=btn
失败原因：error：详情页内容异常，url：https://www.chictr.org.cn/showproj.html?proj=172428，err：LimitError('详情页内容异常，url：https://www.chictr.org.cn/showproj.html?proj=172428')
2023-05-18 02:32:19 [menet.common_tools ERROR]: 详情页失败：https://www.chictr.org.cn/showproj.html?proj=172027 解析页面失败，代理无效，来源页面：https://www.chictr.org.cn/searchproj.html?page=987&title=&officialname=&subjectid=&regstatus=&regno=&secondaryid=&applier=&studyleader=&createyear=&sponsor=&secsponsor=&sourceofspends=&studyailment=&studyailmentcode=&studytype=&studystage=&studydesign=&recruitmentstatus=&gender=&agreetosign=&measure=&country=&province=&city=&institution=&institutionlevel=&intercode=&ethicalcommitteesanction=&whetherpublic=&minstudyexecutetime=&maxstudyexecutetime=&btngo=btn
失败原因：error：，err：TimeoutError()
2023-05-18 03:01:03 [menet.common_tools ERROR]: 详情页失败：https://www.chictr.org.cn/showproj.html?proj=172006 解析页面失败，代理无效，来源页面：https://www.chictr.org.cn/searchproj.html?page=997&title=&officialname=&subjectid=&regstatus=&regno=&secondaryid=&applier=&studyleader=&createyear=&sponsor=&secsponsor=&sourceofspends=&studyailment=&studyailmentcode=&studytype=&studystage=&studydesign=&recruitmentstatus=&gender=&agreetosign=&measure=&country=&province=&city=&institution=&institutionlevel=&intercode=&ethicalcommitteesanction=&whetherpublic=&minstudyexecutetime=&maxstudyexecutetime=&btngo=btn
失败原因：error：，err：TimeoutError()
2023-05-18 03:41:25 [menet.common_tools ERROR]: 详情页失败：https://www.chictr.org.cn/showproj.html?proj=172014 解析页面失败，代理无效，来源页面：https://www.chictr.org.cn/searchproj.html?page=1016&title=&officialname=&subjectid=&regstatus=&regno=&secondaryid=&applier=&studyleader=&createyear=&sponsor=&secsponsor=&sourceofspends=&studyailment=&studyailmentcode=&studytype=&studystage=&studydesign=&recruitmentstatus=&gender=&agreetosign=&measure=&country=&province=&city=&institution=&institutionlevel=&intercode=&ethicalcommitteesanction=&whetherpublic=&minstudyexecutetime=&maxstudyexecutetime=&btngo=btn
失败原因：error：，err：TimeoutError()
2023-05-18 03:43:52 [menet.common_tools INFO]: 20230516 11:40:30 批次 981 至 991 区间采集结束，共消耗 11610.71920333 秒
2023-05-18 03:43:52 [menet.common_tools INFO]: 开始采集 20230516 11:40:30 批次 1021 至 1031 区间数据
2023-05-18 04:02:02 [menet.common_tools INFO]: 20230516 11:40:30 批次 991 至 1001 区间采集结束，共消耗 12245.93793693 秒
2023-05-18 04:02:02 [menet.common_tools INFO]: 开始采集 20230516 11:40:30 批次 1031 至 1041 区间数据
2023-05-18 04:09:38 [menet.common_tools ERROR]: 详情页失败：https://www.chictr.org.cn/showproj.html?proj=165824 解析页面失败，代理无效，来源页面：https://www.chictr.org.cn/searchproj.html?page=1022&title=&officialname=&subjectid=&regstatus=&regno=&secondaryid=&applier=&studyleader=&createyear=&sponsor=&secsponsor=&sourceofspends=&studyailment=&studyailmentcode=&studytype=&studystage=&studydesign=&recruitmentstatus=&gender=&agreetosign=&measure=&country=&province=&city=&institution=&institutionlevel=&intercode=&ethicalcommitteesanction=&whetherpublic=&minstudyexecutetime=&maxstudyexecutetime=&btngo=btn
失败原因：error：详情页内容异常，url：https://www.chictr.org.cn/showproj.html?proj=165824，err：LimitError('详情页内容异常，url：https://www.chictr.org.cn/showproj.html?proj=165824')
2023-05-18 04:56:15 [menet.common_tools ERROR]: 详情页失败：https://www.chictr.org.cn/showproj.html?proj=172400 解析页面失败，代理无效，来源页面：https://www.chictr.org.cn/searchproj.html?page=1033&title=&officialname=&subjectid=&regstatus=&regno=&secondaryid=&applier=&studyleader=&createyear=&sponsor=&secsponsor=&sourceofspends=&studyailment=&studyailmentcode=&studytype=&studystage=&studydesign=&recruitmentstatus=&gender=&agreetosign=&measure=&country=&province=&city=&institution=&institutionlevel=&intercode=&ethicalcommitteesanction=&whetherpublic=&minstudyexecutetime=&maxstudyexecutetime=&btngo=btn
失败原因：error：Cannot connect to host 180.122.151.248:8888 ssl:default [Connect call failed ('180.122.151.248', 8888)]，err：ClientProxyConnectionError(ConnectionKey(host='180.122.151.248', port=8888, is_ssl=False, ssl=None, proxy=None, proxy_auth=None, proxy_headers_hash=None), ConnectionRefusedError(111, "Connect call failed ('180.122.151.248', 8888)"))
2023-05-18 04:58:29 [menet.common_tools INFO]: 20230516 11:40:30 批次 1011 至 1021 区间采集结束，共消耗 13463.08264957 秒
2023-05-18 04:58:29 [menet.common_tools INFO]: 开始采集 20230516 11:40:30 批次 1041 至 1051 区间数据
2023-05-18 05:04:57 [menet.common_tools ERROR]: 详情页失败：https://www.chictr.org.cn/showproj.html?proj=170535 解析页面失败，代理无效，来源页面：https://www.chictr.org.cn/searchproj.html?page=1041&title=&officialname=&subjectid=&regstatus=&regno=&secondaryid=&applier=&studyleader=&createyear=&sponsor=&secsponsor=&sourceofspends=&studyailment=&studyailmentcode=&studytype=&studystage=&studydesign=&recruitmentstatus=&gender=&agreetosign=&measure=&country=&province=&city=&institution=&institutionlevel=&intercode=&ethicalcommitteesanction=&whetherpublic=&minstudyexecutetime=&maxstudyexecutetime=&btngo=btn
失败原因：error：详情页内容异常，url：https://www.chictr.org.cn/showproj.html?proj=170535，err：LimitError('详情页内容异常，url：https://www.chictr.org.cn/showproj.html?proj=170535')
2023-05-18 05:09:43 [menet.common_tools ERROR]: 详情页失败：https://www.chictr.org.cn/showproj.html?proj=171761 解析页面失败，代理无效，来源页面：https://www.chictr.org.cn/searchproj.html?page=1034&title=&officialname=&subjectid=&regstatus=&regno=&secondaryid=&applier=&studyleader=&createyear=&sponsor=&secsponsor=&sourceofspends=&studyailment=&studyailmentcode=&studytype=&studystage=&studydesign=&recruitmentstatus=&gender=&agreetosign=&measure=&country=&province=&city=&institution=&institutionlevel=&intercode=&ethicalcommitteesanction=&whetherpublic=&minstudyexecutetime=&maxstudyexecutetime=&btngo=btn
失败原因：error：详情页内容异常，url：https://www.chictr.org.cn/showproj.html?proj=171761，err：LimitError('详情页内容异常，url：https://www.chictr.org.cn/showproj.html?proj=171761')
2023-05-18 05:14:40 [menet.common_tools ERROR]: 详情页失败：https://www.chictr.org.cn/showproj.html?proj=172605 解析页面失败，代理无效，来源页面：https://www.chictr.org.cn/searchproj.html?page=1034&title=&officialname=&subjectid=&regstatus=&regno=&secondaryid=&applier=&studyleader=&createyear=&sponsor=&secsponsor=&sourceofspends=&studyailment=&studyailmentcode=&studytype=&studystage=&studydesign=&recruitmentstatus=&gender=&agreetosign=&measure=&country=&province=&city=&institution=&institutionlevel=&intercode=&ethicalcommitteesanction=&whetherpublic=&minstudyexecutetime=&maxstudyexecutetime=&btngo=btn
失败原因：error：，err：TimeoutError()
2023-05-18 05:16:31 [menet.common_tools ERROR]: 检索页失败：https://www.chictr.org.cn/searchproj.html?page=1042&title=&officialname=&subjectid=&regstatus=&regno=&secondaryid=&applier=&studyleader=&createyear=&sponsor=&secsponsor=&sourceofspends=&studyailment=&studyailmentcode=&studytype=&studystage=&studydesign=&recruitmentstatus=&gender=&agreetosign=&measure=&country=&province=&city=&institution=&institutionlevel=&intercode=&ethicalcommitteesanction=&whetherpublic=&minstudyexecutetime=&maxstudyexecutetime=&btngo=btn 解析检索页失败，代理无效
失败原因：error：检索页数据异常，切换IP重新抓取，err：LimitError('检索页数据异常，切换IP重新抓取')
2023-05-18 05:16:31 [menet.common_tools ERROR]: 20230516 11:40:30 批次当前页： https://www.chictr.org.cn/searchproj.html?page=1042&title=&officialname=&subjectid=&regstatus=&regno=&secondaryid=&applier=&studyleader=&createyear=&sponsor=&secsponsor=&sourceofspends=&studyailment=&studyailmentcode=&studytype=&studystage=&studydesign=&recruitmentstatus=&gender=&agreetosign=&measure=&country=&province=&city=&institution=&institutionlevel=&intercode=&ethicalcommitteesanction=&whetherpublic=&minstudyexecutetime=&maxstudyexecutetime=&btngo=btn 处理异常，写入失败队列
2023-05-18 05:19:53 [menet.common_tools ERROR]: 详情页失败：https://www.chictr.org.cn/showproj.html?proj=170727 解析页面失败，代理无效，来源页面：https://www.chictr.org.cn/searchproj.html?page=1043&title=&officialname=&subjectid=&regstatus=&regno=&secondaryid=&applier=&studyleader=&createyear=&sponsor=&secsponsor=&sourceofspends=&studyailment=&studyailmentcode=&studytype=&studystage=&studydesign=&recruitmentstatus=&gender=&agreetosign=&measure=&country=&province=&city=&institution=&institutionlevel=&intercode=&ethicalcommitteesanction=&whetherpublic=&minstudyexecutetime=&maxstudyexecutetime=&btngo=btn
失败原因：error：详情页内容异常，url：https://www.chictr.org.cn/showproj.html?proj=170727，err：LimitError('详情页内容异常，url：https://www.chictr.org.cn/showproj.html?proj=170727')
2023-05-18 05:21:48 [menet.common_tools ERROR]: 详情页失败：https://www.chictr.org.cn/showproj.html?proj=170212 解析页面失败，代理无效，来源页面：https://www.chictr.org.cn/searchproj.html?page=1043&title=&officialname=&subjectid=&regstatus=&regno=&secondaryid=&applier=&studyleader=&createyear=&sponsor=&secsponsor=&sourceofspends=&studyailment=&studyailmentcode=&studytype=&studystage=&studydesign=&recruitmentstatus=&gender=&agreetosign=&measure=&country=&province=&city=&institution=&institutionlevel=&intercode=&ethicalcommitteesanction=&whetherpublic=&minstudyexecutetime=&maxstudyexecutetime=&btngo=btn
失败原因：error：打开滑块页面报错，err：net::ERR_PROXY_CONNECTION_FAILED at https://www.chictr.org.cn/showproj.html?proj=170212，err：CaptchaError('打开滑块页面报错，err：net::ERR_PROXY_CONNECTION_FAILED at https://www.chictr.org.cn/showproj.html?proj=170212')
2023-05-18 05:45:18 [menet.common_tools ERROR]: 详情页失败：https://www.chictr.org.cn/showproj.html?proj=170809 解析页面失败，代理无效，来源页面：https://www.chictr.org.cn/searchproj.html?page=1036&title=&officialname=&subjectid=&regstatus=&regno=&secondaryid=&applier=&studyleader=&createyear=&sponsor=&secsponsor=&sourceofspends=&studyailment=&studyailmentcode=&studytype=&studystage=&studydesign=&recruitmentstatus=&gender=&agreetosign=&measure=&country=&province=&city=&institution=&institutionlevel=&intercode=&ethicalcommitteesanction=&whetherpublic=&minstudyexecutetime=&maxstudyexecutetime=&btngo=btn
失败原因：error：详情页内容异常，url：https://www.chictr.org.cn/showproj.html?proj=170809，err：LimitError('详情页内容异常，url：https://www.chictr.org.cn/showproj.html?proj=170809')
2023-05-18 06:42:53 [menet.common_tools INFO]: 20230516 11:40:30 批次 1031 至 1041 区间采集结束，共消耗 9650.79792423 秒
2023-05-18 06:42:53 [menet.common_tools INFO]: 开始采集 20230516 11:40:30 批次 1051 至 1061 区间数据
2023-05-18 06:47:52 [menet.common_tools ERROR]: 详情页失败：https://www.chictr.org.cn/showproj.html?proj=169448 解析页面失败，代理无效，来源页面：https://www.chictr.org.cn/searchproj.html?page=1051&title=&officialname=&subjectid=&regstatus=&regno=&secondaryid=&applier=&studyleader=&createyear=&sponsor=&secsponsor=&sourceofspends=&studyailment=&studyailmentcode=&studytype=&studystage=&studydesign=&recruitmentstatus=&gender=&agreetosign=&measure=&country=&province=&city=&institution=&institutionlevel=&intercode=&ethicalcommitteesanction=&whetherpublic=&minstudyexecutetime=&maxstudyexecutetime=&btngo=btn
失败原因：error：Cannot connect to host www.chictr.org.cn:443 ssl:default [Connection reset by peer]，err：ClientConnectorError(ConnectionKey(host='www.chictr.org.cn', port=443, is_ssl=True, ssl=None, proxy=URL('http://180.122.149.226:8888'), proxy_auth=None, proxy_headers_hash=1866709883220284210), ConnectionResetError(104, 'Connection reset by peer'))
2023-05-18 06:54:26 [menet.common_tools INFO]: 20230516 11:40:30 批次 1041 至 1051 区间采集结束，共消耗 6957.97268371 秒
2023-05-18 06:54:27 [menet.common_tools INFO]: 开始采集 20230516 11:40:30 批次 1061 至 1071 区间数据
2023-05-18 08:28:34 [menet.common_tools ERROR]: 详情页失败：https://www.chictr.org.cn/showproj.html?proj=171733 解析页面失败，代理无效，来源页面：https://www.chictr.org.cn/searchproj.html?page=1055&title=&officialname=&subjectid=&regstatus=&regno=&secondaryid=&applier=&studyleader=&createyear=&sponsor=&secsponsor=&sourceofspends=&studyailment=&studyailmentcode=&studytype=&studystage=&studydesign=&recruitmentstatus=&gender=&agreetosign=&measure=&country=&province=&city=&institution=&institutionlevel=&intercode=&ethicalcommitteesanction=&whetherpublic=&minstudyexecutetime=&maxstudyexecutetime=&btngo=btn
失败原因：error：详情页内容异常，url：https://www.chictr.org.cn/showproj.html?proj=171733，err：LimitError('详情页内容异常，url：https://www.chictr.org.cn/showproj.html?proj=171733')
2023-05-18 08:35:44 [menet.common_tools ERROR]: 详情页失败：https://www.chictr.org.cn/showproj.html?proj=171628 解析页面失败，代理无效，来源页面：https://www.chictr.org.cn/searchproj.html?page=1067&title=&officialname=&subjectid=&regstatus=&regno=&secondaryid=&applier=&studyleader=&createyear=&sponsor=&secsponsor=&sourceofspends=&studyailment=&studyailmentcode=&studytype=&studystage=&studydesign=&recruitmentstatus=&gender=&agreetosign=&measure=&country=&province=&city=&institution=&institutionlevel=&intercode=&ethicalcommitteesanction=&whetherpublic=&minstudyexecutetime=&maxstudyexecutetime=&btngo=btn
失败原因：error：滑块解决失败，err：滑块验证后内容异常，err：CaptchaError('滑块解决失败，err：滑块验证后内容异常')
2023-05-18 08:42:42 [menet.common_tools ERROR]: 详情页失败：https://www.chictr.org.cn/showproj.html?proj=167227 解析页面失败，代理无效，来源页面：https://www.chictr.org.cn/searchproj.html?page=1056&title=&officialname=&subjectid=&regstatus=&regno=&secondaryid=&applier=&studyleader=&createyear=&sponsor=&secsponsor=&sourceofspends=&studyailment=&studyailmentcode=&studytype=&studystage=&studydesign=&recruitmentstatus=&gender=&agreetosign=&measure=&country=&province=&city=&institution=&institutionlevel=&intercode=&ethicalcommitteesanction=&whetherpublic=&minstudyexecutetime=&maxstudyexecutetime=&btngo=btn
失败原因：error：详情页内容异常，url：https://www.chictr.org.cn/showproj.html?proj=167227，err：LimitError('详情页内容异常，url：https://www.chictr.org.cn/showproj.html?proj=167227')
2023-05-18 09:22:14 [menet.common_tools INFO]: 20230516 11:40:30 批次 1061 至 1071 区间采集结束，共消耗 8867.93365740 秒
2023-05-18 09:22:14 [menet.common_tools INFO]: 开始采集 20230516 11:40:30 批次 1071 至 1081 区间数据
2023-05-18 09:25:26 [menet.common_tools ERROR]: 详情页失败：https://www.chictr.org.cn/showproj.html?proj=166026 解析页面失败，代理无效，来源页面：https://www.chictr.org.cn/searchproj.html?page=1060&title=&officialname=&subjectid=&regstatus=&regno=&secondaryid=&applier=&studyleader=&createyear=&sponsor=&secsponsor=&sourceofspends=&studyailment=&studyailmentcode=&studytype=&studystage=&studydesign=&recruitmentstatus=&gender=&agreetosign=&measure=&country=&province=&city=&institution=&institutionlevel=&intercode=&ethicalcommitteesanction=&whetherpublic=&minstudyexecutetime=&maxstudyexecutetime=&btngo=btn
失败原因：error：详情页内容异常，url：https://www.chictr.org.cn/showproj.html?proj=166026，err：LimitError('详情页内容异常，url：https://www.chictr.org.cn/showproj.html?proj=166026')